{"numFailedTestSuites":0,"numFailedTests":0,"numPassedTestSuites":29,"numPassedTests":178,"numPendingTestSuites":0,"numPendingTests":0,"numRuntimeErrorTestSuites":0,"numTodoTests":0,"numTotalTestSuites":29,"numTotalTests":178,"openHandles":[],"snapshot":{"added":0,"didUpdate":false,"failure":false,"filesAdded":0,"filesRemoved":0,"filesRemovedList":[],"filesUnmatched":0,"filesUpdated":0,"matched":0,"total":0,"unchecked":0,"uncheckedKeysByFile":[],"unmatched":0,"updated":0},"startTime":1785719936544,"success":true,"testResults":[{"assertionResults":[{"ancestorTitles":["AuthService - Token Rotation","generateRefreshToken"],"duration":23,"failureDetails":[],"failureMessages":[],"fullName":"AuthService - Token Rotation generateRefreshToken should generate a refresh token with family ID","invocations":1,"location":null,"numPassingAsserts":5,"retryReasons":[],"status":"passed","title":"should generate a refresh token with family ID"},{"ancestorTitles":["AuthService - Token Rotation","generateRefreshToken"],"duration":5,"failureDetails":[],"failureMessages":[],"fullName":"AuthService - Token Rotation generateRefreshToken should generate a new family ID when not provided","invocations":1,"location":null,"numPassingAsserts":3,"retryReasons":[],"status":"passed","title":"should generate a new family ID when not provided"},{"ancestorTitles":["AuthService - Token Rotation","generateRefreshToken"],"duration":4,"failureDetails":[],"failureMessages":[],"fullName":"AuthService - Token Rotation generateRefreshToken should include session context when provided","invocations":1,"location":null,"numPassingAsserts":2,"retryReasons":[],"status":"passed","title":"should include session context when provided"},{"ancestorTitles":["AuthService - Token Rotation","generateRefreshToken"],"duration":7,"failureDetails":[],"failureMessages":[],"fullName":"AuthService - Token Rotation generateRefreshToken should set expiration date based on config","invocations":1,"location":null,"numPassingAsserts":2,"retryReasons":[],"status":"passed","title":"should set expiration date based on config"},{"ancestorTitles":["AuthService - Token Rotation","extractRefreshToken"],"duration":11,"failureDetails":[],"failureMessages":[],"fullName":"AuthService - Token Rotation extractRefreshToken should extract token from cookie when present","invocations":1,"location":null,"numPassingAsserts":1,"retryReasons":[],"status":"passed","title":"should extract token from cookie when present"},{"ancestorTitles":["AuthService - Token Rotation","extractRefreshToken"],"duration":2,"failureDetails":[],"failureMessages":[],"fullName":"AuthService - Token Rotation extractRefreshToken should extract token from signedCookies when present","invocations":1,"location":null,"numPassingAsserts":1,"retryReasons":[],"status":"passed","title":"should extract token from signedCookies when present"},{"ancestorTitles":["AuthService - Token Rotation","extractRefreshToken"],"duration":2,"failureDetails":[],"failureMessages":[],"fullName":"AuthService - Token Rotation extractRefreshToken should prefer regular cookies over signedCookies","invocations":1,"location":null,"numPassingAsserts":1,"retryReasons":[],"status":"passed","title":"should prefer regular cookies over signedCookies"},{"ancestorTitles":["AuthService - Token Rotation","extractRefreshToken"],"duration":2,"failureDetails":[],"failureMessages":[],"fullName":"AuthService - Token Rotation extractRefreshToken should return fallback when provided","invocations":1,"location":null,"numPassingAsserts":1,"retryReasons":[],"status":"passed","title":"should return fallback when provided"},{"ancestorTitles":["AuthService - Token Rotation","extractRefreshToken"],"duration":3,"failureDetails":[],"failureMessages":[],"fullName":"AuthService - Token Rotation extractRefreshToken should return null when no token is present","invocations":1,"location":null,"numPassingAsserts":1,"retryReasons":[],"status":"passed","title":"should return null when no token is present"}],"endTime":1785719939510,"message":"","name":"/home/ubuntu/repos/.worktrees/com.lotto.service.sso-player/sso-jwt-issuer-audience/src/modules/auth/services/auth.service.rotation.spec.ts","startTime":1785719936799,"status":"passed","summary":""},{"assertionResults":[{"ancestorTitles":["PermissionGuard","canActivate"],"duration":4,"failureDetails":[],"failureMessages":[],"fullName":"PermissionGuard canActivate should return true when the route is public","invocations":1,"location":null,"numPassingAsserts":1,"retryReasons":[],"status":"passed","title":"should return true when the route is public"},{"ancestorTitles":["PermissionGuard","canActivate"],"duration":1,"failureDetails":[],"failureMessages":[],"fullName":"PermissionGuard canActivate should return true when no permissions are required","invocations":1,"location":null,"numPassingAsserts":1,"retryReasons":[],"status":"passed","title":"should return true when no permissions are required"},{"ancestorTitles":["PermissionGuard","canActivate"],"duration":18,"failureDetails":[],"failureMessages":[],"fullName":"PermissionGuard canActivate should throw ForbiddenException when the request has no user","invocations":1,"location":null,"numPassingAsserts":2,"retryReasons":[],"status":"passed","title":"should throw ForbiddenException when the request has no user"},{"ancestorTitles":["PermissionGuard","canActivate"],"duration":3,"failureDetails":[],"failureMessages":[],"fullName":"PermissionGuard canActivate should throw ForbiddenException when the user has no permissions array","invocations":1,"location":null,"numPassingAsserts":2,"retryReasons":[],"status":"passed","title":"should throw ForbiddenException when the user has no permissions array"},{"ancestorTitles":["PermissionGuard","canActivate"],"duration":3,"failureDetails":[],"failureMessages":[],"fullName":"PermissionGuard canActivate should throw ForbiddenException when a required permission is missing","invocations":1,"location":null,"numPassingAsserts":2,"retryReasons":[],"status":"passed","title":"should throw ForbiddenException when a required permission is missing"},{"ancestorTitles":["PermissionGuard","canActivate"],"duration":2,"failureDetails":[],"failureMessages":[],"fullName":"PermissionGuard canActivate should return true when the user has every required permission","invocations":1,"location":null,"numPassingAsserts":1,"retryReasons":[],"status":"passed","title":"should return true when the user has every required permission"},{"ancestorTitles":["PermissionGuard","canActivate"],"duration":2,"failureDetails":[],"failureMessages":[],"fullName":"PermissionGuard canActivate should fall back to an unknown correlation id when the request has none","invocations":1,"location":null,"numPassingAsserts":1,"retryReasons":[],"status":"passed","title":"should fall back to an unknown correlation id when the request has none"}],"endTime":1785719939798,"message":"","name":"/home/ubuntu/repos/.worktrees/com.lotto.service.sso-player/sso-jwt-issuer-audience/src/modules/auth/guards/permission.guard.spec.ts","startTime":1785719939546,"status":"passed","summary":""},{"assertionResults":[{"ancestorTitles":["AuthService - register & login","register"],"duration":85,"failureDetails":[],"failureMessages":[],"fullName":"AuthService - register & login register creates a player, persists it and issues tokens (auto-login)","invocations":1,"location":null,"numPassingAsserts":7,"retryReasons":[],"status":"passed","title":"creates a player, persists it and issues tokens (auto-login)"},{"ancestorTitles":["AuthService - register & login","register"],"duration":7,"failureDetails":[],"failureMessages":[],"fullName":"AuthService - register & login register rejects a duplicate phone with ConflictException (409)","invocations":1,"location":null,"numPassingAsserts":2,"retryReasons":[],"status":"passed","title":"rejects a duplicate phone with ConflictException (409)"},{"ancestorTitles":["AuthService - register & login","register"],"duration":12,"failureDetails":[],"failureMessages":[],"fullName":"AuthService - register & login register refuses a value that is not a Venezuelan mobile","invocations":1,"location":null,"numPassingAsserts":2,"retryReasons":[],"status":"passed","title":"refuses a value that is not a Venezuelan mobile"},{"ancestorTitles":["AuthService - register & login","register"],"duration":4,"failureDetails":[],"failureMessages":[],"fullName":"AuthService - register & login register treats every spelling of one phone as the same account","invocations":1,"location":null,"numPassingAsserts":3,"retryReasons":[],"status":"passed","title":"treats every spelling of one phone as the same account"},{"ancestorTitles":["AuthService - register & login","login"],"duration":69,"failureDetails":[],"failureMessages":[],"fullName":"AuthService - register & login login authenticates a player with valid phone + password","invocations":1,"location":null,"numPassingAsserts":3,"retryReasons":[],"status":"passed","title":"authenticates a player with valid phone + password"},{"ancestorTitles":["AuthService - register & login","login"],"duration":3,"failureDetails":[],"failureMessages":[],"fullName":"AuthService - register & login login rejects an unknown phone","invocations":1,"location":null,"numPassingAsserts":1,"retryReasons":[],"status":"passed","title":"rejects an unknown phone"},{"ancestorTitles":["AuthService - register & login","login"],"duration":62,"failureDetails":[],"failureMessages":[],"fullName":"AuthService - register & login login rejects a wrong password","invocations":1,"location":null,"numPassingAsserts":1,"retryReasons":[],"status":"passed","title":"rejects a wrong password"},{"ancestorTitles":["AuthService - register & login","login"],"duration":3,"failureDetails":[],"failureMessages":[],"fullName":"AuthService - register & login login rejects a blocked player","invocations":1,"location":null,"numPassingAsserts":1,"retryReasons":[],"status":"passed","title":"rejects a blocked player"},{"ancestorTitles":["AuthService - register & login","extractRefreshToken"],"duration":3,"failureDetails":[],"failureMessages":[],"fullName":"AuthService - register & login extractRefreshToken prefers an explicit fallback over the cookie","invocations":1,"location":null,"numPassingAsserts":1,"retryReasons":[],"status":"passed","title":"prefers an explicit fallback over the cookie"},{"ancestorTitles":["AuthService - register & login","extractRefreshToken"],"duration":2,"failureDetails":[],"failureMessages":[],"fullName":"AuthService - register & login extractRefreshToken reads the session cookie","invocations":1,"location":null,"numPassingAsserts":1,"retryReasons":[],"status":"passed","title":"reads the session cookie"},{"ancestorTitles":["AuthService - register & login","extractRefreshToken"],"duration":3,"failureDetails":[],"failureMessages":[],"fullName":"AuthService - register & login extractRefreshToken falls back to the signed cookie","invocations":1,"location":null,"numPassingAsserts":1,"retryReasons":[],"status":"passed","title":"falls back to the signed cookie"},{"ancestorTitles":["AuthService - register & login","extractRefreshToken"],"duration":2,"failureDetails":[],"failureMessages":[],"fullName":"AuthService - register & login extractRefreshToken returns null when there is no usable token anywhere","invocations":1,"location":null,"numPassingAsserts":2,"retryReasons":[],"status":"passed","title":"returns null when there is no usable token anywhere"},{"ancestorTitles":["AuthService - register & login","browser access token cookie"],"duration":3,"failureDetails":[],"failureMessages":[],"fullName":"AuthService - register & login browser access token cookie sets a short-lived HttpOnly cookie using the JWT expiry","invocations":1,"location":null,"numPassingAsserts":2,"retryReasons":[],"status":"passed","title":"sets a short-lived HttpOnly cookie using the JWT expiry"},{"ancestorTitles":["AuthService - register & login","browser access token cookie"],"duration":4,"failureDetails":[],"failureMessages":[],"fullName":"AuthService - register & login browser access token cookie falls back to a bounded expiry and clears the access cookie","invocations":1,"location":null,"numPassingAsserts":2,"retryReasons":[],"status":"passed","title":"falls back to a bounded expiry and clears the access cookie"},{"ancestorTitles":["AuthService - register & login","resolveRedirectUri"],"duration":2,"failureDetails":[],"failureMessages":[],"fullName":"AuthService - register & login resolveRedirectUri returns null when no redirect is requested","invocations":1,"location":null,"numPassingAsserts":1,"retryReasons":[],"status":"passed","title":"returns null when no redirect is requested"},{"ancestorTitles":["AuthService - register & login","resolveRedirectUri"],"duration":44,"failureDetails":[],"failureMessages":[],"fullName":"AuthService - register & login resolveRedirectUri rejects a value that is not an absolute URL","invocations":1,"location":null,"numPassingAsserts":1,"retryReasons":[],"status":"passed","title":"rejects a value that is not an absolute URL"},{"ancestorTitles":["AuthService - register & login","resolveRedirectUri"],"duration":3,"failureDetails":[],"failureMessages":[],"fullName":"AuthService - register & login resolveRedirectUri rejects a URL outside the whitelist","invocations":1,"location":null,"numPassingAsserts":1,"retryReasons":[],"status":"passed","title":"rejects a URL outside the whitelist"},{"ancestorTitles":["AuthService - register & login","resolveRedirectUri"],"duration":3,"failureDetails":[],"failureMessages":[],"fullName":"AuthService - register & login resolveRedirectUri returns a whitelisted URL with the state attached","invocations":1,"location":null,"numPassingAsserts":1,"retryReasons":[],"status":"passed","title":"returns a whitelisted URL with the state attached"}],"endTime":1785719939883,"message":"","name":"/home/ubuntu/repos/.worktrees/com.lotto.service.sso-player/sso-jwt-issuer-audience/src/modules/auth/services/auth.service.spec.ts","startTime":1785719936882,"status":"passed","summary":""},{"assertionResults":[{"ancestorTitles":["AuthController","register"],"duration":10,"failureDetails":[],"failureMessages":[],"fullName":"AuthController register attaches the session cookie and returns the session summary","invocations":1,"location":null,"numPassingAsserts":3,"retryReasons":[],"status":"passed","title":"attaches the session cookie and returns the session summary"},{"ancestorTitles":["AuthController","register"],"duration":25,"failureDetails":[],"failureMessages":[],"fullName":"AuthController register re-throws the domain ConflictException instead of masking it as 401","invocations":1,"location":null,"numPassingAsserts":1,"retryReasons":[],"status":"passed","title":"re-throws the domain ConflictException instead of masking it as 401"},{"ancestorTitles":["AuthController","register"],"duration":1,"failureDetails":[],"failureMessages":[],"fullName":"AuthController register re-throws a domain BadRequestException (invalid phone) as-is","invocations":1,"location":null,"numPassingAsserts":1,"retryReasons":[],"status":"passed","title":"re-throws a domain BadRequestException (invalid phone) as-is"},{"ancestorTitles":["AuthController","register"],"duration":1,"failureDetails":[],"failureMessages":[],"fullName":"AuthController register maps an unexpected failure to 401","invocations":1,"location":null,"numPassingAsserts":1,"retryReasons":[],"status":"passed","title":"maps an unexpected failure to 401"},{"ancestorTitles":["AuthController","login"],"duration":2,"failureDetails":[],"failureMessages":[],"fullName":"AuthController login returns tokens in the body for desktop clients only","invocations":1,"location":null,"numPassingAsserts":3,"retryReasons":[],"status":"passed","title":"returns tokens in the body for desktop clients only"},{"ancestorTitles":["AuthController","login"],"duration":1,"failureDetails":[],"failureMessages":[],"fullName":"AuthController login validates redirect_uri but does not fail the login when it is rejected","invocations":1,"location":null,"numPassingAsserts":3,"retryReasons":[],"status":"passed","title":"validates redirect_uri but does not fail the login when it is rejected"},{"ancestorTitles":["AuthController","login"],"duration":1,"failureDetails":[],"failureMessages":[],"fullName":"AuthController login maps an authentication failure to 401","invocations":1,"location":null,"numPassingAsserts":1,"retryReasons":[],"status":"passed","title":"maps an authentication failure to 401"},{"ancestorTitles":["AuthController","session"],"duration":0,"failureDetails":[],"failureMessages":[],"fullName":"AuthController session rejects when no refresh token can be extracted","invocations":1,"location":null,"numPassingAsserts":1,"retryReasons":[],"status":"passed","title":"rejects when no refresh token can be extracted"},{"ancestorTitles":["AuthController","session"],"duration":2,"failureDetails":[],"failureMessages":[],"fullName":"AuthController session renews the session and re-attaches the cookie","invocations":1,"location":null,"numPassingAsserts":3,"retryReasons":[],"status":"passed","title":"renews the session and re-attaches the cookie"},{"ancestorTitles":["AuthController","session"],"duration":1,"failureDetails":[],"failureMessages":[],"fullName":"AuthController session wraps an unexpected renewal failure as 401","invocations":1,"location":null,"numPassingAsserts":1,"retryReasons":[],"status":"passed","title":"wraps an unexpected renewal failure as 401"},{"ancestorTitles":["AuthController","logout"],"duration":1,"failureDetails":[],"failureMessages":[],"fullName":"AuthController logout revokes the extracted refresh token and always clears the cookie","invocations":1,"location":null,"numPassingAsserts":3,"retryReasons":[],"status":"passed","title":"revokes the extracted refresh token and always clears the cookie"},{"ancestorTitles":["AuthController","logout"],"duration":1,"failureDetails":[],"failureMessages":[],"fullName":"AuthController logout clears the cookie even when revocation fails","invocations":1,"location":null,"numPassingAsserts":3,"retryReasons":[],"status":"passed","title":"clears the cookie even when revocation fails"}],"endTime":1785719939979,"message":"","name":"/home/ubuntu/repos/.worktrees/com.lotto.service.sso-player/sso-jwt-issuer-audience/src/modules/auth/controller/auth.controller.spec.ts","startTime":1785719936791,"status":"passed","summary":""},{"assertionResults":[{"ancestorTitles":["CorsMiddleware"],"duration":3,"failureDetails":[],"failureMessages":[],"fullName":"CorsMiddleware should echo an allowed exact origin and allow credentials","invocations":1,"location":null,"numPassingAsserts":4,"retryReasons":[],"status":"passed","title":"should echo an allowed exact origin and allow credentials"},{"ancestorTitles":["CorsMiddleware"],"duration":1,"failureDetails":[],"failureMessages":[],"fullName":"CorsMiddleware should allow an origin matching a wildcard subdomain entry","invocations":1,"location":null,"numPassingAsserts":2,"retryReasons":[],"status":"passed","title":"should allow an origin matching a wildcard subdomain entry"},{"ancestorTitles":["CorsMiddleware"],"duration":1,"failureDetails":[],"failureMessages":[],"fullName":"CorsMiddleware should not set an allow-origin header for a disallowed origin without fallback","invocations":1,"location":null,"numPassingAsserts":2,"retryReasons":[],"status":"passed","title":"should not set an allow-origin header for a disallowed origin without fallback"},{"ancestorTitles":["CorsMiddleware"],"duration":0,"failureDetails":[],"failureMessages":[],"fullName":"CorsMiddleware should use the fallback origin for a disallowed origin when configured","invocations":1,"location":null,"numPassingAsserts":2,"retryReasons":[],"status":"passed","title":"should use the fallback origin for a disallowed origin when configured"},{"ancestorTitles":["CorsMiddleware"],"duration":1,"failureDetails":[],"failureMessages":[],"fullName":"CorsMiddleware should answer with a wildcard origin when no origin header is present and * is allowed","invocations":1,"location":null,"numPassingAsserts":2,"retryReasons":[],"status":"passed","title":"should answer with a wildcard origin when no origin header is present and * is allowed"},{"ancestorTitles":["CorsMiddleware"],"duration":1,"failureDetails":[],"failureMessages":[],"fullName":"CorsMiddleware should echo the request origin when * is allowed and an origin is present","invocations":1,"location":null,"numPassingAsserts":1,"retryReasons":[],"status":"passed","title":"should echo the request origin when * is allowed and an origin is present"},{"ancestorTitles":["CorsMiddleware"],"duration":1,"failureDetails":[],"failureMessages":[],"fullName":"CorsMiddleware should answer OPTIONS preflights with 204 and not call next","invocations":1,"location":null,"numPassingAsserts":2,"retryReasons":[],"status":"passed","title":"should answer OPTIONS preflights with 204 and not call next"}],"endTime":1785719940094,"message":"","name":"/home/ubuntu/repos/.worktrees/com.lotto.service.sso-player/sso-jwt-issuer-audience/src/middleware/cors.middleware.spec.ts","startTime":1785719939803,"status":"passed","summary":""},{"assertionResults":[{"ancestorTitles":["env.config","getCookieSecret"],"duration":1,"failureDetails":[],"failureMessages":[],"fullName":"env.config getCookieSecret should return undefined when COOKIE_SECRET is not set","invocations":1,"location":null,"numPassingAsserts":1,"retryReasons":[],"status":"passed","title":"should return undefined when COOKIE_SECRET is not set"},{"ancestorTitles":["env.config","getCookieSecret"],"duration":1,"failureDetails":[],"failureMessages":[],"fullName":"env.config getCookieSecret should return the configured value verbatim","invocations":1,"location":null,"numPassingAsserts":1,"retryReasons":[],"status":"passed","title":"should return the configured value verbatim"},{"ancestorTitles":["env.config","getAppPort"],"duration":1,"failureDetails":[],"failureMessages":[],"fullName":"env.config getAppPort should fall back to 3000 when APP_PORT is not set","invocations":1,"location":null,"numPassingAsserts":1,"retryReasons":[],"status":"passed","title":"should fall back to 3000 when APP_PORT is not set"},{"ancestorTitles":["env.config","getAppPort"],"duration":0,"failureDetails":[],"failureMessages":[],"fullName":"env.config getAppPort should fall back to 3000 when APP_PORT is empty","invocations":1,"location":null,"numPassingAsserts":1,"retryReasons":[],"status":"passed","title":"should fall back to 3000 when APP_PORT is empty"},{"ancestorTitles":["env.config","getAppPort"],"duration":1,"failureDetails":[],"failureMessages":[],"fullName":"env.config getAppPort should return the configured port","invocations":1,"location":null,"numPassingAsserts":1,"retryReasons":[],"status":"passed","title":"should return the configured port"},{"ancestorTitles":["env.config","getAppName"],"duration":1,"failureDetails":[],"failureMessages":[],"fullName":"env.config getAppName should return undefined when APP_NAME is not set","invocations":1,"location":null,"numPassingAsserts":1,"retryReasons":[],"status":"passed","title":"should return undefined when APP_NAME is not set"},{"ancestorTitles":["env.config","getAppName"],"duration":0,"failureDetails":[],"failureMessages":[],"fullName":"env.config getAppName should return the configured value","invocations":1,"location":null,"numPassingAsserts":1,"retryReasons":[],"status":"passed","title":"should return the configured value"},{"ancestorTitles":["env.config","getThrottleTtlSeconds"],"duration":1,"failureDetails":[],"failureMessages":[],"fullName":"env.config getThrottleTtlSeconds should fall back to 60 when THROTTLE_TTL_SECONDS is not set","invocations":1,"location":null,"numPassingAsserts":1,"retryReasons":[],"status":"passed","title":"should fall back to 60 when THROTTLE_TTL_SECONDS is not set"},{"ancestorTitles":["env.config","getThrottleTtlSeconds"],"duration":1,"failureDetails":[],"failureMessages":[],"fullName":"env.config getThrottleTtlSeconds should fall back to 60 when THROTTLE_TTL_SECONDS is empty","invocations":1,"location":null,"numPassingAsserts":1,"retryReasons":[],"status":"passed","title":"should fall back to 60 when THROTTLE_TTL_SECONDS is empty"},{"ancestorTitles":["env.config","getThrottleTtlSeconds"],"duration":0,"failureDetails":[],"failureMessages":[],"fullName":"env.config getThrottleTtlSeconds should return the configured value","invocations":1,"location":null,"numPassingAsserts":1,"retryReasons":[],"status":"passed","title":"should return the configured value"},{"ancestorTitles":["env.config","getThrottleLimit"],"duration":1,"failureDetails":[],"failureMessages":[],"fullName":"env.config getThrottleLimit should fall back to 10 when THROTTLE_LIMIT is not set","invocations":1,"location":null,"numPassingAsserts":1,"retryReasons":[],"status":"passed","title":"should fall back to 10 when THROTTLE_LIMIT is not set"},{"ancestorTitles":["env.config","getThrottleLimit"],"duration":0,"failureDetails":[],"failureMessages":[],"fullName":"env.config getThrottleLimit should fall back to 10 when THROTTLE_LIMIT is empty","invocations":1,"location":null,"numPassingAsserts":1,"retryReasons":[],"status":"passed","title":"should fall back to 10 when THROTTLE_LIMIT is empty"},{"ancestorTitles":["env.config","getThrottleLimit"],"duration":0,"failureDetails":[],"failureMessages":[],"fullName":"env.config getThrottleLimit should return the configured value","invocations":1,"location":null,"numPassingAsserts":1,"retryReasons":[],"status":"passed","title":"should return the configured value"},{"ancestorTitles":["env.config","getJwtSecret"],"duration":1,"failureDetails":[],"failureMessages":[],"fullName":"env.config getJwtSecret should return undefined when JWT_SECRET is not set","invocations":1,"location":null,"numPassingAsserts":1,"retryReasons":[],"status":"passed","title":"should return undefined when JWT_SECRET is not set"},{"ancestorTitles":["env.config","getJwtSecret"],"duration":0,"failureDetails":[],"failureMessages":[],"fullName":"env.config getJwtSecret should return the configured value verbatim","invocations":1,"location":null,"numPassingAsserts":1,"retryReasons":[],"status":"passed","title":"should return the configured value verbatim"},{"ancestorTitles":["env.config","getAllowedOrigins"],"duration":1,"failureDetails":[],"failureMessages":[],"fullName":"env.config getAllowedOrigins should return an empty list when ALLOWED_ORIGINS is not set","invocations":1,"location":null,"numPassingAsserts":1,"retryReasons":[],"status":"passed","title":"should return an empty list when ALLOWED_ORIGINS is not set"},{"ancestorTitles":["env.config","getAllowedOrigins"],"duration":1,"failureDetails":[],"failureMessages":[],"fullName":"env.config getAllowedOrigins should split on commas, trim entries and drop empties","invocations":1,"location":null,"numPassingAsserts":1,"retryReasons":[],"status":"passed","title":"should split on commas, trim entries and drop empties"},{"ancestorTitles":["env.config","getCorsFallbackOrigin"],"duration":1,"failureDetails":[],"failureMessages":[],"fullName":"env.config getCorsFallbackOrigin should return an empty string when CORS_FALLBACK_ORIGIN is not set","invocations":1,"location":null,"numPassingAsserts":1,"retryReasons":[],"status":"passed","title":"should return an empty string when CORS_FALLBACK_ORIGIN is not set"},{"ancestorTitles":["env.config","getCorsFallbackOrigin"],"duration":0,"failureDetails":[],"failureMessages":[],"fullName":"env.config getCorsFallbackOrigin should return the configured value","invocations":1,"location":null,"numPassingAsserts":1,"retryReasons":[],"status":"passed","title":"should return the configured value"}],"endTime":1785719940160,"message":"","name":"/home/ubuntu/repos/.worktrees/com.lotto.service.sso-player/sso-jwt-issuer-audience/src/config/env.config.spec.ts","startTime":1785719939930,"status":"passed","summary":""},{"assertionResults":[{"ancestorTitles":["HttpExceptionFilter"],"duration":2,"failureDetails":[],"failureMessages":[],"fullName":"HttpExceptionFilter maps validation-error arrays to the first message with validation_errors","invocations":1,"location":null,"numPassingAsserts":2,"retryReasons":[],"status":"passed","title":"maps validation-error arrays to the first message with validation_errors"},{"ancestorTitles":["HttpExceptionFilter"],"duration":1,"failureDetails":[],"failureMessages":[],"fullName":"HttpExceptionFilter defaults the error label for validation arrays without an error field","invocations":1,"location":null,"numPassingAsserts":1,"retryReasons":[],"status":"passed","title":"defaults the error label for validation arrays without an error field"},{"ancestorTitles":["HttpExceptionFilter"],"duration":7,"failureDetails":[],"failureMessages":[],"fullName":"HttpExceptionFilter maps object responses with a message, merging custom meta","invocations":1,"location":null,"numPassingAsserts":2,"retryReasons":[],"status":"passed","title":"maps object responses with a message, merging custom meta"},{"ancestorTitles":["HttpExceptionFilter"],"duration":1,"failureDetails":[],"failureMessages":[],"fullName":"HttpExceptionFilter maps string responses to the fallback shape with the exception name","invocations":1,"location":null,"numPassingAsserts":2,"retryReasons":[],"status":"passed","title":"maps string responses to the fallback shape with the exception name"},{"ancestorTitles":["HttpExceptionFilter"],"duration":1,"failureDetails":[],"failureMessages":[],"fullName":"HttpExceptionFilter maps non-HTTP exceptions to a 500 fallback","invocations":1,"location":null,"numPassingAsserts":2,"retryReasons":[],"status":"passed","title":"maps non-HTTP exceptions to a 500 fallback"},{"ancestorTitles":["HttpExceptionFilter"],"duration":1,"failureDetails":[],"failureMessages":[],"fullName":"HttpExceptionFilter uses the fallback shape for object responses without a message","invocations":1,"location":null,"numPassingAsserts":2,"retryReasons":[],"status":"passed","title":"uses the fallback shape for object responses without a message"}],"endTime":1785719940471,"message":"","name":"/home/ubuntu/repos/.worktrees/com.lotto.service.sso-player/sso-jwt-issuer-audience/src/core/filters/http.exception.filters.spec.ts","startTime":1785719940085,"status":"passed","summary":""},{"assertionResults":[{"ancestorTitles":["JwtAuthGuard","canActivate"],"duration":5,"failureDetails":[],"failureMessages":[],"fullName":"JwtAuthGuard canActivate should return true when the route is public","invocations":1,"location":null,"numPassingAsserts":1,"retryReasons":[],"status":"passed","title":"should return true when the route is public"},{"ancestorTitles":["JwtAuthGuard","handleRequest"],"duration":2,"failureDetails":[],"failureMessages":[],"fullName":"JwtAuthGuard handleRequest should return the user when authentication succeeded","invocations":1,"location":null,"numPassingAsserts":2,"retryReasons":[],"status":"passed","title":"should return the user when authentication succeeded"},{"ancestorTitles":["JwtAuthGuard","handleRequest"],"duration":13,"failureDetails":[],"failureMessages":[],"fullName":"JwtAuthGuard handleRequest should throw UnauthorizedException when passport reports an error","invocations":1,"location":null,"numPassingAsserts":2,"retryReasons":[],"status":"passed","title":"should throw UnauthorizedException when passport reports an error"},{"ancestorTitles":["JwtAuthGuard","handleRequest"],"duration":3,"failureDetails":[],"failureMessages":[],"fullName":"JwtAuthGuard handleRequest should throw UnauthorizedException when there is no user","invocations":1,"location":null,"numPassingAsserts":3,"retryReasons":[],"status":"passed","title":"should throw UnauthorizedException when there is no user"},{"ancestorTitles":["JwtAuthGuard","handleRequest"],"duration":2,"failureDetails":[],"failureMessages":[],"fullName":"JwtAuthGuard handleRequest should attach the request correlation id to the exception","invocations":1,"location":null,"numPassingAsserts":3,"retryReasons":[],"status":"passed","title":"should attach the request correlation id to the exception"},{"ancestorTitles":["JwtAuthGuard","handleRequest"],"duration":1,"failureDetails":[],"failureMessages":[],"fullName":"JwtAuthGuard handleRequest should fall back to an unknown correlation id without a context","invocations":1,"location":null,"numPassingAsserts":2,"retryReasons":[],"status":"passed","title":"should fall back to an unknown correlation id without a context"}],"endTime":1785719940479,"message":"","name":"/home/ubuntu/repos/.worktrees/com.lotto.service.sso-player/sso-jwt-issuer-audience/src/modules/auth/guards/jwt-auth.guard.spec.ts","startTime":1785719940166,"status":"passed","summary":""},{"assertionResults":[{"ancestorTitles":["JwtStrategy"],"duration":12,"failureDetails":[],"failureMessages":[],"fullName":"JwtStrategy should throw when JWT_SECRET is missing","invocations":1,"location":null,"numPassingAsserts":1,"retryReasons":[],"status":"passed","title":"should throw when JWT_SECRET is missing"},{"ancestorTitles":["JwtStrategy"],"duration":1,"failureDetails":[],"failureMessages":[],"fullName":"JwtStrategy should only register the bearer extractor when no cookie name is configured","invocations":1,"location":null,"numPassingAsserts":1,"retryReasons":[],"status":"passed","title":"should only register the bearer extractor when no cookie name is configured"},{"ancestorTitles":["JwtStrategy"],"duration":0,"failureDetails":[],"failureMessages":[],"fullName":"JwtStrategy should register a cookie extractor first when a cookie name is configured","invocations":1,"location":null,"numPassingAsserts":1,"retryReasons":[],"status":"passed","title":"should register a cookie extractor first when a cookie name is configured"},{"ancestorTitles":["JwtStrategy"],"duration":1,"failureDetails":[],"failureMessages":[],"fullName":"JwtStrategy should extract the token from the cookies","invocations":1,"location":null,"numPassingAsserts":1,"retryReasons":[],"status":"passed","title":"should extract the token from the cookies"},{"ancestorTitles":["JwtStrategy"],"duration":1,"failureDetails":[],"failureMessages":[],"fullName":"JwtStrategy should fall back to the signed cookies","invocations":1,"location":null,"numPassingAsserts":1,"retryReasons":[],"status":"passed","title":"should fall back to the signed cookies"},{"ancestorTitles":["JwtStrategy"],"duration":1,"failureDetails":[],"failureMessages":[],"fullName":"JwtStrategy should return null when the request is missing or carries no cookie","invocations":1,"location":null,"numPassingAsserts":3,"retryReasons":[],"status":"passed","title":"should return null when the request is missing or carries no cookie"},{"ancestorTitles":["JwtStrategy"],"duration":1,"failureDetails":[],"failureMessages":[],"fullName":"JwtStrategy should map the jwt payload onto the auth user, defaulting permissions","invocations":1,"location":null,"numPassingAsserts":2,"retryReasons":[],"status":"passed","title":"should map the jwt payload onto the auth user, defaulting permissions"}],"endTime":1785719940719,"message":"","name":"/home/ubuntu/repos/.worktrees/com.lotto.service.sso-player/sso-jwt-issuer-audience/src/modules/auth/strategy/jwt.strategy.spec.ts","startTime":1785719940477,"status":"passed","summary":""},{"assertionResults":[{"ancestorTitles":["UserRepositoryPrisma","findById"],"duration":2,"failureDetails":[],"failureMessages":[],"fullName":"UserRepositoryPrisma findById maps the row to a User, tolerating a null username","invocations":1,"location":null,"numPassingAsserts":4,"retryReasons":[],"status":"passed","title":"maps the row to a User, tolerating a null username"},{"ancestorTitles":["UserRepositoryPrisma","findById"],"duration":1,"failureDetails":[],"failureMessages":[],"fullName":"UserRepositoryPrisma findById returns null when the id does not exist","invocations":1,"location":null,"numPassingAsserts":1,"retryReasons":[],"status":"passed","title":"returns null when the id does not exist"},{"ancestorTitles":["UserRepositoryPrisma","findByUsername"],"duration":2,"failureDetails":[],"failureMessages":[],"fullName":"UserRepositoryPrisma findByUsername maps the row to a User","invocations":1,"location":null,"numPassingAsserts":3,"retryReasons":[],"status":"passed","title":"maps the row to a User"},{"ancestorTitles":["UserRepositoryPrisma","findByUsername"],"duration":0,"failureDetails":[],"failureMessages":[],"fullName":"UserRepositoryPrisma findByUsername returns null when the username does not exist","invocations":1,"location":null,"numPassingAsserts":1,"retryReasons":[],"status":"passed","title":"returns null when the username does not exist"},{"ancestorTitles":["UserRepositoryPrisma","findByPhone"],"duration":1,"failureDetails":[],"failureMessages":[],"fullName":"UserRepositoryPrisma findByPhone normalizes any spelling to the canonical username","invocations":1,"location":null,"numPassingAsserts":2,"retryReasons":[],"status":"passed","title":"normalizes any spelling to the canonical username"},{"ancestorTitles":["UserRepositoryPrisma","findByPhone"],"duration":0,"failureDetails":[],"failureMessages":[],"fullName":"UserRepositoryPrisma findByPhone refuses a value that cannot be a Venezuelan mobile","invocations":1,"location":null,"numPassingAsserts":2,"retryReasons":[],"status":"passed","title":"refuses a value that cannot be a Venezuelan mobile"}],"endTime":1785719940716,"message":"","name":"/home/ubuntu/repos/.worktrees/com.lotto.service.sso-player/sso-jwt-issuer-audience/src/modules/user/repository/user.repository.prisma.spec.ts","startTime":1785719940487,"status":"passed","summary":""},{"assertionResults":[{"ancestorTitles":["ChangePasswordController","changePassword","admin flow"],"duration":2,"failureDetails":[],"failureMessages":[],"fullName":"ChangePasswordController changePassword admin flow changes another user's password and returns 200","invocations":1,"location":null,"numPassingAsserts":2,"retryReasons":[],"status":"passed","title":"changes another user's password and returns 200"},{"ancestorTitles":["ChangePasswordController","changePassword","admin flow"],"duration":33,"failureDetails":[],"failureMessages":[],"fullName":"ChangePasswordController changePassword admin flow maps a service failure to InternalServerErrorException","invocations":1,"location":null,"numPassingAsserts":1,"retryReasons":[],"status":"passed","title":"maps a service failure to InternalServerErrorException"},{"ancestorTitles":["ChangePasswordController","changePassword","own password flow"],"duration":1,"failureDetails":[],"failureMessages":[],"fullName":"ChangePasswordController changePassword own password flow throws BadRequestException when current_password is missing","invocations":1,"location":null,"numPassingAsserts":2,"retryReasons":[],"status":"passed","title":"throws BadRequestException when current_password is missing"},{"ancestorTitles":["ChangePasswordController","changePassword","own password flow"],"duration":1,"failureDetails":[],"failureMessages":[],"fullName":"ChangePasswordController changePassword own password flow changes the password and returns 200 when current_password matches","invocations":1,"location":null,"numPassingAsserts":2,"retryReasons":[],"status":"passed","title":"changes the password and returns 200 when current_password matches"},{"ancestorTitles":["ChangePasswordController","changePassword","own password flow"],"duration":1,"failureDetails":[],"failureMessages":[],"fullName":"ChangePasswordController changePassword own password flow maps an incorrect current password to UnauthorizedException","invocations":1,"location":null,"numPassingAsserts":1,"retryReasons":[],"status":"passed","title":"maps an incorrect current password to UnauthorizedException"}],"endTime":1785719940834,"message":"","name":"/home/ubuntu/repos/.worktrees/com.lotto.service.sso-player/sso-jwt-issuer-audience/src/modules/user/controller/change-password.controller.spec.ts","startTime":1785719940125,"status":"passed","summary":""},{"assertionResults":[{"ancestorTitles":["Match decorator"],"duration":2,"failureDetails":[],"failureMessages":[],"fullName":"Match decorator should register a decorator named match against the property","invocations":1,"location":null,"numPassingAsserts":5,"retryReasons":[],"status":"passed","title":"should register a decorator named match against the property"},{"ancestorTitles":["Match decorator"],"duration":1,"failureDetails":[],"failureMessages":[],"fullName":"Match decorator should forward validation options when provided","invocations":1,"location":null,"numPassingAsserts":2,"retryReasons":[],"status":"passed","title":"should forward validation options when provided"},{"ancestorTitles":["Match decorator"],"duration":1,"failureDetails":[],"failureMessages":[],"fullName":"Match decorator should validate to true when the value matches the related property","invocations":1,"location":null,"numPassingAsserts":2,"retryReasons":[],"status":"passed","title":"should validate to true when the value matches the related property"},{"ancestorTitles":["Match decorator"],"duration":1,"failureDetails":[],"failureMessages":[],"fullName":"Match decorator should validate to false when the value differs from the related property","invocations":1,"location":null,"numPassingAsserts":2,"retryReasons":[],"status":"passed","title":"should validate to false when the value differs from the related property"},{"ancestorTitles":["Match decorator"],"duration":0,"failureDetails":[],"failureMessages":[],"fullName":"Match decorator should validate to false when the constraint is not a string","invocations":1,"location":null,"numPassingAsserts":2,"retryReasons":[],"status":"passed","title":"should validate to false when the constraint is not a string"},{"ancestorTitles":["Match decorator"],"duration":1,"failureDetails":[],"failureMessages":[],"fullName":"Match decorator should build a default message naming both properties","invocations":1,"location":null,"numPassingAsserts":2,"retryReasons":[],"status":"passed","title":"should build a default message naming both properties"}],"endTime":1785719940883,"message":"","name":"/home/ubuntu/repos/.worktrees/com.lotto.service.sso-player/sso-jwt-issuer-audience/src/core/decorators/custom.decorator.spec.ts","startTime":1785719940729,"status":"passed","summary":""},{"assertionResults":[{"ancestorTitles":["TransformInterceptor"],"duration":4,"failureDetails":[],"failureMessages":[],"fullName":"TransformInterceptor wraps a message-bearing payload without adding data","invocations":1,"location":null,"numPassingAsserts":1,"retryReasons":[],"status":"passed","title":"wraps a message-bearing payload without adding data"},{"ancestorTitles":["TransformInterceptor"],"duration":1,"failureDetails":[],"failureMessages":[],"fullName":"TransformInterceptor passes through an explicit data field and merges meta","invocations":1,"location":null,"numPassingAsserts":1,"retryReasons":[],"status":"passed","title":"passes through an explicit data field and merges meta"},{"ancestorTitles":["TransformInterceptor"],"duration":1,"failureDetails":[],"failureMessages":[],"fullName":"TransformInterceptor treats a plain object payload as data with the default message","invocations":1,"location":null,"numPassingAsserts":1,"retryReasons":[],"status":"passed","title":"treats a plain object payload as data with the default message"},{"ancestorTitles":["TransformInterceptor"],"duration":0,"failureDetails":[],"failureMessages":[],"fullName":"TransformInterceptor does not add a data field for scalar payloads","invocations":1,"location":null,"numPassingAsserts":1,"retryReasons":[],"status":"passed","title":"does not add a data field for scalar payloads"},{"ancestorTitles":["TransformInterceptor"],"duration":1,"failureDetails":[],"failureMessages":[],"fullName":"TransformInterceptor does not add a data field for null or undefined payloads","invocations":1,"location":null,"numPassingAsserts":2,"retryReasons":[],"status":"passed","title":"does not add a data field for null or undefined payloads"}],"endTime":1785719941108,"message":"","name":"/home/ubuntu/repos/.worktrees/com.lotto.service.sso-player/sso-jwt-issuer-audience/src/core/interceptors/transform.interceptor.spec.ts","startTime":1785719940876,"status":"passed","summary":""},{"assertionResults":[{"ancestorTitles":["JoiValidationPipe","transform"],"duration":1,"failureDetails":[],"failureMessages":[],"fullName":"JoiValidationPipe transform returns the query value unchanged when validation passes","invocations":1,"location":null,"numPassingAsserts":1,"retryReasons":[],"status":"passed","title":"returns the query value unchanged when validation passes"},{"ancestorTitles":["JoiValidationPipe","transform"],"duration":11,"failureDetails":[],"failureMessages":[],"fullName":"JoiValidationPipe transform throws BadRequestException when query validation fails","invocations":1,"location":null,"numPassingAsserts":1,"retryReasons":[],"status":"passed","title":"throws BadRequestException when query validation fails"},{"ancestorTitles":["JoiValidationPipe","transform"],"duration":1,"failureDetails":[],"failureMessages":[],"fullName":"JoiValidationPipe transform returns the body value unchanged when validation passes","invocations":1,"location":null,"numPassingAsserts":1,"retryReasons":[],"status":"passed","title":"returns the body value unchanged when validation passes"},{"ancestorTitles":["JoiValidationPipe","transform"],"duration":1,"failureDetails":[],"failureMessages":[],"fullName":"JoiValidationPipe transform throws BadRequestException when body validation fails","invocations":1,"location":null,"numPassingAsserts":1,"retryReasons":[],"status":"passed","title":"throws BadRequestException when body validation fails"},{"ancestorTitles":["JoiValidationPipe","transform"],"duration":0,"failureDetails":[],"failureMessages":[],"fullName":"JoiValidationPipe transform passes values through for metadata types without a schema branch","invocations":1,"location":null,"numPassingAsserts":1,"retryReasons":[],"status":"passed","title":"passes values through for metadata types without a schema branch"}],"endTime":1785719941172,"message":"","name":"/home/ubuntu/repos/.worktrees/com.lotto.service.sso-player/sso-jwt-issuer-audience/src/pipes/joi-validation.pipe.spec.ts","startTime":1785719940888,"status":"passed","summary":""},{"assertionResults":[{"ancestorTitles":["SessionCookieGuard","canActivate"],"duration":6,"failureDetails":[],"failureMessages":[],"fullName":"SessionCookieGuard canActivate should return true when refresh token is present","invocations":1,"location":null,"numPassingAsserts":2,"retryReasons":[],"status":"passed","title":"should return true when refresh token is present"},{"ancestorTitles":["SessionCookieGuard","canActivate"],"duration":10,"failureDetails":[],"failureMessages":[],"fullName":"SessionCookieGuard canActivate should throw UnauthorizedException when refresh token is missing","invocations":1,"location":null,"numPassingAsserts":3,"retryReasons":[],"status":"passed","title":"should throw UnauthorizedException when refresh token is missing"},{"ancestorTitles":["SessionCookieGuard","canActivate"],"duration":2,"failureDetails":[],"failureMessages":[],"fullName":"SessionCookieGuard canActivate should throw UnauthorizedException when refresh token is empty string","invocations":1,"location":null,"numPassingAsserts":1,"retryReasons":[],"status":"passed","title":"should throw UnauthorizedException when refresh token is empty string"}],"endTime":1785719941381,"message":"","name":"/home/ubuntu/repos/.worktrees/com.lotto.service.sso-player/sso-jwt-issuer-audience/src/modules/auth/guards/session-cookie.guard.spec.ts","startTime":1785719941117,"status":"passed","summary":""},{"assertionResults":[{"ancestorTitles":["AppController","getHealth"],"duration":2,"failureDetails":[],"failureMessages":[],"fullName":"AppController getHealth returns the health check result on success","invocations":1,"location":null,"numPassingAsserts":3,"retryReasons":[],"status":"passed","title":"returns the health check result on success"},{"ancestorTitles":["AppController","getHealth"],"duration":10,"failureDetails":[],"failureMessages":[],"fullName":"AppController getHealth maps an Error rejection to InternalServerErrorException","invocations":1,"location":null,"numPassingAsserts":2,"retryReasons":[],"status":"passed","title":"maps an Error rejection to InternalServerErrorException"},{"ancestorTitles":["AppController","getHealth"],"duration":1,"failureDetails":[],"failureMessages":[],"fullName":"AppController getHealth stringifies a non-Error rejection and still maps to 500","invocations":1,"location":null,"numPassingAsserts":2,"retryReasons":[],"status":"passed","title":"stringifies a non-Error rejection and still maps to 500"}],"endTime":1785719941432,"message":"","name":"/home/ubuntu/repos/.worktrees/com.lotto.service.sso-player/sso-jwt-issuer-audience/src/app/app.controller.spec.ts","startTime":1785719941178,"status":"passed","summary":""},{"assertionResults":[{"ancestorTitles":["PermissionController","createPermission"],"duration":2,"failureDetails":[],"failureMessages":[],"fullName":"PermissionController createPermission returns the created permission on success","invocations":1,"location":null,"numPassingAsserts":2,"retryReasons":[],"status":"passed","title":"returns the created permission on success"},{"ancestorTitles":["PermissionController","createPermission"],"duration":11,"failureDetails":[],"failureMessages":[],"fullName":"PermissionController createPermission maps a service failure to InternalServerErrorException","invocations":1,"location":null,"numPassingAsserts":2,"retryReasons":[],"status":"passed","title":"maps a service failure to InternalServerErrorException"},{"ancestorTitles":["PermissionController","getAllPermissions"],"duration":1,"failureDetails":[],"failureMessages":[],"fullName":"PermissionController getAllPermissions returns the permission list on success","invocations":1,"location":null,"numPassingAsserts":1,"retryReasons":[],"status":"passed","title":"returns the permission list on success"},{"ancestorTitles":["PermissionController","getAllPermissions"],"duration":2,"failureDetails":[],"failureMessages":[],"fullName":"PermissionController getAllPermissions maps a service failure to InternalServerErrorException","invocations":1,"location":null,"numPassingAsserts":2,"retryReasons":[],"status":"passed","title":"maps a service failure to InternalServerErrorException"}],"endTime":1785719941490,"message":"","name":"/home/ubuntu/repos/.worktrees/com.lotto.service.sso-player/sso-jwt-issuer-audience/src/modules/auth/controller/permission.controller.spec.ts","startTime":1785719940738,"status":"passed","summary":""},{"assertionResults":[{"ancestorTitles":["normalizeVePhone"],"duration":10,"failureDetails":[],"failureMessages":[],"fullName":"normalizeVePhone canonicalizes every accepted spelling to the 0-prefixed form","invocations":1,"location":null,"numPassingAsserts":8,"retryReasons":[],"status":"passed","title":"canonicalizes every accepted spelling to the 0-prefixed form"},{"ancestorTitles":["normalizeVePhone"],"duration":1,"failureDetails":[],"failureMessages":[],"fullName":"normalizeVePhone accepts every Venezuelan mobile prefix","invocations":1,"location":null,"numPassingAsserts":5,"retryReasons":[],"status":"passed","title":"accepts every Venezuelan mobile prefix"},{"ancestorTitles":["normalizeVePhone"],"duration":1,"failureDetails":[],"failureMessages":[],"fullName":"normalizeVePhone rejects values that cannot be a Venezuelan mobile","invocations":1,"location":null,"numPassingAsserts":8,"retryReasons":[],"status":"passed","title":"rejects values that cannot be a Venezuelan mobile"},{"ancestorTitles":["isCanonicalVePhone"],"duration":0,"failureDetails":[],"failureMessages":[],"fullName":"isCanonicalVePhone recognizes the canonical form only","invocations":1,"location":null,"numPassingAsserts":4,"retryReasons":[],"status":"passed","title":"recognizes the canonical form only"},{"ancestorTitles":["isCanonicalVePhone"],"duration":0,"failureDetails":[],"failureMessages":[],"fullName":"isCanonicalVePhone rejects null, undefined and empty input","invocations":1,"location":null,"numPassingAsserts":3,"retryReasons":[],"status":"passed","title":"rejects null, undefined and empty input"},{"ancestorTitles":["phoneLookupKey"],"duration":1,"failureDetails":[],"failureMessages":[],"fullName":"phoneLookupKey resolves any accepted spelling to the one canonical key","invocations":1,"location":null,"numPassingAsserts":3,"retryReasons":[],"status":"passed","title":"resolves any accepted spelling to the one canonical key"},{"ancestorTitles":["phoneLookupKey"],"duration":0,"failureDetails":[],"failureMessages":[],"fullName":"phoneLookupKey refuses to treat a non-phone as a lookup key","invocations":1,"location":null,"numPassingAsserts":3,"retryReasons":[],"status":"passed","title":"refuses to treat a non-phone as a lookup key"}],"endTime":1785719941534,"message":"","name":"/home/ubuntu/repos/.worktrees/com.lotto.service.sso-player/sso-jwt-issuer-audience/src/utils/phone.spec.ts","startTime":1785719941440,"status":"passed","summary":""},{"assertionResults":[{"ancestorTitles":["CorrelationIdMiddleware"],"duration":2,"failureDetails":[],"failureMessages":[],"fullName":"CorrelationIdMiddleware should reuse an incoming correlation id header","invocations":1,"location":null,"numPassingAsserts":3,"retryReasons":[],"status":"passed","title":"should reuse an incoming correlation id header"},{"ancestorTitles":["CorrelationIdMiddleware"],"duration":1,"failureDetails":[],"failureMessages":[],"fullName":"CorrelationIdMiddleware should use the first entry when the header arrives as an array","invocations":1,"location":null,"numPassingAsserts":2,"retryReasons":[],"status":"passed","title":"should use the first entry when the header arrives as an array"},{"ancestorTitles":["CorrelationIdMiddleware"],"duration":1,"failureDetails":[],"failureMessages":[],"fullName":"CorrelationIdMiddleware should generate a uuid when the header is absent","invocations":1,"location":null,"numPassingAsserts":3,"retryReasons":[],"status":"passed","title":"should generate a uuid when the header is absent"},{"ancestorTitles":["CorrelationIdMiddleware"],"duration":1,"failureDetails":[],"failureMessages":[],"fullName":"CorrelationIdMiddleware should generate a uuid when the header is an empty string","invocations":1,"location":null,"numPassingAsserts":2,"retryReasons":[],"status":"passed","title":"should generate a uuid when the header is an empty string"}],"endTime":1785719941596,"message":"","name":"/home/ubuntu/repos/.worktrees/com.lotto.service.sso-player/sso-jwt-issuer-audience/src/middleware/correlation-id.middleware.spec.ts","startTime":1785719941417,"status":"passed","summary":""},{"assertionResults":[{"ancestorTitles":["LoggingMiddleware"],"duration":2,"failureDetails":[],"failureMessages":[],"fullName":"LoggingMiddleware should always call next","invocations":1,"location":null,"numPassingAsserts":2,"retryReasons":[],"status":"passed","title":"should always call next"},{"ancestorTitles":["LoggingMiddleware"],"duration":1,"failureDetails":[],"failureMessages":[],"fullName":"LoggingMiddleware should log method, url and status when the response finishes with 200","invocations":1,"location":null,"numPassingAsserts":2,"retryReasons":[],"status":"passed","title":"should log method, url and status when the response finishes with 200"},{"ancestorTitles":["LoggingMiddleware"],"duration":1,"failureDetails":[],"failureMessages":[],"fullName":"LoggingMiddleware should log when the response finishes with 201","invocations":1,"location":null,"numPassingAsserts":1,"retryReasons":[],"status":"passed","title":"should log when the response finishes with 201"},{"ancestorTitles":["LoggingMiddleware"],"duration":1,"failureDetails":[],"failureMessages":[],"fullName":"LoggingMiddleware should not log when the response finishes with another status","invocations":1,"location":null,"numPassingAsserts":1,"retryReasons":[],"status":"passed","title":"should not log when the response finishes with another status"}],"endTime":1785719941701,"message":"","name":"/home/ubuntu/repos/.worktrees/com.lotto.service.sso-player/sso-jwt-issuer-audience/src/middleware/logging.middleware.spec.ts","startTime":1785719941540,"status":"passed","summary":""},{"assertionResults":[{"ancestorTitles":["RolesGuard","canActivate"],"duration":6,"failureDetails":[],"failureMessages":[],"fullName":"RolesGuard canActivate should return true when no roles are required","invocations":1,"location":null,"numPassingAsserts":1,"retryReasons":[],"status":"passed","title":"should return true when no roles are required"},{"ancestorTitles":["RolesGuard","canActivate"],"duration":3,"failureDetails":[],"failureMessages":[],"fullName":"RolesGuard canActivate should return true when the user has a required role","invocations":1,"location":null,"numPassingAsserts":1,"retryReasons":[],"status":"passed","title":"should return true when the user has a required role"},{"ancestorTitles":["RolesGuard","canActivate"],"duration":2,"failureDetails":[],"failureMessages":[],"fullName":"RolesGuard canActivate should return false when the user lacks every required role","invocations":1,"location":null,"numPassingAsserts":1,"retryReasons":[],"status":"passed","title":"should return false when the user lacks every required role"},{"ancestorTitles":["RolesGuard","canActivate"],"duration":3,"failureDetails":[],"failureMessages":[],"fullName":"RolesGuard canActivate should return false when the user has no role name","invocations":1,"location":null,"numPassingAsserts":1,"retryReasons":[],"status":"passed","title":"should return false when the user has no role name"}],"endTime":1785719941742,"message":"","name":"/home/ubuntu/repos/.worktrees/com.lotto.service.sso-player/sso-jwt-issuer-audience/src/modules/auth/guards/roles.guard.spec.ts","startTime":1785719941506,"status":"passed","summary":""},{"assertionResults":[{"ancestorTitles":["RolesGuard (core)"],"duration":1,"failureDetails":[],"failureMessages":[],"fullName":"RolesGuard (core) should allow the request when no roles are required","invocations":1,"location":null,"numPassingAsserts":1,"retryReasons":[],"status":"passed","title":"should allow the request when no roles are required"},{"ancestorTitles":["RolesGuard (core)"],"duration":13,"failureDetails":[],"failureMessages":[],"fullName":"RolesGuard (core) should throw UnauthorizedException when the request has no user","invocations":1,"location":null,"numPassingAsserts":1,"retryReasons":[],"status":"passed","title":"should throw UnauthorizedException when the request has no user"},{"ancestorTitles":["RolesGuard (core)"],"duration":1,"failureDetails":[],"failureMessages":[],"fullName":"RolesGuard (core) should throw ForbiddenException when the user has no role","invocations":1,"location":null,"numPassingAsserts":1,"retryReasons":[],"status":"passed","title":"should throw ForbiddenException when the user has no role"},{"ancestorTitles":["RolesGuard (core)"],"duration":1,"failureDetails":[],"failureMessages":[],"fullName":"RolesGuard (core) should throw ForbiddenException when the user role is not required","invocations":1,"location":null,"numPassingAsserts":1,"retryReasons":[],"status":"passed","title":"should throw ForbiddenException when the user role is not required"},{"ancestorTitles":["RolesGuard (core)"],"duration":0,"failureDetails":[],"failureMessages":[],"fullName":"RolesGuard (core) should allow the request when the user role matches a required role","invocations":1,"location":null,"numPassingAsserts":1,"retryReasons":[],"status":"passed","title":"should allow the request when the user role matches a required role"}],"endTime":1785719941830,"message":"","name":"/home/ubuntu/repos/.worktrees/com.lotto.service.sso-player/sso-jwt-issuer-audience/src/core/guards/roles.guard.spec.ts","startTime":1785719941602,"status":"passed","summary":""},{"assertionResults":[{"ancestorTitles":["access token issuer and audience claims"],"duration":8,"failureDetails":[],"failureMessages":[],"fullName":"access token issuer and audience claims signs access tokens with the configured issuer and audience","invocations":1,"location":null,"numPassingAsserts":2,"retryReasons":[],"status":"passed","title":"signs access tokens with the configured issuer and audience"},{"ancestorTitles":["access token issuer and audience claims"],"duration":3,"failureDetails":[],"failureMessages":[],"fullName":"access token issuer and audience claims issues tokens its own verifier accepts","invocations":1,"location":null,"numPassingAsserts":1,"retryReasons":[],"status":"passed","title":"issues tokens its own verifier accepts"}],"endTime":1785719941752,"message":"","name":"/home/ubuntu/repos/.worktrees/com.lotto.service.sso-player/sso-jwt-issuer-audience/src/modules/auth/jwt-claims.spec.ts","startTime":1785719936883,"status":"passed","summary":""},{"assertionResults":[{"ancestorTitles":["StatusGuard","canActivate"],"duration":1,"failureDetails":[],"failureMessages":[],"fullName":"StatusGuard canActivate should return true when the user is active","invocations":1,"location":null,"numPassingAsserts":1,"retryReasons":[],"status":"passed","title":"should return true when the user is active"},{"ancestorTitles":["StatusGuard","canActivate"],"duration":13,"failureDetails":[],"failureMessages":[],"fullName":"StatusGuard canActivate should throw UnauthorizedException when the request has no user","invocations":1,"location":null,"numPassingAsserts":2,"retryReasons":[],"status":"passed","title":"should throw UnauthorizedException when the request has no user"},{"ancestorTitles":["StatusGuard","canActivate"],"duration":8,"failureDetails":[],"failureMessages":[],"fullName":"StatusGuard canActivate should throw UnauthorizedException when the user is blocked","invocations":1,"location":null,"numPassingAsserts":2,"retryReasons":[],"status":"passed","title":"should throw UnauthorizedException when the user is blocked"}],"endTime":1785719942035,"message":"","name":"/home/ubuntu/repos/.worktrees/com.lotto.service.sso-player/sso-jwt-issuer-audience/src/modules/auth/guards/status.guard.spec.ts","startTime":1785719941836,"status":"passed","summary":""},{"assertionResults":[{"ancestorTitles":["RegisterUserDto validation"],"duration":10,"failureDetails":[],"failureMessages":[],"fullName":"RegisterUserDto validation accepts a valid phone + 4-char password","invocations":1,"location":null,"numPassingAsserts":1,"retryReasons":[],"status":"passed","title":"accepts a valid phone + 4-char password"},{"ancestorTitles":["RegisterUserDto validation"],"duration":1,"failureDetails":[],"failureMessages":[],"fullName":"RegisterUserDto validation accepts a phone with country code and spaces/dashes","invocations":1,"location":null,"numPassingAsserts":1,"retryReasons":[],"status":"passed","title":"accepts a phone with country code and spaces/dashes"},{"ancestorTitles":["RegisterUserDto validation"],"duration":2,"failureDetails":[],"failureMessages":[],"fullName":"RegisterUserDto validation rejects a malformed phone","invocations":1,"location":null,"numPassingAsserts":1,"retryReasons":[],"status":"passed","title":"rejects a malformed phone"},{"ancestorTitles":["RegisterUserDto validation"],"duration":3,"failureDetails":[],"failureMessages":[],"fullName":"RegisterUserDto validation rejects a too-short phone","invocations":1,"location":null,"numPassingAsserts":1,"retryReasons":[],"status":"passed","title":"rejects a too-short phone"},{"ancestorTitles":["RegisterUserDto validation"],"duration":1,"failureDetails":[],"failureMessages":[],"fullName":"RegisterUserDto validation rejects a password shorter than 4 characters (loosened policy)","invocations":1,"location":null,"numPassingAsserts":1,"retryReasons":[],"status":"passed","title":"rejects a password shorter than 4 characters (loosened policy)"},{"ancestorTitles":["RegisterUserDto validation"],"duration":1,"failureDetails":[],"failureMessages":[],"fullName":"RegisterUserDto validation rejects a missing phone","invocations":1,"location":null,"numPassingAsserts":1,"retryReasons":[],"status":"passed","title":"rejects a missing phone"},{"ancestorTitles":["RegisterUserDto validation"],"duration":0,"failureDetails":[],"failureMessages":[],"fullName":"RegisterUserDto validation rejects a missing password","invocations":1,"location":null,"numPassingAsserts":1,"retryReasons":[],"status":"passed","title":"rejects a missing password"}],"endTime":1785719942052,"message":"","name":"/home/ubuntu/repos/.worktrees/com.lotto.service.sso-player/sso-jwt-issuer-audience/src/modules/auth/dto/register-user.dto.spec.ts","startTime":1785719941749,"status":"passed","summary":""},{"assertionResults":[{"ancestorTitles":["CorrelationId decorator"],"duration":1,"failureDetails":[],"failureMessages":[],"fullName":"CorrelationId decorator should return the correlation id set by the middleware","invocations":1,"location":null,"numPassingAsserts":1,"retryReasons":[],"status":"passed","title":"should return the correlation id set by the middleware"},{"ancestorTitles":["CorrelationId decorator"],"duration":1,"failureDetails":[],"failureMessages":[],"fullName":"CorrelationId decorator should return null when the request has no correlation id","invocations":1,"location":null,"numPassingAsserts":1,"retryReasons":[],"status":"passed","title":"should return null when the request has no correlation id"},{"ancestorTitles":["CorrelationId decorator"],"duration":0,"failureDetails":[],"failureMessages":[],"fullName":"CorrelationId decorator should return null when the correlation id is an empty string","invocations":1,"location":null,"numPassingAsserts":1,"retryReasons":[],"status":"passed","title":"should return null when the correlation id is an empty string"}],"endTime":1785719942111,"message":"","name":"/home/ubuntu/repos/.worktrees/com.lotto.service.sso-player/sso-jwt-issuer-audience/src/decorators/correlation-id.decorator.spec.ts","startTime":1785719941937,"status":"passed","summary":""},{"assertionResults":[{"ancestorTitles":["case-converter","camelToSnakeCase"],"duration":2,"failureDetails":[],"failureMessages":[],"fullName":"case-converter camelToSnakeCase should prefix every uppercase letter with an underscore and lowercase it","invocations":1,"location":null,"numPassingAsserts":1,"retryReasons":[],"status":"passed","title":"should prefix every uppercase letter with an underscore and lowercase it"},{"ancestorTitles":["case-converter","camelToSnakeCase"],"duration":0,"failureDetails":[],"failureMessages":[],"fullName":"case-converter camelToSnakeCase should leave a string without uppercase letters unchanged","invocations":1,"location":null,"numPassingAsserts":1,"retryReasons":[],"status":"passed","title":"should leave a string without uppercase letters unchanged"},{"ancestorTitles":["case-converter","snakeToCamelCase"],"duration":1,"failureDetails":[],"failureMessages":[],"fullName":"case-converter snakeToCamelCase should uppercase the letter after each underscore and drop the underscore","invocations":1,"location":null,"numPassingAsserts":1,"retryReasons":[],"status":"passed","title":"should uppercase the letter after each underscore and drop the underscore"},{"ancestorTitles":["case-converter","snakeToCamelCase"],"duration":0,"failureDetails":[],"failureMessages":[],"fullName":"case-converter snakeToCamelCase should convert multi-segment snake case","invocations":1,"location":null,"numPassingAsserts":1,"retryReasons":[],"status":"passed","title":"should convert multi-segment snake case"},{"ancestorTitles":["case-converter","snakeToCamelCase"],"duration":0,"failureDetails":[],"failureMessages":[],"fullName":"case-converter snakeToCamelCase should leave a string without underscores unchanged","invocations":1,"location":null,"numPassingAsserts":1,"retryReasons":[],"status":"passed","title":"should leave a string without underscores unchanged"},{"ancestorTitles":["case-converter"],"duration":0,"failureDetails":[],"failureMessages":[],"fullName":"case-converter should round-trip camelCase through snake_case and back","invocations":1,"location":null,"numPassingAsserts":1,"retryReasons":[],"status":"passed","title":"should round-trip camelCase through snake_case and back"}],"endTime":1785719942144,"message":"","name":"/home/ubuntu/repos/.worktrees/com.lotto.service.sso-player/sso-jwt-issuer-audience/src/utils/case-converter.spec.ts","startTime":1785719942063,"status":"passed","summary":""},{"assertionResults":[{"ancestorTitles":["LocalStrategy"],"duration":8,"failureDetails":[],"failureMessages":[],"fullName":"LocalStrategy should return the user when the credentials validate","invocations":1,"location":null,"numPassingAsserts":2,"retryReasons":[],"status":"passed","title":"should return the user when the credentials validate"},{"ancestorTitles":["LocalStrategy"],"duration":5,"failureDetails":[],"failureMessages":[],"fullName":"LocalStrategy should throw UnauthorizedException when the credentials do not validate","invocations":1,"location":null,"numPassingAsserts":1,"retryReasons":[],"status":"passed","title":"should throw UnauthorizedException when the credentials do not validate"}],"endTime":1785719942254,"message":"","name":"/home/ubuntu/repos/.worktrees/com.lotto.service.sso-player/sso-jwt-issuer-audience/src/modules/auth/strategy/local.strategy.spec.ts","startTime":1785719942056,"status":"passed","summary":""},{"assertionResults":[{"ancestorTitles":["AuthModule/UserModule DI graph"],"duration":2,"failureDetails":[],"failureMessages":[],"fullName":"AuthModule/UserModule DI graph resolves UserService with its RoleService dependency","invocations":1,"location":null,"numPassingAsserts":1,"retryReasons":[],"status":"passed","title":"resolves UserService with its RoleService dependency"},{"ancestorTitles":["AuthModule/UserModule DI graph"],"duration":0,"failureDetails":[],"failureMessages":[],"fullName":"AuthModule/UserModule DI graph resolves RoleService globally without UserModule importing AuthModule","invocations":1,"location":null,"numPassingAsserts":1,"retryReasons":[],"status":"passed","title":"resolves RoleService globally without UserModule importing AuthModule"},{"ancestorTitles":["AuthModule/UserModule DI graph"],"duration":1,"failureDetails":[],"failureMessages":[],"fullName":"AuthModule/UserModule DI graph resolves BootstrapService whose factory injects UserService","invocations":1,"location":null,"numPassingAsserts":1,"retryReasons":[],"status":"passed","title":"resolves BootstrapService whose factory injects UserService"}],"endTime":1785719942327,"message":"","name":"/home/ubuntu/repos/.worktrees/com.lotto.service.sso-player/sso-jwt-issuer-audience/src/modules/user/module-graph.spec.ts","startTime":1785719941709,"status":"passed","summary":""}],"wasInterrupted":false,"coverageMap":{"/home/ubuntu/repos/.worktrees/com.lotto.service.sso-player/sso-jwt-issuer-audience/src/modules/auth/repository/refresh-token.repository.ts":{"path":"/home/ubuntu/repos/.worktrees/com.lotto.service.sso-player/sso-jwt-issuer-audience/src/modules/auth/repository/refresh-token.repository.ts","statementMap":{"0":{"start":{"line":1,"column":0},"end":{"line":1,"column":52}},"1":{"start":{"line":2,"column":0},"end":{"line":2,"column":60}},"2":{"start":{"line":3,"column":0},"end":{"line":3,"column":60}},"3":{"start":{"line":7,"column":35},"end":{"line":71,"column":null}},"4":{"start":{"line":9,"column":21},"end":{"line":9,"column":36}},"5":{"start":{"line":10,"column":21},"end":{"line":10,"column":29}},"6":{"start":{"line":14,"column":4},"end":{"line":14,"column":52}},"7":{"start":{"line":16,"column":4},"end":{"line":29,"column":7}},"8":{"start":{"line":33,"column":4},"end":{"line":33,"column":59}},"9":{"start":{"line":35,"column":23},"end":{"line":37,"column":6}},"10":{"start":{"line":39,"column":4},"end":{"line":41,"column":5}},"11":{"start":{"line":40,"column":6},"end":{"line":40,"column":18}},"12":{"start":{"line":43,"column":4},"end":{"line":43,"column":47}},"13":{"start":{"line":50,"column":4},"end":{"line":50,"column":59}},"14":{"start":{"line":52,"column":4},"end":{"line":58,"column":7}},"15":{"start":{"line":62,"column":4},"end":{"line":62,"column":54}},"16":{"start":{"line":64,"column":4},"end":{"line":69,"column":7}},"17":{"start":{"line":7,"column":13},"end":{"line":7,"column":35}},"18":{"start":{"line":7,"column":13},"end":{"line":71,"column":null}}},"fnMap":{"0":{"name":"(anonymous_2)","decl":{"start":{"line":8,"column":2},"end":{"line":8,"column":null}},"loc":{"start":{"line":10,"column":77},"end":{"line":11,"column":6}}},"1":{"name":"(anonymous_3)","decl":{"start":{"line":13,"column":9},"end":{"line":13,"column":14}},"loc":{"start":{"line":13,"column":46},"end":{"line":30,"column":3}}},"2":{"name":"(anonymous_4)","decl":{"start":{"line":32,"column":9},"end":{"line":32,"column":14}},"loc":{"start":{"line":32,"column":40},"end":{"line":44,"column":3}}},"3":{"name":"(anonymous_5)","decl":{"start":{"line":46,"column":9},"end":{"line":46,"column":14}},"loc":{"start":{"line":48,"column":30},"end":{"line":59,"column":3}}},"4":{"name":"(anonymous_6)","decl":{"start":{"line":61,"column":9},"end":{"line":61,"column":14}},"loc":{"start":{"line":61,"column":35},"end":{"line":70,"column":3}}}},"branchMap":{"0":{"loc":{"start":{"line":10,"column":21},"end":{"line":10,"column":77}},"type":"default-arg","locations":[{"start":{"line":10,"column":38},"end":{"line":10,"column":77}}]},"1":{"loc":{"start":{"line":23,"column":23},"end":{"line":23,"column":62}},"type":"binary-expr","locations":[{"start":{"line":23,"column":23},"end":{"line":23,"column":49}},{"start":{"line":23,"column":53},"end":{"line":23,"column":62}}]},"2":{"loc":{"start":{"line":24,"column":31},"end":{"line":24,"column":78}},"type":"binary-expr","locations":[{"start":{"line":24,"column":31},"end":{"line":24,"column":65}},{"start":{"line":24,"column":69},"end":{"line":24,"column":78}}]},"3":{"loc":{"start":{"line":25,"column":20},"end":{"line":25,"column":56}},"type":"binary-expr","locations":[{"start":{"line":25,"column":20},"end":{"line":25,"column":43}},{"start":{"line":25,"column":47},"end":{"line":25,"column":56}}]},"4":{"loc":{"start":{"line":26,"column":30},"end":{"line":26,"column":76}},"type":"binary-expr","locations":[{"start":{"line":26,"column":30},"end":{"line":26,"column":63}},{"start":{"line":26,"column":67},"end":{"line":26,"column":76}}]},"5":{"loc":{"start":{"line":27,"column":20},"end":{"line":27,"column":56}},"type":"binary-expr","locations":[{"start":{"line":27,"column":20},"end":{"line":27,"column":43}},{"start":{"line":27,"column":47},"end":{"line":27,"column":56}}]},"6":{"loc":{"start":{"line":39,"column":4},"end":{"line":41,"column":5}},"type":"if","locations":[{"start":{"line":39,"column":4},"end":{"line":41,"column":5}}]},"7":{"loc":{"start":{"line":9,"column":36},"end":{"line":9,"column":null}},"type":"cond-expr","locations":[{"start":{"line":9,"column":49},"end":{"line":9,"column":null}},{"start":{"line":9,"column":49},"end":{"line":9,"column":null}}]},"8":{"loc":{"start":{"line":9,"column":36},"end":{"line":9,"column":49}},"type":"binary-expr","locations":[{"start":{"line":9,"column":36},"end":{"line":9,"column":null}},{"start":{"line":9,"column":36},"end":{"line":9,"column":49}}]},"9":{"loc":{"start":{"line":9,"column":49},"end":{"line":10,"column":38}},"type":"cond-expr","locations":[{"start":{"line":10,"column":35},"end":{"line":10,"column":38}},{"start":{"line":10,"column":35},"end":{"line":10,"column":38}}]},"10":{"loc":{"start":{"line":9,"column":49},"end":{"line":10,"column":35}},"type":"binary-expr","locations":[{"start":{"line":9,"column":49},"end":{"line":10,"column":38}},{"start":{"line":10,"column":29},"end":{"line":10,"column":35}}]}},"s":{"0":7,"1":7,"2":7,"3":7,"4":2,"5":2,"6":0,"7":0,"8":0,"9":0,"10":0,"11":0,"12":0,"13":0,"14":0,"15":0,"16":0,"17":7,"18":7},"f":{"0":2,"1":0,"2":0,"3":0,"4":0},"b":{"0":[0],"1":[0,0],"2":[0,0],"3":[0,0],"4":[0,0],"5":[0,0],"6":[0],"7":[7,0],"8":[7,7],"9":[7,0],"10":[7,7]}},"/home/ubuntu/repos/.worktrees/com.lotto.service.sso-player/sso-jwt-issuer-audience/src/modules/prisma/prisma.service.ts":{"path":"/home/ubuntu/repos/.worktrees/com.lotto.service.sso-player/sso-jwt-issuer-audience/src/modules/prisma/prisma.service.ts","statementMap":{"0":{"start":{"line":1,"column":0},"end":{"line":1,"column":75}},"1":{"start":{"line":2,"column":0},"end":{"line":2,"column":75}},"2":{"start":{"line":3,"column":0},"end":{"line":3,"column":46}},"3":{"start":{"line":6,"column":7},"end":{"line":41,"column":null}},"4":{"start":{"line":11,"column":4},"end":{"line":13,"column":7}},"5":{"start":{"line":17,"column":4},"end":{"line":17,"column":26}},"6":{"start":{"line":21,"column":4},"end":{"line":21,"column":29}},"7":{"start":{"line":25,"column":4},"end":{"line":39,"column":5}},"8":{"start":{"line":26,"column":6},"end":{"line":26,"column":37}},"9":{"start":{"line":27,"column":6},"end":{"line":31,"column":8}},"10":{"start":{"line":33,"column":6},"end":{"line":38,"column":9}},"11":{"start":{"line":6,"column":13},"end":{"line":6,"column":26}},"12":{"start":{"line":6,"column":13},"end":{"line":41,"column":null}}},"fnMap":{"0":{"name":"(anonymous_2)","decl":{"start":{"line":10,"column":2},"end":{"line":10,"column":null}},"loc":{"start":{"line":10,"column":2},"end":{"line":14,"column":3}}},"1":{"name":"(anonymous_3)","decl":{"start":{"line":16,"column":2},"end":{"line":16,"column":7}},"loc":{"start":{"line":16,"column":20},"end":{"line":18,"column":3}}},"2":{"name":"(anonymous_4)","decl":{"start":{"line":20,"column":2},"end":{"line":20,"column":7}},"loc":{"start":{"line":20,"column":23},"end":{"line":22,"column":3}}},"3":{"name":"(anonymous_5)","decl":{"start":{"line":24,"column":2},"end":{"line":24,"column":7}},"loc":{"start":{"line":24,"column":17},"end":{"line":40,"column":3}}}},"branchMap":{"0":{"loc":{"start":{"line":36,"column":17},"end":{"line":36,"column":73}},"type":"cond-expr","locations":[{"start":{"line":36,"column":42},"end":{"line":36,"column":55}},{"start":{"line":36,"column":58},"end":{"line":36,"column":73}}]}},"s":{"0":11,"1":11,"2":11,"3":11,"4":4,"5":0,"6":4,"7":0,"8":0,"9":0,"10":0,"11":11,"12":11},"f":{"0":4,"1":0,"2":4,"3":0},"b":{"0":[0,0]}},"/home/ubuntu/repos/.worktrees/com.lotto.service.sso-player/sso-jwt-issuer-audience/src/modules/auth/model/refresh-token.model.ts":{"path":"/home/ubuntu/repos/.worktrees/com.lotto.service.sso-player/sso-jwt-issuer-audience/src/modules/auth/model/refresh-token.model.ts","statementMap":{"0":{"start":{"line":1,"column":0},"end":{"line":1,"column":33}},"1":{"start":{"line":47,"column":4},"end":{"line":47,"column":29}},"2":{"start":{"line":48,"column":4},"end":{"line":48,"column":57}},"3":{"start":{"line":49,"column":4},"end":{"line":49,"column":59}},"4":{"start":{"line":50,"column":4},"end":{"line":50,"column":32}},"5":{"start":{"line":51,"column":4},"end":{"line":51,"column":38}},"6":{"start":{"line":52,"column":4},"end":{"line":52,"column":51}},"7":{"start":{"line":53,"column":4},"end":{"line":53,"column":66}},"8":{"start":{"line":54,"column":4},"end":{"line":54,"column":46}},"9":{"start":{"line":55,"column":4},"end":{"line":55,"column":64}},"10":{"start":{"line":56,"column":4},"end":{"line":56,"column":46}},"11":{"start":{"line":60,"column":4},"end":{"line":71,"column":7}},"12":{"start":{"line":75,"column":4},"end":{"line":75,"column":43}},"13":{"start":{"line":79,"column":4},"end":{"line":79,"column":33}},"14":{"start":{"line":80,"column":4},"end":{"line":80,"column":51}},"15":{"start":{"line":84,"column":4},"end":{"line":84,"column":33}},"16":{"start":{"line":88,"column":4},"end":{"line":88,"column":24}},"17":{"start":{"line":92,"column":4},"end":{"line":92,"column":26}},"18":{"start":{"line":96,"column":4},"end":{"line":96,"column":25}},"19":{"start":{"line":33,"column":0},"end":{"line":33,"column":13}}},"fnMap
[...]
,"loc":{"start":{"line":129,"column":12},"end":{"line":129,"column":50}}},"10":{"name":"(anonymous_23)","decl":{"start":{"line":169,"column":67},"end":{"line":169,"column":68}},"loc":{"start":{"line":169,"column":74},"end":{"line":169,"column":78}}},"11":{"name":"(anonymous_24)","decl":{"start":{"line":176,"column":35},"end":{"line":176,"column":36}},"loc":{"start":{"line":176,"column":42},"end":{"line":176,"column":46}}},"12":{"name":"(anonymous_25)","decl":{"start":{"line":248,"column":50},"end":{"line":248,"column":51}},"loc":{"start":{"line":248,"column":58},"end":{"line":248,"column":70}}},"13":{"name":"(anonymous_26)","decl":{"start":{"line":260,"column":71},"end":{"line":260,"column":72}},"loc":{"start":{"line":260,"column":78},"end":{"line":260,"column":84}}},"14":{"name":"(anonymous_27)","decl":{"start":{"line":269,"column":29},"end":{"line":269,"column":30}},"loc":{"start":{"line":269,"column":39},"end":{"line":269,"column":46}}},"15":{"name":"(anonymous_28)","decl":{"start":{"line":276,"column":58},"end":{"line":276,"column":59}},"loc":{"start":{"line":276,"column":65},"end":{"line":276,"column":71}}},"16":{"name":"(anonymous_29)","decl":{"start":{"line":298,"column":10},"end":{"line":298,"column":32}},"loc":{"start":{"line":298,"column":32},"end":{"line":310,"column":3}}},"17":{"name":"(anonymous_30)","decl":{"start":{"line":50,"column":23},"end":{"line":50,"column":26}},"loc":{"start":{"line":50,"column":29},"end":{"line":50,"column":40}}}},"branchMap":{"0":{"loc":{"start":{"line":49,"column":21},"end":{"line":49,"column":55}},"type":"default-arg","locations":[{"start":{"line":49,"column":50},"end":{"line":49,"column":55}}]},"1":{"loc":{"start":{"line":55,"column":4},"end":{"line":58,"column":5}},"type":"if","locations":[{"start":{"line":55,"column":4},"end":{"line":58,"column":5}}]},"2":{"loc":{"start":{"line":98,"column":6},"end":{"line":136,"column":7}},"type":"if","locations":[{"start":{"line":98,"column":6},"end":{"line":136,"column":7}},{"start":{"line":132,"column":13},"end":{"line":136,"column":7}}]},"3":{"loc":{"start":{"line":200,"column":6},"end":{"line":285,"column":7}},"type":"if","locations":[{"start":{"line":200,"column":6},"end":{"line":285,"column":7}},{"start":{"line":246,"column":13},"end":{"line":285,"column":7}}]},"4":{"loc":{"start":{"line":251,"column":8},"end":{"line":253,"column":9}},"type":"if","locations":[{"start":{"line":251,"column":8},"end":{"line":253,"column":9}}]},"5":{"loc":{"start":{"line":254,"column":8},"end":{"line":256,"column":9}},"type":"if","locations":[{"start":{"line":254,"column":8},"end":{"line":256,"column":9}}]},"6":{"loc":{"start":{"line":258,"column":8},"end":{"line":284,"column":9}},"type":"if","locations":[{"start":{"line":258,"column":8},"end":{"line":284,"column":9}},{"start":{"line":278,"column":15},"end":{"line":284,"column":9}}]},"7":{"loc":{"start":{"line":45,"column":29},"end":{"line":45,"column":null}},"type":"cond-expr","locations":[{"start":{"line":45,"column":42},"end":{"line":45,"column":null}},{"start":{"line":45,"column":42},"end":{"line":45,"column":null}}]},"8":{"loc":{"start":{"line":45,"column":29},"end":{"line":45,"column":42}},"type":"binary-expr","locations":[{"start":{"line":45,"column":29},"end":{"line":45,"column":null}},{"start":{"line":45,"column":29},"end":{"line":45,"column":42}}]},"9":{"loc":{"start":{"line":45,"column":42},"end":{"line":46,"column":null}},"type":"cond-expr","locations":[{"start":{"line":46,"column":45},"end":{"line":46,"column":null}},{"start":{"line":46,"column":45},"end":{"line":46,"column":null}}]},"10":{"loc":{"start":{"line":45,"column":42},"end":{"line":46,"column":45}},"type":"binary-expr","locations":[{"start":{"line":45,"column":42},"end":{"line":46,"column":null}},{"start":{"line":46,"column":34},"end":{"line":46,"column":45}}]},"11":{"loc":{"start":{"line":46,"column":45},"end":{"line":47,"column":null}},"type":"cond-expr","locations":[{"start":{"line":47,"column":57},"end":{"line":47,"column":null}},{"start":{"line":47,"column":57},"end":{"line":47,"column":null}}]},"12":{"loc":{"start":{"line":46,"column":45},"end":{"line":47,"column":57}},"type":"binary-expr","locations":[{"start":{"line":46,"column":45},"end":{"line":47,"column":null}},{"start":{"line":47,"column":40},"end":{"line":47,"column":57}}]},"13":{"loc":{"start":{"line":47,"column":57},"end":{"line":48,"column":null}},"type":"cond-expr","locations":[{"start":{"line":48,"column":35},"end":{"line":48,"column":null}},{"start":{"line":48,"column":35},"end":{"line":48,"column":null}}]},"14":{"loc":{"start":{"line":47,"column":57},"end":{"line":48,"column":35}},"type":"binary-expr","locations":[{"start":{"line":47,"column":57},"end":{"line":48,"column":null}},{"start":{"line":48,"column":29},"end":{"line":48,"column":35}}]},"15":{"loc":{"start":{"line":48,"column":35},"end":{"line":51,"column":null}},"type":"cond-expr","locations":[{"start":{"line":51,"column":45},"end":{"line":51,"column":null}},{"start":{"line":51,"column":45},"end":{"line":51,"column":null}}]},"16":{"loc":{"start":{"line":48,"column":35},"end":{"line":51,"column":45}},"type":"binary-expr","locations":[{"start":{"line":48,"column":35},"end":{"line":51,"column":null}},{"start":{"line":51,"column":34},"end":{"line":51,"column":45}}]}},"s":{"0":2,"1":2,"2":2,"3":2,"4":2,"5":2,"6":2,"7":2,"8":2,"9":2,"10":2,"11":2,"12":2,"13":2,"14":2,"15":2,"16":0,"17":0,"18":0,"19":0,"20":0,"21":0,"22":0,"23":0,"24":0,"25":0,"26":0,"27":0,"28":0,"29":0,"30":0,"31":0,"32":0,"33":0,"34":0,"35":0,"36":0,"37":0,"38":0,"39":0,"40":0,"41":0,"42":0,"43":0,"44":0,"45":0,"46":0,"47":0,"48":0,"49":0,"50":0,"51":0,"52":0,"53":0,"54":0,"55":0,"56":0,"57":0,"58":0,"59":0,"60":0,"61":0,"62":0,"63":0,"64":0,"65":0,"66":0,"67":0,"68":0,"69":0,"70":0,"71":0,"72":0,"73":0,"74":0,"75":0,"76":0,"77":0,"78":0,"79":0,"80":0,"81":0,"82":0,"83":0,"84":0,"85":0,"86":0,"87":0,"88":0,"89":0,"90":0,"91":2,"92":2,"93":0},"f":{"0":2,"1":0,"2":0,"3":0,"4":0,"5":0,"6":0,"7":0,"8":0,"9":0,"10":0,"11":0,"12":0,"13":0,"14":0,"15":0,"16":0,"17":0},"b":{"0":[0],"1":[0],"2":[0,0],"3":[0,0],"4":[0],"5":[0],"6":[0,0],"7":[2,0],"8":[2,2],"9":[2,0],"10":[2,2],"11":[2,0],"12":[2,2],"13":[2,0],"14":[2,2],"15":[2,0],"16":[2,2]}},"/home/ubuntu/repos/.worktrees/com.lotto.service.sso-player/sso-jwt-issuer-audience/src/modules/auth/strategy/local.strategy.ts":{"path":"/home/ubuntu/repos/.worktrees/com.lotto.service.sso-player/sso-jwt-issuer-audience/src/modules/auth/strategy/local.strategy.ts","statementMap":{"0":{"start":{"line":1,"column":0},"end":{"line":1,"column":67}},"1":{"start":{"line":2,"column":0},"end":{"line":2,"column":52}},"2":{"start":{"line":3,"column":0},"end":{"line":3,"column":42}},"3":{"start":{"line":5,"column":0},"end":{"line":5,"column":55}},"4":{"start":{"line":8,"column":28},"end":{"line":8,"column":38}},"5":{"start":{"line":9,"column":30},"end":{"line":9,"column":40}},"6":{"start":{"line":12,"column":7},"end":{"line":30,"column":null}},"7":{"start":{"line":14,"column":4},"end":{"line":17,"column":7}},"8":{"start":{"line":13,"column":31},"end":{"line":13,"column":44}},"9":{"start":{"line":21,"column":18},"end":{"line":23,"column":null}},"10":{"start":{"line":25,"column":4},"end":{"line":27,"column":5}},"11":{"start":{"line":26,"column":6},"end":{"line":26,"column":61}},"12":{"start":{"line":28,"column":4},"end":{"line":28,"column":16}},"13":{"start":{"line":12,"column":13},"end":{"line":12,"column":26}},"14":{"start":{"line":12,"column":13},"end":{"line":30,"column":null}}},"fnMap":{"0":{"name":"(anonymous_2)","decl":{"start":{"line":13,"column":2},"end":{"line":13,"column":31}},"loc":{"start":{"line":13,"column":55},"end":{"line":18,"column":3}}},"1":{"name":"(anonymous_3)","decl":{"start":{"line":20,"column":2},"end":{"line":20,"column":7}},"loc":{"start":{"line":20,"column":51},"end":{"line":29,"column":3}}}},"branchMap":{"0":{"loc":{"start":{"line":25,"column":4},"end":{"line":27,"column":5}},"type":"if","locations":[{"start":{"line":25,"column":4},"end":{"line":27,"column":5}}]},"1":{"loc":{"start":{"line":13,"column":44},"end":{"line":13,"column":null}},"type":"cond-expr","locations":[{"start":{"line":13,"column":55},"end":{"line":13,"column":null}},{"start":{"line":13,"column":55},"end":{"line":13,"column":null}}]},"2":{"loc":{"start":{"line":13,"column":44},"end":{"line":13,"column":55}},"type":"binary-expr","locations":[{"start":{"line":13,"column":44},"end":{"line":13,"column":null}},{"start":{"line":13,"column":44},"end":{"line":13,"column":55}}]}},"s":{"0":3,"1":3,"2":3,"3":3,"4":3,"5":3,"6":3,"7":4,"8":4,"9":2,"10":2,"11":1,"12":1,"13":3,"14":3},"f":{"0":4,"1":2},"b":{"0":[1],"1":[3,0],"2":[3,3]}},"/home/ubuntu/repos/.worktrees/com.lotto.service.sso-player/sso-jwt-issuer-audience/src/modules/auth/guards/status.guard.ts":{"path":"/home/ubuntu/repos/.worktrees/com.lotto.service.sso-player/sso-jwt-issuer-audience/src/modules/auth/guards/status.guard.ts","statementMap":{"0":{"start":{"line":1,"column":0},"end":{"line":1,"column":null}},"1":{"start":{"line":7,"column":0},"end":{"line":7,"column":68}},"2":{"start":{"line":11,"column":7},"end":{"line":34,"column":null}},"3":{"start":{"line":13,"column":20},"end":{"line":13,"column":77}},"4":{"start":{"line":14,"column":17},"end":{"line":14,"column":29}},"5":{"start":{"line":15,"column":26},"end":{"line":15,"column":47}},"6":{"start":{"line":17,"column":4},"end":{"line":23,"column":5}},"7":{"start":{"line":18,"column":6},"end":{"line":22,"column":9}},"8":{"start":{"line":25,"column":4},"end":{"line":31,"column":5}},"9":{"start":{"line":26,"column":6},"end":{"line":30,"column":9}},"10":{"start":{"line":32,"column":4},"end":{"line":32,"column":16}},"11":{"start":{"line":11,"column":13},"end":{"line":11,"column":24}},"12":{"start":{"line":11,"column":13},"end":{"line":34,"column":null}}},"fnMap":{"0":{"name":"(anonymous_1)","decl":{"start":{"line":12,"column":2},"end":{"line":12,"column":13}},"loc":{"start":{"line":12,"column":39},"end":{"line":33,"column":3}}}},"branchMap":{"0":{"loc":{"start":{"line":17,"column":4},"end":{"line":23,"column":5}},"type":"if","locations":[{"start":{"line":17,"column":4},"end":{"line":23,"column":5}}]},"1":{"loc":{"start":{"line":17,"column":8},"end":{"line":17,"column":43}},"type":"binary-expr","locations":[{"start":{"line":17,"column":8},"end":{"line":17,"column":26}},{"start":{"line":17,"column":30},"end":{"line":17,"column":43}}]},"2":{"loc":{"start":{"line":25,"column":4},"end":{"line":31,"column":5}},"type":"if","locations":[{"start":{"line":25,"column":4},"end":{"line":31,"column":5}}]}},"s":{"0":1,"1":1,"2":1,"3":5,"4":5,"5":5,"6":5,"7":2,"8":3,"9":2,"10":1,"11":1,"12":1},"f":{"0":5},"b":{"0":[2],"1":[5,3],"2":[2]}},"/home/ubuntu/repos/.worktrees/com.lotto.service.sso-player/sso-jwt-issuer-audience/src/utils/case-converter.ts":{"path":"/home/ubuntu/repos/.worktrees/com.lotto.service.sso-player/sso-jwt-issuer-audience/src/utils/case-converter.ts","statementMap":{"0":{"start":{"line":1,"column":0},"end":{"line":1,"column":16}},"1":{"start":{"line":5,"column":0},"end":{"line":5,"column":16}},"2":{"start":{"line":2,"column":2},"end":{"line":2,"column":71}},"3":{"start":{"line":2,"column":43},"end":{"line":2,"column":69}},"4":{"start":{"line":6,"column":2},"end":{"line":8,"column":4}},"5":{"start":{"line":7,"column":4},"end":{"line":7,"column":24}}},"fnMap":{"0":{"name":"camelToSnakeCase","decl":{"start":{"line":1,"column":16},"end":{"line":1,"column":32}},"loc":{"start":{"line":1,"column":44},"end":{"line":3,"column":1}}},"1":{"name":"(anonymous_1)","decl":{"start":{"line":2,"column":31},"end":{"line":2,"column":32}},"loc":{"start":{"line":2,"column":43},"end":{"line":2,"column":69}}},"2":{"name":"snakeToCamelCase","decl":{"start":{"line":5,"column":16},"end":{"line":5,"column":32}},"loc":{"start":{"line":5,"column":44},"end":{"line":9,"column":1}}},"3":{"name":"(anonymous_3)","decl":{"start":{"line":6,"column":34},"end":{"line":6,"column":35}},"loc":{"start":{"line":7,"column":4},"end":{"line":7,"column":24}}}},"branchMap":{},"s":{"0":1,"1":1,"2":3,"3":2,"4":4,"5":4},"f":{"0":3,"1":2,"2":4,"3":4},"b":{}},"/home/ubuntu/repos/.worktrees/com.lotto.service.sso-player/sso-jwt-issuer-audience/src/common/enum/utils.enum.ts":{"path":"/home/ubuntu/repos/.worktrees/com.lotto.service.sso-player/sso-jwt-issuer-audience/src/common/enum/utils.enum.ts","statementMap":{"0":{"start":{"line":1,"column":0},"end":{"line":1,"column":16}},"1":{"start":{"line":2,"column":21},"end":{"line":2,"column":56}},"2":{"start":{"line":3,"column":2},"end":{"line":5,"column":3}},"3":{"start":{"line":4,"column":4},"end":{"line":4,"column":47}},"4":{"start":{"line":7,"column":2},"end":{"line":7,"column":64}}},"fnMap":{"0":{"name":"mapEnum","decl":{"start":{"line":1,"column":16},"end":{"line":1,"column":23}},"loc":{"start":{"line":1,"column":53},"end":{"line":8,"column":1}}}},"branchMap":{"0":{"loc":{"start":{"line":3,"column":2},"end":{"line":5,"column":3}},"type":"if","locations":[{"start":{"line":3,"column":2},"end":{"line":5,"column":3}}]}},"s":{"0":0,"1":0,"2":0,"3":0,"4":0},"f":{"0":0},"b":{"0":[0]}},"/home/ubuntu/repos/.worktrees/com.lotto.service.sso-player/sso-jwt-issuer-audience/src/modules/auth/dto/login.dto.ts":{"path":"/home/ubuntu/repos/.worktrees/com.lotto.service.sso-player/sso-jwt-issuer-audience/src/modules/auth/dto/login.dto.ts","statementMap":{"0":{"start":{"line":1,"column":0},"end":{"line":1,"column":43}},"1":{"start":{"line":3,"column":0},"end":{"line":3,"column":13}},"2":{"start":{"line":5,"column":2},"end":{"line":5,"column":null}},"3":{"start":{"line":8,"column":2},"end":{"line":8,"column":null}}},"fnMap":{},"branchMap":{},"s":{"0":0,"1":0,"2":0,"3":0},"f":{},"b":{}},"/home/ubuntu/repos/.worktrees/com.lotto.service.sso-player/sso-jwt-issuer-audience/src/modules/user/dto/assign-role-response.dto.ts":{"path":"/home/ubuntu/repos/.worktrees/com.lotto.service.sso-player/sso-jwt-issuer-audience/src/modules/user/dto/assign-role-response.dto.ts","statementMap":{"0":{"start":{"line":1,"column":0},"end":{"line":1,"column":13}}},"fnMap":{},"branchMap":{},"s":{"0":0},"f":{},"b":{}},"/home/ubuntu/repos/.worktrees/com.lotto.service.sso-player/sso-jwt-issuer-audience/src/modules/auth/services/refresh-token.service.ts":{"path":"/home/ubuntu/repos/.worktrees/com.lotto.service.sso-player/sso-jwt-issuer-audience/src/modules/auth/services/refresh-token.service.ts","statementMap":{"0":{"start":{"line":1,"column":0},"end":{"line":1,"column":52}},"1":{"start":{"line":2,"column":0},"end":{"line":2,"column":60}},"2":{"start":{"line":11,"column":32},"end":{"line":48,"column":null}},"3":{"start":{"line":14,"column":31},"end":{"line":14,"column":39}},"4":{"start":{"line":12,"column":19},"end":{"line":12,"column":65}},"5":{"start":{"line":21,"column":4},"end":{"line":21,"column":58}},"6":{"start":{"line":22,"column":4},"end":{"line":28,"column":7}},"7":{"start":{"line":32,"column":4},"end":{"line":34,"column":7}},"8":{"start":{"line":38,"column":4},"end":{"line":40,"column":7}},"9":{"start":{"line":44,"column":4},"end":{"line":46,"column":7}},"10":{"start":{"line":11,"column":13},"end":{"line":11,"column":32}},"11":{"start":{"line":11,"column":13},"end":{"line":48,"column":null}}},"fnMap":{"0":{"name":"(anonymous_2)","decl":{"start":{"line":14,"column":2},"end":{"line":14,"column":31}},"loc":{"start":{"line":14,"column":52},"end":{"line":14,"column":56}}},"1":{"name":"(anonymous_3)","decl":{"start":{"line":16,"column":2},"end":{"line":16,"column":7}},"loc":{"start":{"line":19,"column":19},"end":{"line":29,"column":3}}},"2":{"name":"(anonymous_4)","decl":{"start":{"line":31,"column":2},"end":{"line":31,"column":7}},"loc":{"start":{"line":31,"column":33},"end":{"line":35,"column":3}}},"3":{"name":"(anonymous_5)","decl":{"start":{"line":37,"column":2},"end":{"line":37,"column":7}},"loc":{"start":{"line":37,"column":28},"end":{"line":41,"column":3}}},"4":{"name":"(anonymous_6)","decl":{"start":{"line":43,"column":2},"end":{"line":43,"column":7}},"loc":{"start":{"line":43,"column":39},"end":{"line":47,"column":3}}}},"branchMap":{"0":{"loc":{"start":{"line":14,"column":39},"end":{"line":14,"column":55}},"type":"cond-expr","locations":[{"start":{"line":14,"column":52},"end":{"line":14,"column":55}},{"start":{"line":14,"column":52},"end":{"line":14,"column":55}}]},"1":{"loc":{"start":{"line":14,"column":39},"end":{"line":14,"column":52}},"type":"binary-expr","locations":[{"start":{"line":14,"column":39},"end":{"line":14,"column":55}},{"start":{"line":14,"column":39},"end":{"line":14,"column":52}}]}},"s":{"0":0,"1":0,"2":0,"3":0,"4":0,"5":0,"6":0,"7":0,"8":0,"9":0,"10":0,"11":0},"f":{"0":0,"1":0,"2":0,"3":0,"4":0},"b":{"0":[0,0],"1":[0,0]}},"/home/ubuntu/repos/.worktrees/com.lotto.service.sso-player/sso-jwt-issuer-audience/src/modules/user/dto/update-user.dto.ts":{"path":"/home/ubuntu/repos/.worktrees/com.lotto.service.sso-player/sso-jwt-issuer-audience/src/modules/user/dto/update-user.dto.ts","statementMap":{"0":{"start":{"line":1,"column":0},"end":{"line":1,"column":55}},"1":{"start":{"line":3,"column":0},"end":{"line":3,"column":13}},"2":{"start":{"line":6,"column":2},"end":{"line":6,"column":null}}},"fnMap":{},"branchMap":{},"s":{"0":0,"1":0,"2":0},"f":{},"b":{}},"/home/ubuntu/repos/.worktrees/com.lotto.service.sso-player/sso-jwt-issuer-audience/src/modules/auth/dto/update-user.dto.ts":{"path":"/home/ubuntu/repos/.worktrees/com.lotto.service.sso-player/sso-jwt-issuer-audience/src/modules/auth/dto/update-user.dto.ts","statementMap":{"0":{"start":{"line":1,"column":0},"end":{"line":1,"column":46}},"1":{"start":{"line":2,"column":0},"end":{"line":2,"column":55}},"2":{"start":{"line":4,"column":0},"end":{"line":4,"column":13}},"3":{"start":{"line":8,"column":2},"end":{"line":8,"column":null}}},"fnMap":{},"branchMap":{},"s":{"0":0,"1":0,"2":0,"3":0},"f":{},"b":{}},"/home/ubuntu/repos/.worktrees/com.lotto.service.sso-player/sso-jwt-issuer-audience/src/modules/auth/entity/role.entity.ts":{"path":"/home/ubuntu/repos/.worktrees/com.lotto.service.sso-player/sso-jwt-issuer-audience/src/modules/auth/entity/role.entity.ts","statementMap":{"0":{"start":{"line":1,"column":0},"end":{"line":1,"column":46}},"1":{"start":{"line":60,"column":4},"end":{"line":60,"column":33}},"2":{"start":{"line":3,"column":0},"end":{"line":3,"column":13}},"3":{"start":{"line":8,"column":2},"end":{"line":8,"column":null}},"4":{"start":{"line":14,"column":2},"end":{"line":14,"column":null}},"5":{"start":{"line":20,"column":2},"end":{"line":20,"column":null}},"6":{"start":{"line":26,"column":2},"end":{"line":26,"column":null}},"7":{"start":{"line":32,"column":2},"end":{"line":32,"column":null}},"8":{"start":{"line":51,"column":2},"end":{"line":57,"column":null}}},"fnMap":{"0":{"name":"(anonymous_2)","decl":{"start":{"line":59,"column":2},"end":{"line":59,"column":14}},"loc":{"start":{"line":59,"column":36},"end":{"line":61,"column":3}}}},"branchMap":{"0":{"loc":{"start":{"line":26,"column":13},"end":{"line":26,"column":18}},"type":"cond-expr","locations":[{"start":{"line":26,"column":17},"end":{"line":26,"column":18}},{"start":{"line":26,"column":17},"end":{"line":26,"column":18}}]},"1":{"loc":{"start":{"line":26,"column":13},"end":{"line":26,"column":17}},"type":"binary-expr","locations":[{"start":{"line":26,"column":13},"end":{"line":26,"column":18}},{"start":{"line":26,"column":13},"end":{"line":26,"column":17}}]},"2":{"loc":{"start":{"line":32,"column":13},"end":{"line":32,"column":18}},"type":"cond-expr","locations":[{"start":{"line":32,"column":17},"end":{"line":32,"column":18}},{"start":{"line":32,"column":17},"end":{"line":32,"column":18}}]},"3":{"loc":{"start":{"line":32,"column":13},"end":{"line":32,"column":17}},"type":"binary-expr","locations":[{"start":{"line":32,"column":13},"end":{"line":32,"column":18}},{"start":{"line":32,"column":13},"end":{"line":32,"column":17}}]}},"s":{"0":0,"1":0,"2":0,"3":0,"4":0,"5":0,"6":0,"7":0,"8":0},"f":{"0":0},"b":{"0":[0,0],"1":[0,0],"2":[0,0],"3":[0,0]}}}}
