{"total": {"lines":{"total":1485,"covered":309,"skipped":0,"pct":20.8},"statements":{"total":1582,"covered":327,"skipped":0,"pct":20.67},"functions":{"total":260,"covered":62,"skipped":0,"pct":23.84},"branches":{"total":863,"covered":198,"skipped":0,"pct":22.94},"branchesTrue":{"total":0,"covered":0,"skipped":0,"pct":100}}
,"/home/ubuntu/repos/.worktrees/com.lotto.service.sso-player/ratchet-green/src/app/app.controller.ts": {"lines":{"total":18,"covered":0,"skipped":0,"pct":0},"functions":{"total":3,"covered":0,"skipped":0,"pct":0},"statements":{"total":20,"covered":0,"skipped":0,"pct":0},"branches":{"total":21,"covered":0,"skipped":0,"pct":0}}
,"/home/ubuntu/repos/.worktrees/com.lotto.service.sso-player/ratchet-green/src/common/enum/utils.enum.ts": {"lines":{"total":5,"covered":0,"skipped":0,"pct":0},"functions":{"total":1,"covered":0,"skipped":0,"pct":0},"statements":{"total":5,"covered":0,"skipped":0,"pct":0},"branches":{"total":1,"covered":0,"skipped":0,"pct":0}}
,"/home/ubuntu/repos/.worktrees/com.lotto.service.sso-player/ratchet-green/src/common/value-object/uuid.value-object.ts": {"lines":{"total":11,"covered":9,"skipped":0,"pct":81.81},"functions":{"total":4,"covered":3,"skipped":0,"pct":75},"statements":{"total":11,"covered":9,"skipped":0,"pct":81.81},"branches":{"total":3,"covered":2,"skipped":0,"pct":66.66}}
,"/home/ubuntu/repos/.worktrees/com.lotto.service.sso-player/ratchet-green/src/core/decorators/custom.decorator.ts": {"lines":{"total":12,"covered":0,"skipped":0,"pct":0},"functions":{"total":5,"covered":0,"skipped":0,"pct":0},"statements":{"total":13,"covered":0,"skipped":0,"pct":0},"branches":{"total":0,"covered":0,"skipped":0,"pct":100}}
,"/home/ubuntu/repos/.worktrees/com.lotto.service.sso-player/ratchet-green/src/core/decorators/roles.decorator.ts": {"lines":{"total":4,"covered":0,"skipped":0,"pct":0},"functions":{"total":1,"covered":0,"skipped":0,"pct":0},"statements":{"total":5,"covered":0,"skipped":0,"pct":0},"branches":{"total":0,"covered":0,"skipped":0,"pct":100}}
,"/home/ubuntu/repos/.worktrees/com.lotto.service.sso-player/ratchet-green/src/core/filters/http.exception.filters.ts": {"lines":{"total":29,"covered":0,"skipped":0,"pct":0},"functions":{"total":2,"covered":0,"skipped":0,"pct":0},"statements":{"total":31,"covered":0,"skipped":0,"pct":0},"branches":{"total":18,"covered":0,"skipped":0,"pct":0}}
,"/home/ubuntu/repos/.worktrees/com.lotto.service.sso-player/ratchet-green/src/core/guards/roles.guard.ts": {"lines":{"total":18,"covered":0,"skipped":0,"pct":0},"functions":{"total":3,"covered":0,"skipped":0,"pct":0},"statements":{"total":21,"covered":0,"skipped":0,"pct":0},"branches":{"total":8,"covered":0,"skipped":0,"pct":0}}
,"/home/ubuntu/repos/.worktrees/com.lotto.service.sso-player/ratchet-green/src/core/interceptors/transform.interceptor.ts": {"lines":{"total":19,"covered":0,"skipped":0,"pct":0},"functions":{"total":3,"covered":0,"skipped":0,"pct":0},"statements":{"total":21,"covered":0,"skipped":0,"pct":0},"branches":{"total":19,"covered":0,"skipped":0,"pct":0}}
,"/home/ubuntu/repos/.worktrees/com.lotto.service.sso-player/ratchet-green/src/decorators/correlation-id.decorator.ts": {"lines":{"total":4,"covered":2,"skipped":0,"pct":50},"functions":{"total":1,"covered":0,"skipped":0,"pct":0},"statements":{"total":4,"covered":2,"skipped":0,"pct":50},"branches":{"total":2,"covered":0,"skipped":0,"pct":0}}
,"/home/ubuntu/repos/.worktrees/com.lotto.service.sso-player/ratchet-green/src/middleware/correlation-id.middleware.ts": {"lines":{"total":8,"covered":0,"skipped":0,"pct":0},"functions":{"total":1,"covered":0,"skipped":0,"pct":0},"statements":{"total":10,"covered":0,"skipped":0,"pct":0},"branches":{"total":4,"covered":0,"skipped":0,"pct":0}}
,"/home/ubuntu/repos/.worktrees/com.lotto.service.sso-player/ratchet-green/src/middleware/cors.middleware.ts": {"lines":{"total":37,"covered":0,"skipped":0,"pct":0},"functions":{"total":10,"covered":0,"skipped":0,"pct":0},"statements":{"total":40,"covered":0,"skipped":0,"pct":0},"branches":{"total":14,"covered":0,"skipped":0,"pct":0}}
,"/home/ubuntu/repos/.worktrees/com.lotto.service.sso-player/ratchet-green/src/middleware/logging.middleware.ts": {"lines":{"total":11,"covered":0,"skipped":0,"pct":0},"functions":{"total":3,"covered":0,"skipped":0,"pct":0},"statements":{"total":11,"covered":0,"skipped":0,"pct":0},"branches":{"total":3,"covered":0,"skipped":0,"pct":0}}
,"/home/ubuntu/repos/.worktrees/com.lotto.service.sso-player/ratchet-green/src/modules/auth/controller/assign-permissions.controller.ts": {"lines":{"total":19,"covered":0,"skipped":0,"pct":0},"functions":{"total":2,"covered":0,"skipped":0,"pct":0},"statements":{"total":21,"covered":0,"skipped":0,"pct":0},"branches":{"total":18,"covered":0,"skipped":0,"pct":0}}
,"/home/ubuntu/repos/.worktrees/com.lotto.service.sso-player/ratchet-green/src/modules/auth/controller/auth.controller.ts": {"lines":{"total":63,"covered":63,"skipped":0,"pct":100},"functions":{"total":10,"covered":10,"skipped":0,"pct":100},"statements":{"total":65,"covered":65,"skipped":0,"pct":100},"branches":{"total":93,"covered":62,"skipped":0,"pct":66.66}}
,"/home/ubuntu/repos/.worktrees/com.lotto.service.sso-player/ratchet-green/src/modules/auth/controller/delete-permissions.controller.ts": {"lines":{"total":13,"covered":0,"skipped":0,"pct":0},"functions":{"total":2,"covered":0,"skipped":0,"pct":0},"statements":{"total":15,"covered":0,"skipped":0,"pct":0},"branches":{"total":17,"covered":0,"skipped":0,"pct":0}}
,"/home/ubuntu/repos/.worktrees/com.lotto.service.sso-player/ratchet-green/src/modules/auth/controller/delete-role.controller.ts": {"lines":{"total":18,"covered":0,"skipped":0,"pct":0},"functions":{"total":2,"covered":0,"skipped":0,"pct":0},"statements":{"total":20,"covered":0,"skipped":0,"pct":0},"branches":{"total":18,"covered":0,"skipped":0,"pct":0}}
,"/home/ubuntu/repos/.worktrees/com.lotto.service.sso-player/ratchet-green/src/modules/auth/controller/permission.controller.ts": {"lines":{"total":23,"covered":0,"skipped":0,"pct":0},"functions":{"total":3,"covered":0,"skipped":0,"pct":0},"statements":{"total":25,"covered":0,"skipped":0,"pct":0},"branches":{"total":21,"covered":0,"skipped":0,"pct":0}}
,"/home/ubuntu/repos/.worktrees/com.lotto.service.sso-player/ratchet-green/src/modules/auth/controller/remove-permissions.controller.ts": {"lines":{"total":19,"covered":0,"skipped":0,"pct":0},"functions":{"total":2,"covered":0,"skipped":0,"pct":0},"statements":{"total":21,"covered":0,"skipped":0,"pct":0},"branches":{"total":22,"covered":0,"skipped":0,"pct":0}}
,"/home/ubuntu/repos/.worktrees/com.lotto.service.sso-player/ratchet-green/src/modules/auth/controller/role.controller.ts": {"lines":{"total":37,"covered":0,"skipped":0,"pct":0},"functions":{"total":4,"covered":0,"skipped":0,"pct":0},"statements":{"total":39,"covered":0,"skipped":0,"pct":0},"branches":{"total":40,"covered":0,"skipped":0,"pct":0}}
,"/home/ubuntu/repos/.worktrees/com.lotto.service.sso-player/ratchet-green/src/modules/auth/decorators/public.decorator.ts": {"lines":{"total":4,"covered":4,"skipped":0,"pct":100},"functions":{"total":1,"covered":1,"skipped":0,"pct":100},"statements":{"total":5,"covered":5,"skipped":0,"pct":100},"branches":{"total":0,"covered":0,"skipped":0,"pct":100}}
,"/home/ubuntu/repos/.worktrees/com.lotto.service.sso-player/ratchet-green/src/modules/auth/decorators/require-permissions.decorator.ts": {"lines":{"total":4,"covered":0,"skipped":0,"pct":0},"functions":{"total":1,"covered":0,"skipped":0,"pct":0},"statements":{"total":5,"covered":0,"skipped":0,"pct":0},"branches":{"total":0,"covered":0,"skipped":0,"pct":100}}
,"/home/ubuntu/repos/.worktrees/com.lotto.service.sso-player/ratchet-green/src/modules/auth/dto/assign-permissions.dto.ts": {"lines":{"total":5,"covered":0,"skipped":0,"pct":0},"functions":{"total":0,"covered":0,"skipped":0,"pct":100},"statements":{"total":5,"covered":0,"skipped":0,"pct":0},"branches":{"total":0,"covered":0,"skipped":0,"pct":100}}
,"/home/ubuntu/repos/.worktrees/com.lotto.service.sso-player/ratchet-green/src/modules/auth/dto/create-permission.dto.ts": {"lines":{"total":5,"covered":0,"skipped":0,"pct":0},"functions":{"total":0,"covered":0,"skipped":0,"pct":100},"statements":{"total":5,"covered":0,"skipped":0,"pct":0},"branches":{"total":0,"covered":0,"skipped":0,"pct":100}}
,"/home/ubuntu/repos/.worktrees/com.lotto.service.sso-player/ratchet-green/src/modules/auth/dto/create-role.dto.ts": {"lines":{"total":5,"covered":0,"skipped":0,"pct":0},"functions":{"total":0,"covered":0,"skipped":0,"pct":100},"statements":{"total":5,"covered":0,"skipped":0,"pct":0},"branches":{"total":0,"covered":0,"skipped":0,"pct":100}}
,"/home/ubuntu/repos/.worktrees/com.lotto.service.sso-player/ratchet-green/src/modules/auth/dto/delete-permissions.dto.ts": {"lines":{"total":4,"covered":0,"skipped":0,"pct":0},"functions":{"total":0,"covered":0,"skipped":0,"pct":100},"statements":{"total":4,"covered":0,"skipped":0,"pct":0},"branches":{"total":0,"covered":0,"skipped":0,"pct":100}}
,"/home/ubuntu/repos/.worktrees/com.lotto.service.sso-player/ratchet-green/src/modules/auth/dto/delete-role.dto.ts": {"lines":{"total":4,"covered":0,"skipped":0,"pct":0},"functions":{"total":0,"covered":0,"skipped":0,"pct":100},"statements":{"total":4,"covered":0,"skipped":0,"pct":0},"branches":{"total":0,"covered":0,"skipped":0,"pct":100}}
,"/home/ubuntu/repos/.worktrees/com.lotto.service.sso-player/ratchet-green/src/modules/auth/dto/login-user.dto.ts": {"lines":{"total":7,"covered":7,"skipped":0,"pct":100},"functions":{"total":0,"covered":0,"skipped":0,"pct":100},"statements":{"total":7,"covered":7,"skipped":0,"pct":100},"branches":{"total":0,"covered":0,"skipped":0,"pct":100}}
,"/home/ubuntu/repos/.worktrees/com.lotto.service.sso-player/ratchet-green/src/modules/auth/dto/login.dto.ts": {"lines":{"total":4,"covered":0,"skipped":0,"pct":0},"functions":{"total":0,"covered":0,"skipped":0,"pct":100},"statements":{"total":4,"covered":0,"skipped":0,"pct":0},"branches":{"total":0,"covered":0,"skipped":0,"pct":100}}
,"/home/ubuntu/repos/.worktrees/com.lotto.service.sso-player/ratchet-green/src/modules/auth/dto/logout.dto.ts": {"lines":{"total":4,"covered":4,"skipped":0,"pct":100},"functions":{"total":0,"covered":0,"skipped":0,"pct":100},"statements":{"total":4,"covered":4,"skipped":0,"pct":100},"branches":{"total":0,"covered":0,"skipped":0,"pct":100}}
,"/home/ubuntu/repos/.worktrees/com.lotto.service.sso-player/ratchet-green/src/modules/auth/dto/refresh-token.dto.ts": {"lines":{"total":4,"covered":4,"skipped":0,"pct":100},"functions":{"total":0,"covered":0,"skipped":0,"pct":100},"statements":{"total":4,"covered":4,"skipped":0,"pct":100},"branches":{"total":0,"covered":0,"skipped":0,"pct":100}}
,"/home/ubuntu/repos/.worktrees/com.lotto.service.sso-player/ratchet-green/src/modules/auth/dto/register-user.dto.ts": {"lines":{"total":5,"covered":5,"skipped":0,"pct":100},"functions":{"total":0,"covered":0,"skipped":0,"pct":100},"statements":{"total":5,"covered":5,"skipped":0,"pct":100},"branches":{"total":0,"covered":0,"skipped":0,"pct":100}}
,"/home/ubuntu/repos/.worktrees/com.lotto.service.sso-player/ratchet-green/src/modules/auth/dto/remove-permissions.dto.ts": {"lines":{"total":5,"covered":0,"skipped":0,"pct":0},"functions":{"total":0,"covered":0,"skipped":0,"pct":100},"statements":{"total":5,"covered":0,"skipped":0,"pct":0},"branches":{"total":0,"covered":0,"skipped":0,"pct":100}}
,"/home/ubuntu/repos/.worktrees/com.lotto.service.sso-player/ratchet-green/src/modules/auth/dto/update-user.dto.ts": {"lines":{"total":4,"covered":0,"skipped":0,"pct":0},"functions":{"total":0,"covered":0,"skipped":0,"pct":100},"statements":{"total":4,"covered":0,"skipped":0,"pct":0},"branches":{"total":0,"covered":0,"skipped":0,"pct":100}}
,"/home/ubuntu/repos/.worktrees/com.lotto.service.sso-player/ratchet-green/src/modules/auth/entity/role.entity.ts": {"lines":{"total":9,"covered":0,"skipped":0,"pct":0},"functions":{"total":1,"covered":0,"skipped":0,"pct":0},"statements":{"total":9,"covered":0,"skipped":0,"pct":0},"branches":{"total":8,"covered":0,"skipped":0,"pct":0}}
,"/home/ubuntu/repos/.worktrees/com.lotto.service.sso-player/ratchet-green/src/modules/auth/guards/jwt-auth.guard.ts": {"lines":{"total":22,"covered":5,"skipped":0,"pct":22.72},"functions":{"total":4,"covered":0,"skipped":0,"pct":0},"statements":{"total":24,"covered":7,"skipped":0,"pct":29.16},"branches":{"total":11,"covered":3,"skipped":0,"pct":27.27}}
,"/home/ubuntu/repos/.worktrees/com.lotto.service.sso-player/ratchet-green/src/modules/auth/guards/local-auth.guard.ts": {"lines":{"total":3,"covered":0,"skipped":0,"pct":0},"functions":{"total":1,"covered":0,"skipped":0,"pct":0},"statements":{"total":3,"covered":0,"skipped":0,"pct":0},"branches":{"total":0,"covered":0,"skipped":0,"pct":100}}
,"/home/ubuntu/repos/.worktrees/com.lotto.service.sso-player/ratchet-green/src/modules/auth/guards/permission.guard.ts": {"lines":{"total":29,"covered":0,"skipped":0,"pct":0},"functions":{"total":3,"covered":0,"skipped":0,"pct":0},"statements":{"total":31,"covered":0,"skipped":0,"pct":0},"branches":{"total":13,"covered":0,"skipped":0,"pct":0}}
,"/home/ubuntu/repos/.worktrees/com.lotto.service.sso-player/ratchet-green/src/modules/auth/guards/roles.guard.ts": {"lines":{"total":10,"covered":0,"skipped":0,"pct":0},"functions":{"total":2,"covered":0,"skipped":0,"pct":0},"statements":{"total":12,"covered":0,"skipped":0,"pct":0},"branches":{"total":5,"covered":0,"skipped":0,"pct":0}}
,"/home/ubuntu/repos/.worktrees/com.lotto.service.sso-player/ratchet-green/src/modules/auth/guards/session-cookie.guard.ts": {"lines":{"total":9,"covered":9,"skipped":0,"pct":100},"functions":{"total":2,"covered":2,"skipped":0,"pct":100},"statements":{"total":11,"covered":11,"skipped":0,"pct":100},"branches":{"total":5,"covered":4,"skipped":0,"pct":80}}
,"/home/ubuntu/repos/.worktrees/com.lotto.service.sso-player/ratchet-green/src/modules/auth/guards/status.guard.ts": {"lines":{"total":11,"covered":0,"skipped":0,"pct":0},"functions":{"total":1,"covered":0,"skipped":0,"pct":0},"statements":{"total":13,"covered":0,"skipped":0,"pct":0},"branches":{"total":2,"covered":0,"skipped":0,"pct":0}}
,"/home/ubuntu/repos/.worktrees/com.lotto.service.sso-player/ratchet-green/src/modules/auth/model/refresh-token.model.ts": {"lines":{"total":20,"covered":14,"skipped":0,"pct":70},"functions":{"total":8,"covered":3,"skipped":0,"pct":37.5},"statements":{"total":20,"covered":14,"skipped":0,"pct":70},"branches":{"total":15,"covered":14,"skipped":0,"pct":93.33}}
,"/home/ubuntu/repos/.worktrees/com.lotto.service.sso-player/ratchet-green/src/modules/auth/repository/refresh-token.repository.ts": {"lines":{"total":17,"covered":4,"skipped":0,"pct":23.52},"functions":{"total":5,"covered":0,"skipped":0,"pct":0},"statements":{"total":19,"covered":6,"skipped":0,"pct":31.57},"branches":{"total":20,"covered":6,"skipped":0,"pct":30}}
,"/home/ubuntu/repos/.worktrees/com.lotto.service.sso-player/ratchet-green/src/modules/auth/services/auth.service.ts": {"lines":{"total":146,"covered":97,"skipped":0,"pct":66.43},"functions":{"total":25,"covered":17,"skipped":0,"pct":68},"statements":{"total":148,"covered":99,"skipped":0,"pct":66.89},"branches":{"total":108,"covered":67,"skipped":0,"pct":62.03}}
,"/home/ubuntu/repos/.worktrees/com.lotto.service.sso-player/ratchet-green/src/modules/auth/services/bootstrap.service.ts": {"lines":{"total":89,"covered":0,"skipped":0,"pct":0},"functions":{"total":18,"covered":0,"skipped":0,"pct":0},"statements":{"total":94,"covered":0,"skipped":0,"pct":0},"branches":{"total":30,"covered":0,"skipped":0,"pct":0}}
,"/home/ubuntu/repos/.worktrees/com.lotto.service.sso-player/ratchet-green/src/modules/auth/services/permission.service.ts": {"lines":{"total":27,"covered":0,"skipped":0,"pct":0},"functions":{"total":5,"covered":0,"skipped":0,"pct":0},"statements":{"total":29,"covered":0,"skipped":0,"pct":0},"branches":{"total":13,"covered":0,"skipped":0,"pct":0}}
,"/home/ubuntu/repos/.worktrees/com.lotto.service.sso-player/ratchet-green/src/modules/auth/services/refresh-token.service.ts": {"lines":{"total":10,"covered":0,"skipped":0,"pct":0},"functions":{"total":5,"covered":0,"skipped":0,"pct":0},"statements":{"total":12,"covered":0,"skipped":0,"pct":0},"branches":{"total":4,"covered":0,"skipped":0,"pct":0}}
,"/home/ubuntu/repos/.worktrees/com.lotto.service.sso-player/ratchet-green/src/modules/auth/services/role.service.ts": {"lines":{"total":66,"covered":0,"skipped":0,"pct":0},"functions":{"total":17,"covered":0,"skipped":0,"pct":0},"statements":{"total":70,"covered":0,"skipped":0,"pct":0},"branches":{"total":21,"covered":0,"skipped":0,"pct":0}}
,"/home/ubuntu/repos/.worktrees/com.lotto.service.sso-player/ratchet-green/src/modules/auth/strategy/jwt.strategy.ts": {"lines":{"total":19,"covered":0,"skipped":0,"pct":0},"functions":{"total":3,"covered":0,"skipped":0,"pct":0},"statements":{"total":21,"covered":0,"skipped":0,"pct":0},"branches":{"total":18,"covered":0,"skipped":0,"pct":0}}
,"/home/ubuntu/repos/.worktrees/com.lotto.service.sso-player/ratchet-green/src/modules/auth/strategy/local.strategy.ts": {"lines":{"total":11,"covered":0,"skipped":0,"pct":0},"functions":{"total":2,"covered":0,"skipped":0,"pct":0},"statements":{"total":13,"covered":0,"skipped":0,"pct":0},"branches":{"total":5,"covered":0,"skipped":0,"pct":0}}
,"/home/ubuntu/repos/.worktrees/com.lotto.service.sso-player/ratchet-green/src/modules/prisma/prisma.service.ts": {"lines":{"total":11,"covered":4,"skipped":0,"pct":36.36},"functions":{"total":4,"covered":0,"skipped":0,"pct":0},"statements":{"total":13,"covered":6,"skipped":0,"pct":46.15},"branches":{"total":2,"covered":0,"skipped":0,"pct":0}}
,"/home/ubuntu/repos/.worktrees/com.lotto.service.sso-player/ratchet-green/src/modules/user/controller/assign-role.controller.ts": {"lines":{"total":20,"covered":0,"skipped":0,"pct":0},"functions":{"total":3,"covered":0,"skipped":0,"pct":0},"statements":{"total":22,"covered":0,"skipped":0,"pct":0},"branches":{"total":18,"covered":0,"skipped":0,"pct":0}}
,"/home/ubuntu/repos/.worktrees/com.lotto.service.sso-player/ratchet-green/src/modules/user/controller/change-password.controller.ts": {"lines":{"total":32,"covered":0,"skipped":0,"pct":0},"functions":{"total":2,"covered":0,"skipped":0,"pct":0},"statements":{"total":34,"covered":0,"skipped":0,"pct":0},"branches":{"total":24,"covered":0,"skipped":0,"pct":0}}
,"/home/ubuntu/repos/.worktrees/com.lotto.service.sso-player/ratchet-green/src/modules/user/controller/change-status.controller.ts": {"lines":{"total":21,"covered":0,"skipped":0,"pct":0},"functions":{"total":2,"covered":0,"skipped":0,"pct":0},"statements":{"total":23,"covered":0,"skipped":0,"pct":0},"branches":{"total":18,"covered":0,"skipped":0,"pct":0}}
,"/home/ubuntu/repos/.worktrees/com.lotto.service.sso-player/ratchet-green/src/modules/user/controller/list-users.controller.ts": {"lines":{"total":18,"covered":0,"skipped":0,"pct":0},"functions":{"total":2,"covered":0,"skipped":0,"pct":0},"statements":{"total":20,"covered":0,"skipped":0,"pct":0},"branches":{"total":21,"covered":0,"skipped":0,"pct":0}}
,"/home/ubuntu/repos/.worktrees/com.lotto.service.sso-player/ratchet-green/src/modules/user/controller/me.controller.ts": {"lines":{"total":10,"covered":0,"skipped":0,"pct":0},"functions":{"total":2,"covered":0,"skipped":0,"pct":0},"statements":{"total":12,"covered":0,"skipped":0,"pct":0},"branches":{"total":8,"covered":0,"skipped":0,"pct":0}}
,"/home/ubuntu/repos/.worktrees/com.lotto.service.sso-player/ratchet-green/src/modules/user/controller/new-user.controller.ts": {"lines":{"total":20,"covered":0,"skipped":0,"pct":0},"functions":{"total":2,"covered":0,"skipped":0,"pct":0},"statements":{"total":22,"covered":0,"skipped":0,"pct":0},"branches":{"total":18,"covered":0,"skipped":0,"pct":0}}
,"/home/ubuntu/repos/.worktrees/com.lotto.service.sso-player/ratchet-green/src/modules/user/controller/remove-roles.controller.ts": {"lines":{"total":20,"covered":0,"skipped":0,"pct":0},"functions":{"total":3,"covered":0,"skipped":0,"pct":0},"statements":{"total":22,"covered":0,"skipped":0,"pct":0},"branches":{"total":18,"covered":0,"skipped":0,"pct":0}}
,"/home/ubuntu/repos/.worktrees/com.lotto.service.sso-player/ratchet-green/src/modules/user/dto/assign-role-response.dto.ts": {"lines":{"total":1,"covered":0,"skipped":0,"pct":0},"functions":{"total":0,"covered":0,"skipped":0,"pct":100},"statements":{"total":1,"covered":0,"skipped":0,"pct":0},"branches":{"total":0,"covered":0,"skipped":0,"pct":100}}
,"/home/ubuntu/repos/.worktrees/com.lotto.service.sso-player/ratchet-green/src/modules/user/dto/assign-role.dto.ts": {"lines":{"total":5,"covered":0,"skipped":0,"pct":0},"functions":{"total":0,"covered":0,"skipped":0,"pct":100},"statements":{"total":5,"covered":0,"skipped":0,"pct":0},"branches":{"total":0,"covered":0,"skipped":0,"pct":100}}
,"/home/ubuntu/repos/.worktrees/com.lotto.service.sso-player/ratchet-green/src/modules/user/dto/change-password.dto.ts": {"lines":{"total":6,"covered":0,"skipped":0,"pct":0},"functions":{"total":0,"covered":0,"skipped":0,"pct":100},"statements":{"total":6,"covered":0,"skipped":0,"pct":0},"branches":{"total":0,"covered":0,"skipped":0,"pct":100}}
,"/home/ubuntu/repos/.worktrees/com.lotto.service.sso-player/ratchet-green/src/modules/user/dto/change-status.dto.ts": {"lines":{"total":10,"covered":0,"skipped":0,"pct":0},"functions":{"total":1,"covered":0,"skipped":0,"pct":0},"statements":{"total":10,"covered":0,"skipped":0,"pct":0},"branches":{"total":5,"covered":0,"skipped":0,"pct":0}}
,"/home/ubuntu/repos/.worktrees/com.lotto.service.sso-player/ratchet-green/src/modules/user/dto/list-users-query.dto.ts": {"lines":{"total":8,"covered":0,"skipped":0,"pct":0},"functions":{"total":3,"covered":0,"skipped":0,"pct":0},"statements":{"total":10,"covered":0,"skipped":0,"pct":0},"branches":{"total":0,"covered":0,"skipped":0,"pct":100}}
,"/home/ubuntu/repos/.worktrees/com.lotto.service.sso-player/ratchet-green/src/modules/user/dto/list-users-response.dto.ts": {"lines":{"total":19,"covered":0,"skipped":0,"pct":0},"functions":{"total":0,"covered":0,"skipped":0,"pct":100},"statements":{"total":19,"covered":0,"skipped":0,"pct":0},"branches":{"total":12,"covered":0,"skipped":0,"pct":0}}
,"/home/ubuntu/repos/.worktrees/com.lotto.service.sso-player/ratchet-green/src/modules/user/dto/me-response.dto.ts": {"lines":{"total":1,"covered":0,"skipped":0,"pct":0},"functions":{"total":0,"covered":0,"skipped":0,"pct":100},"statements":{"total":1,"covered":0,"skipped":0,"pct":0},"branches":{"total":0,"covered":0,"skipped":0,"pct":100}}
,"/home/ubuntu/repos/.worktrees/com.lotto.service.sso-player/ratchet-green/src/modules/user/dto/new-user.dto.ts": {"lines":{"total":5,"covered":0,"skipped":0,"pct":0},"functions":{"total":0,"covered":0,"skipped":0,"pct":100},"statements":{"total":5,"covered":0,"skipped":0,"pct":0},"branches":{"total":0,"covered":0,"skipped":0,"pct":100}}
,"/home/ubuntu/repos/.worktrees/com.lotto.service.sso-player/ratchet-green/src/modules/user/dto/remove-roles.dto.ts": {"lines":{"total":5,"covered":0,"skipped":0,"pct":0},"functions":{"total":0,"covered":0,"skipped":0,"pct":100},"statements":{"total":5,"covered":0,"skipped":0,"pct":0},"branches":{"total":0,"covered":0,"skipped":0,"pct":100}}
,"/home/ubuntu/repos/.worktrees/com.lotto.service.sso-player/ratchet-green/src/modules/user/dto/update-user.dto.ts": {"lines":{"total":3,"covered":0,"skipped":0,"pct":0},"functions":{"total":0,"covered":0,"skipped":0,"pct":100},"statements":{"total":3,"covered":0,"skipped":0,"pct":0},"branches":{"total":0,"covered":0,"skipped":0,"pct":100}}
,"/home/ubuntu/repos/.worktrees/com.lotto.service.sso-player/ratchet-green/src/modules/user/model/user.model.ts": {"lines":{"total":43,"covered":24,"skipped":0,"pct":55.81},"functions":{"total":21,"covered":11,"skipped":0,"pct":52.38},"statements":{"total":43,"covered":24,"skipped":0,"pct":55.81},"branches":{"total":18,"covered":6,"skipped":0,"pct":33.33}}
,"/home/ubuntu/repos/.worktrees/com.lotto.service.sso-player/ratchet-green/src/modules/user/model/enum/user-roles.enum.ts": {"lines":{"total":5,"covered":0,"skipped":0,"pct":0},"functions":{"total":1,"covered":0,"skipped":0,"pct":0},"statements":{"total":5,"covered":0,"skipped":0,"pct":0},"branches":{"total":2,"covered":0,"skipped":0,"pct":0}}
,"/home/ubuntu/repos/.worktrees/com.lotto.service.sso-player/ratchet-green/src/modules/user/model/enum/user-status.enum.ts": {"lines":{"total":3,"covered":3,"skipped":0,"pct":100},"functions":{"total":1,"covered":1,"skipped":0,"pct":100},"statements":{"total":3,"covered":3,"skipped":0,"pct":100},"branches":{"total":2,"covered":2,"skipped":0,"pct":100}}
,"/home/ubuntu/repos/.worktrees/com.lotto.service.sso-player/ratchet-green/src/modules/user/repository/user.repository.prisma.ts": {"lines":{"total":35,"covered":27,"skipped":0,"pct":77.14},"functions":{"total":12,"covered":10,"skipped":0,"pct":83.33},"statements":{"total":39,"covered":31,"skipped":0,"pct":79.48},"branches":{"total":17,"covered":12,"skipped":0,"pct":70.58}}
,"/home/ubuntu/repos/.worktrees/com.lotto.service.sso-player/ratchet-green/src/modules/user/services/user.service.ts": {"lines":{"total":92,"covered":0,"skipped":0,"pct":0},"functions":{"total":18,"covered":0,"skipped":0,"pct":0},"statements":{"total":98,"covered":0,"skipped":0,"pct":0},"branches":{"total":35,"covered":0,"skipped":0,"pct":0}}
,"/home/ubuntu/repos/.worktrees/com.lotto.service.sso-player/ratchet-green/src/pipes/joi-validation.pipe.ts": {"lines":{"total":20,"covered":0,"skipped":0,"pct":0},"functions":{"total":2,"covered":0,"skipped":0,"pct":0},"statements":{"total":22,"covered":0,"skipped":0,"pct":0},"branches":{"total":15,"covered":0,"skipped":0,"pct":0}}
,"/home/ubuntu/repos/.worktrees/com.lotto.service.sso-player/ratchet-green/src/scripts/create-test-user.ts": {"lines":{"total":70,"covered":0,"skipped":0,"pct":0},"functions":{"total":4,"covered":0,"skipped":0,"pct":0},"statements":{"total":70,"covered":0,"skipped":0,"pct":0},"branches":{"total":9,"covered":0,"skipped":0,"pct":0}}
,"/home/ubuntu/repos/.worktrees/com.lotto.service.sso-player/ratchet-green/src/scripts/reset-admin-password.ts": {"lines":{"total":44,"covered":0,"skipped":0,"pct":0},"functions":{"total":3,"covered":0,"skipped":0,"pct":0},"statements":{"total":45,"covered":0,"skipped":0,"pct":0},"branches":{"total":1,"covered":0,"skipped":0,"pct":0}}
,"/home/ubuntu/repos/.worktrees/com.lotto.service.sso-player/ratchet-green/src/utils/case-converter.ts": {"lines":{"total":4,"covered":0,"skipped":0,"pct":0},"functions":{"total":4,"covered":0,"skipped":0,"pct":0},"statements":{"total":6,"covered":0,"skipped":0,"pct":0},"branches":{"total":0,"covered":0,"skipped":0,"pct":100}}
,"/home/ubuntu/repos/.worktrees/com.lotto.service.sso-player/ratchet-green/src/utils/phone.ts": {"lines":{"total":24,"covered":24,"skipped":0,"pct":100},"functions":{"total":4,"covered":4,"skipped":0,"pct":100},"statements":{"total":25,"covered":25,"skipped":0,"pct":100},"branches":{"total":20,"covered":20,"skipped":0,"pct":100}}
}
