{"/home/ubuntu/repos/.worktrees/com.lotto.service.sso-player/ratchet-green/src/app/app.controller.ts": {"path":"/home/ubuntu/repos/.worktrees/com.lotto.service.sso-player/ratchet-green/src/app/app.controller.ts","statementMap":{"0":{"start":{"line":1,"column":0},"end":{"line":1,"column":null}},"1":{"start":{"line":8,"column":0},"end":{"line":8,"column":66}},"2":{"start":{"line":9,"column":0},"end":{"line":9,"column":null}},"3":{"start":{"line":15,"column":0},"end":{"line":15,"column":52}},"4":{"start":{"line":17,"column":0},"end":{"line":17,"column":69}},"5":{"start":{"line":18,"column":0},"end":{"line":18,"column":65}},"6":{"start":{"line":32,"column":26},"end":{"line":91,"column":null}},"7":{"start":{"line":34,"column":12},"end":{"line":34,"column":32}},"8":{"start":{"line":35,"column":12},"end":{"line":35,"column":27}},"9":{"start":{"line":36,"column":21},"end":{"line":36,"column":29}},"10":{"start":{"line":74,"column":26},"end":{"line":74,"column":46}},"11":{"start":{"line":75,"column":4},"end":{"line":75,"column":66}},"12":{"start":{"line":77,"column":4},"end":{"line":89,"column":5}},"13":{"start":{"line":78,"column":6},"end":{"line":80,"column":9}},"14":{"start":{"line":79,"column":46},"end":{"line":79,"column":76}},"15":{"start":{"line":82,"column":6},"end":{"line":82,"column":71}},"16":{"start":{"line":83,"column":6},"end":{"line":88,"column":9}},"17":{"start":{"line":32,"column":13},"end":{"line":32,"column":26}},"18":{"start":{"line":71,"column":15},"end":{"line":90,"column":null}},"19":{"start":{"line":32,"column":13},"end":{"line":91,"column":null}}},"fnMap":{"0":{"name":"(anonymous_4)","decl":{"start":{"line":33,"column":2},"end":{"line":33,"column":null}},"loc":{"start":{"line":36,"column":68},"end":{"line":37,"column":6}}},"1":{"name":"(anonymous_5)","decl":{"start":{"line":71,"column":9},"end":{"line":71,"column":14}},"loc":{"start":{"line":72,"column":34},"end":{"line":90,"column":3}}},"2":{"name":"(anonymous_6)","decl":{"start":{"line":79,"column":8},"end":{"line":79,"column":43}},"loc":{"start":{"line":79,"column":46},"end":{"line":79,"column":76}}}},"branchMap":{"0":{"loc":{"start":{"line":36,"column":21},"end":{"line":36,"column":68}},"type":"default-arg","locations":[{"start":{"line":36,"column":38},"end":{"line":36,"column":68}}]},"1":{"loc":{"start":{"line":72,"column":20},"end":{"line":72,"column":null}},"type":"cond-expr","locations":[{"start":{"line":72,"column":34},"end":{"line":72,"column":null}},{"start":{"line":72,"column":34},"end":{"line":72,"column":null}}]},"2":{"loc":{"start":{"line":72,"column":20},"end":{"line":72,"column":34}},"type":"binary-expr","locations":[{"start":{"line":72,"column":20},"end":{"line":72,"column":null}},{"start":{"line":72,"column":20},"end":{"line":72,"column":34}}]},"3":{"loc":{"start":{"line":73,"column":5},"end":{"line":73,"column":null}},"type":"cond-expr","locations":[{"start":{"line":73,"column":12},"end":{"line":73,"column":null}},{"start":{"line":73,"column":12},"end":{"line":73,"column":null}}]},"4":{"loc":{"start":{"line":73,"column":5},"end":{"line":73,"column":12}},"type":"binary-expr","locations":[{"start":{"line":73,"column":5},"end":{"line":73,"column":null}},{"start":{"line":73,"column":5},"end":{"line":73,"column":12}}]},"5":{"loc":{"start":{"line":34,"column":32},"end":{"line":34,"column":null}},"type":"cond-expr","locations":[{"start":{"line":34,"column":50},"end":{"line":34,"column":null}},{"start":{"line":34,"column":50},"end":{"line":34,"column":null}}]},"6":{"loc":{"start":{"line":34,"column":32},"end":{"line":34,"column":50}},"type":"binary-expr","locations":[{"start":{"line":34,"column":32},"end":{"line":34,"column":null}},{"start":{"line":34,"column":32},"end":{"line":34,"column":50}}]},"7":{"loc":{"start":{"line":34,"column":50},"end":{"line":35,"column":null}},"type":"cond-expr","locations":[{"start":{"line":35,"column":40},"end":{"line":35,"column":null}},{"start":{"line":35,"column":40},"end":{"line":35,"column":null}}]},"8":{"loc":{"start":{"line":34,"column":50},"end":{"line":35,"column":40}},"type":"binary-expr","locations":[{"start":{"line":34,"column":50},"end":{"line":35,"column":null}},{"start":{"line":35,"column":27},"end":{"line":35,"column":40}}]},"9":{"loc":{"start":{"line":35,"column":40},"end":{"line":36,"column":38}},"type":"cond-expr","locations":[{"start":{"line":36,"column":35},"end":{"line":36,"column":38}},{"start":{"line":36,"column":35},"end":{"line":36,"column":38}}]},"10":{"loc":{"start":{"line":35,"column":40},"end":{"line":36,"column":35}},"type":"binary-expr","locations":[{"start":{"line":35,"column":40},"end":{"line":36,"column":38}},{"start":{"line":36,"column":29},"end":{"line":36,"column":35}}]}},"s":{"0":0,"1":0,"2":0,"3":0,"4":0,"5":0,"6":0,"7":0,"8":0,"9":0,"10":0,"11":0,"12":0,"13":0,"14":0,"15":0,"16":0,"17":0,"18":0,"19":0},"f":{"0":0,"1":0,"2":0},"b":{"0":[0],"1":[0,0],"2":[0,0],"3":[0,0],"4":[0,0],"5":[0,0],"6":[0,0],"7":[0,0],"8":[0,0],"9":[0,0],"10":[0,0]}}
,"/home/ubuntu/repos/.worktrees/com.lotto.service.sso-player/ratchet-green/src/common/enum/utils.enum.ts": {"path":"/home/ubuntu/repos/.worktrees/com.lotto.service.sso-player/ratchet-green/src/common/enum/utils.enum.ts","statementMap":{"0":{"start":{"line":1,"column":0},"end":{"line":1,"column":16}},"1":{"start":{"line":2,"column":21},"end":{"line":2,"column":56}},"2":{"start":{"line":3,"column":2},"end":{"line":5,"column":3}},"3":{"start":{"line":4,"column":4},"end":{"line":4,"column":47}},"4":{"start":{"line":7,"column":2},"end":{"line":7,"column":64}}},"fnMap":{"0":{"name":"mapEnum","decl":{"start":{"line":1,"column":16},"end":{"line":1,"column":23}},"loc":{"start":{"line":1,"column":53},"end":{"line":8,"column":1}}}},"branchMap":{"0":{"loc":{"start":{"line":3,"column":2},"end":{"line":5,"column":3}},"type":"if","locations":[{"start":{"line":3,"column":2},"end":{"line":5,"column":3}}]}},"s":{"0":0,"1":0,"2":0,"3":0,"4":0},"f":{"0":0},"b":{"0":[0]}}
,"/home/ubuntu/repos/.worktrees/com.lotto.service.sso-player/ratchet-green/src/common/value-object/uuid.value-object.ts": {"path":"/home/ubuntu/repos/.worktrees/com.lotto.service.sso-player/ratchet-green/src/common/value-object/uuid.value-object.ts","statementMap":{"0":{"start":{"line":1,"column":0},"end":{"line":1,"column":36}},"1":{"start":{"line":7,"column":4},"end":{"line":14,"column":5}},"2":{"start":{"line":8,"column":6},"end":{"line":10,"column":7}},"3":{"start":{"line":9,"column":8},"end":{"line":9,"column":47}},"4":{"start":{"line":11,"column":6},"end":{"line":11,"column":22}},"5":{"start":{"line":13,"column":6},"end":{"line":13,"column":28}},"6":{"start":{"line":20,"column":6},"end":{"line":20,"column":71}},"7":{"start":{"line":21,"column":4},"end":{"line":21,"column":30}},"8":{"start":{"line":26,"column":4},"end":{"line":26,"column":22}},"9":{"start":{"line":31,"column":4},"end":{"line":31,"column":38}},"10":{"start":{"line":3,"column":0},"end":{"line":3,"column":13}}},"fnMap":{"0":{"name":"(anonymous_0)","decl":{"start":{"line":6,"column":2},"end":{"line":6,"column":14}},"loc":{"start":{"line":6,"column":25},"end":{"line":15,"column":3}}},"1":{"name":"(anonymous_1)","decl":{"start":{"line":18,"column":9},"end":{"line":18,"column":15}},"loc":{"start":{"line":18,"column":34},"end":{"line":22,"column":3}}},"2":{"name":"(anonymous_2)","decl":{"start":{"line":25,"column":9},"end":{"line":25,"column":17}},"loc":{"start":{"line":25,"column":17},"end":{"line":27,"column":3}}},"3":{"name":"(anonymous_3)","decl":{"start":{"line":30,"column":9},"end":{"line":30,"column":15}},"loc":{"start":{"line":30,"column":27},"end":{"line":32,"column":3}}}},"branchMap":{"0":{"loc":{"start":{"line":7,"column":4},"end":{"line":14,"column":5}},"type":"if","locations":[{"start":{"line":7,"column":4},"end":{"line":14,"column":5}},{"start":{"line":12,"column":11},"end":{"line":14,"column":5}}]},"1":{"loc":{"start":{"line":8,"column":6},"end":{"line":10,"column":7}},"type":"if","locations":[{"start":{"line":8,"column":6},"end":{"line":10,"column":7}}]}},"s":{"0":5,"1":9,"2":8,"3":0,"4":8,"5":1,"6":8,"7":8,"8":7,"9":0,"10":5},"f":{"0":9,"1":8,"2":7,"3":0},"b":{"0":[8,1],"1":[0]}}
,"/home/ubuntu/repos/.worktrees/com.lotto.service.sso-player/ratchet-green/src/core/decorators/custom.decorator.ts": {"path":"/home/ubuntu/repos/.worktrees/com.lotto.service.sso-player/ratchet-green/src/core/decorators/custom.decorator.ts","statementMap":{"0":{"start":{"line":14,"column":0},"end":{"line":14,"column":16}},"1":{"start":{"line":1,"column":0},"end":{"line":1,"column":45}},"2":{"start":{"line":2,"column":0},"end":{"line":2,"column":null}},"3":{"start":{"line":18,"column":2},"end":{"line":37,"column":4}},"4":{"start":{"line":19,"column":4},"end":{"line":36,"column":7}},"5":{"start":{"line":27,"column":40},"end":{"line":27,"column":68}},"6":{"start":{"line":28,"column":31},"end":{"line":28,"column":63}},"7":{"start":{"line":29,"column":10},"end":{"line":29,"column":40}},"8":{"start":{"line":32,"column":40},"end":{"line":32,"column":56}},"9":{"start":{"line":33,"column":10},"end":{"line":33,"column":69}},"10":{"start":{"line":45,"column":22},"end":{"line":49,"column":1}},"11":{"start":{"line":48,"column":2},"end":{"line":48,"column":51}},"12":{"start":{"line":45,"column":13},"end":{"line":45,"column":22}}},"fnMap":{"0":{"name":"Match","decl":{"start":{"line":14,"column":16},"end":{"line":14,"column":21}},"loc":{"start":{"line":16,"column":39},"end":{"line":38,"column":1}}},"1":{"name":"(anonymous_1)","decl":{"start":{"line":18,"column":9},"end":{"line":18,"column":10}},"loc":{"start":{"line":18,"column":56},"end":{"line":37,"column":3}}},"2":{"name":"(anonymous_2)","decl":{"start":{"line":26,"column":8},"end":{"line":26,"column":16}},"loc":{"start":{"line":26,"column":63},"end":{"line":30,"column":9}}},"3":{"name":"(anonymous_3)","decl":{"start":{"line":31,"column":8},"end":{"line":31,"column":22}},"loc":{"start":{"line":31,"column":48},"end":{"line":34,"column":9}}},"4":{"name":"(anonymous_4)","decl":{"start":{"line":45,"column":22},"end":{"line":45,"column":null}},"loc":{"start":{"line":47,"column":38},"end":{"line":49,"column":1}}}},"branchMap":{},"s":{"0":0,"1":0,"2":0,"3":0,"4":0,"5":0,"6":0,"7":0,"8":0,"9":0,"10":0,"11":0,"12":0},"f":{"0":0,"1":0,"2":0,"3":0,"4":0},"b":{}}
,"/home/ubuntu/repos/.worktrees/com.lotto.service.sso-player/ratchet-green/src/core/decorators/roles.decorator.ts": {"path":"/home/ubuntu/repos/.worktrees/com.lotto.service.sso-player/ratchet-green/src/core/decorators/roles.decorator.ts","statementMap":{"0":{"start":{"line":1,"column":0},"end":{"line":1,"column":45}},"1":{"start":{"line":5,"column":13},"end":{"line":5,"column":33}},"2":{"start":{"line":6,"column":21},"end":{"line":7,"column":31}},"3":{"start":{"line":7,"column":2},"end":{"line":7,"column":31}},"4":{"start":{"line":6,"column":13},"end":{"line":6,"column":21}}},"fnMap":{"0":{"name":"(anonymous_0)","decl":{"start":{"line":6,"column":21},"end":{"line":6,"column":22}},"loc":{"start":{"line":7,"column":2},"end":{"line":7,"column":31}}}},"branchMap":{},"s":{"0":0,"1":0,"2":0,"3":0,"4":0},"f":{"0":0},"b":{}}
,"/home/ubuntu/repos/.worktrees/com.lotto.service.sso-player/ratchet-green/src/core/filters/http.exception.filters.ts": {"path":"/home/ubuntu/repos/.worktrees/com.lotto.service.sso-player/ratchet-green/src/core/filters/http.exception.filters.ts","statementMap":{"0":{"start":{"line":1,"column":0},"end":{"line":1,"column":null}},"1":{"start":{"line":18,"column":32},"end":{"line":108,"column":null}},"2":{"start":{"line":19,"column":19},"end":{"line":19,"column":65}},"3":{"start":{"line":22,"column":16},"end":{"line":22,"column":35}},"4":{"start":{"line":23,"column":21},"end":{"line":23,"column":48}},"5":{"start":{"line":24,"column":20},"end":{"line":24,"column":45}},"6":{"start":{"line":25,"column":26},"end":{"line":25,"column":50}},"7":{"start":{"line":27,"column":17},"end":{"line":27,"column":49}},"8":{"start":{"line":28,"column":18},"end":{"line":28,"column":41}},"9":{"start":{"line":29,"column":16},"end":{"line":29,"column":37}},"10":{"start":{"line":31,"column":4},"end":{"line":89,"column":5}},"11":{"start":{"line":32,"column":6},"end":{"line":32,"column":37}},"12":{"start":{"line":33,"column":32},"end":{"line":33,"column":55}},"13":{"start":{"line":35,"column":6},"end":{"line":83,"column":7}},"14":{"start":{"line":40,"column":30},"end":{"line":40,"column":72}},"15":{"start":{"line":43,"column":8},"end":{"line":61,"column":9}},"16":{"start":{"line":44,"column":32},"end":{"line":52,"column":12}},"17":{"start":{"line":54,"column":10},"end":{"line":58,"column":12}},"18":{"start":{"line":60,"column":10},"end":{"line":60,"column":61}},"19":{"start":{"line":64,"column":8},"end":{"line":82,"column":9}},"20":{"start":{"line":65,"column":32},"end":{"line":73,"column":12}},"21":{"start":{"line":75,"column":10},"end":{"line":79,"column":12}},"22":{"start":{"line":81,"column":10},"end":{"line":81,"column":61}},"23":{"start":{"line":85,"column":6},"end":{"line":88,"column":7}},"24":{"start":{"line":86,"column":8},"end":{"line":86,"column":36}},"25":{"start":{"line":87,"column":8},"end":{"line":87,"column":31}},"26":{"start":{"line":91,"column":26},"end":{"line":98,"column":6}},"27":{"start":{"line":100,"column":4},"end":{"line":104,"column":6}},"28":{"start":{"line":106,"column":4},"end":{"line":106,"column":55}},"29":{"start":{"line":18,"column":13},"end":{"line":18,"column":32}},"30":{"start":{"line":18,"column":13},"end":{"line":108,"column":null}}},"fnMap":{"0":{"name":"(anonymous_1)","decl":{"start":{"line":18,"column":7},"end":{"line":18,"column":13}},"loc":{"start":{"line":18,"column":7},"end":{"line":108,"column":1}}},"1":{"name":"(anonymous_2)","decl":{"start":{"line":21,"column":2},"end":{"line":21,"column":7}},"loc":{"start":{"line":21,"column":47},"end":{"line":107,"column":3}}}},"branchMap":{"0":{"loc":{"start":{"line":31,"column":4},"end":{"line":89,"column":5}},"type":"if","locations":[{"start":{"line":31,"column":4},"end":{"line":89,"column":5}}]},"1":{"loc":{"start":{"line":35,"column":6},"end":{"line":83,"column":7}},"type":"if","locations":[{"start":{"line":35,"column":6},"end":{"line":83,"column":7}}]},"2":{"loc":{"start":{"line":36,"column":8},"end":{"line":38,"column":41}},"type":"binary-expr","locations":[{"start":{"line":36,"column":8},"end":{"line":36,"column":45}},{"start":{"line":37,"column":8},"end":{"line":37,"column":34}},{"start":{"line":38,"column":8},"end":{"line":38,"column":41}}]},"3":{"loc":{"start":{"line":43,"column":8},"end":{"line":61,"column":9}},"type":"if","locations":[{"start":{"line":43,"column":8},"end":{"line":61,"column":9}}]},"4":{"loc":{"start":{"line":46,"column":19},"end":{"line":46,"column":63}},"type":"binary-expr","locations":[{"start":{"line":46,"column":19},"end":{"line":46,"column":38}},{"start":{"line":46,"column":42},"end":{"line":46,"column":63}}]},"5":{"loc":{"start":{"line":64,"column":8},"end":{"line":82,"column":9}},"type":"if","locations":[{"start":{"line":64,"column":8},"end":{"line":82,"column":9}}]},"6":{"loc":{"start":{"line":67,"column":19},"end":{"line":67,"column":56}},"type":"binary-expr","locations":[{"start":{"line":67,"column":19},"end":{"line":67,"column":38}},{"start":{"line":67,"column":42},"end":{"line":67,"column":56}}]},"7":{"loc":{"start":{"line":71,"column":18},"end":{"line":71,"column":42}},"type":"binary-expr","locations":[{"start":{"line":71,"column":18},"end":{"line":71,"column":36}},{"start":{"line":71,"column":40},"end":{"line":71,"column":42}}]},"8":{"loc":{"start":{"line":77,"column":12},"end":{"line":77,"column":68}},"type":"cond-expr","locations":[{"start":{"line":77,"column":41},"end":{"line":77,"column":56}},{"start":{"line":77,"column":59},"end":{"line":77,"column":68}}]},"9":{"loc":{"start":{"line":85,"column":6},"end":{"line":88,"column":7}},"type":"if","locations":[{"start":{"line":85,"column":6},"end":{"line":88,"column":7}}]},"10":{"loc":{"start":{"line":102,"column":6},"end":{"line":102,"column":62}},"type":"cond-expr","locations":[{"start":{"line":102,"column":35},"end":{"line":102,"column":50}},{"start":{"line":102,"column":53},"end":{"line":102,"column":62}}]}},"s":{"0":0,"1":0,"2":0,"3":0,"4":0,"5":0,"6":0,"7":0,"8":0,"9":0,"10":0,"11":0,"12":0,"13":0,"14":0,"15":0,"16":0,"17":0,"18":0,"19":0,"20":0,"21":0,"22":0,"23":0,"24":0,"25":0,"26":0,"27":0,"28":0,"29":0,"30":0},"f":{"0":0,"1":0},"b":{"0":[0],"1":[0],"2":[0,0,0],"3":[0],"4":[0,0],"5":[0],"6":[0,0],"7":[0,0],"8":[0,0],"9":[0],"10":[0,0]}}
,"/home/ubuntu/repos/.worktrees/com.lotto.service.sso-player/ratchet-green/src/core/guards/roles.guard.ts": {"path":"/home/ubuntu/repos/.worktrees/com.lotto.service.sso-player/ratchet-green/src/core/guards/roles.guard.ts","statementMap":{"0":{"start":{"line":1,"column":0},"end":{"line":1,"column":null}},"1":{"start":{"line":8,"column":0},"end":{"line":8,"column":41}},"2":{"start":{"line":10,"column":0},"end":{"line":10,"column":58}},"3":{"start":{"line":13,"column":7},"end":{"line":57,"column":null}},"4":{"start":{"line":14,"column":22},"end":{"line":14,"column":33}},"5":{"start":{"line":17,"column":26},"end":{"line":19,"column":null}},"6":{"start":{"line":22,"column":4},"end":{"line":24,"column":5}},"7":{"start":{"line":23,"column":6},"end":{"line":23,"column":18}},"8":{"start":{"line":26,"column":20},"end":{"line":26,"column":55}},"9":{"start":{"line":27,"column":17},"end":{"line":27,"column":29}},"10":{"start":{"line":29,"column":4},"end":{"line":35,"column":5}},"11":{"start":{"line":30,"column":6},"end":{"line":34,"column":9}},"12":{"start":{"line":37,"column":4},"end":{"line":43,"column":5}},"13":{"start":{"line":38,"column":6},"end":{"line":42,"column":9}},"14":{"start":{"line":45,"column":20},"end":{"line":45,"column":73}},"15":{"start":{"line":45,"column":49},"end":{"line":45,"column":72}},"16":{"start":{"line":47,"column":4},"end":{"line":53,"column":5}},"17":{"start":{"line":48,"column":6},"end":{"line":52,"column":9}},"18":{"start":{"line":55,"column":4},"end":{"line":55,"column":16}},"19":{"start":{"line":13,"column":13},"end":{"line":13,"column":23}},"20":{"start":{"line":13,"column":13},"end":{"line":57,"column":null}}},"fnMap":{"0":{"name":"(anonymous_2)","decl":{"start":{"line":14,"column":2},"end":{"line":14,"column":22}},"loc":{"start":{"line":14,"column":42},"end":{"line":14,"column":46}}},"1":{"name":"(anonymous_3)","decl":{"start":{"line":16,"column":2},"end":{"line":16,"column":13}},"loc":{"start":{"line":16,"column":39},"end":{"line":56,"column":3}}},"2":{"name":"(anonymous_4)","decl":{"start":{"line":45,"column":39},"end":{"line":45,"column":40}},"loc":{"start":{"line":45,"column":49},"end":{"line":45,"column":72}}}},"branchMap":{"0":{"loc":{"start":{"line":22,"column":4},"end":{"line":24,"column":5}},"type":"if","locations":[{"start":{"line":22,"column":4},"end":{"line":24,"column":5}}]},"1":{"loc":{"start":{"line":29,"column":4},"end":{"line":35,"column":5}},"type":"if","locations":[{"start":{"line":29,"column":4},"end":{"line":35,"column":5}}]},"2":{"loc":{"start":{"line":37,"column":4},"end":{"line":43,"column":5}},"type":"if","locations":[{"start":{"line":37,"column":4},"end":{"line":43,"column":5}}]},"3":{"loc":{"start":{"line":47,"column":4},"end":{"line":53,"column":5}},"type":"if","locations":[{"start":{"line":47,"column":4},"end":{"line":53,"column":5}}]},"4":{"loc":{"start":{"line":14,"column":33},"end":{"line":14,"column":45}},"type":"cond-expr","locations":[{"start":{"line":14,"column":42},"end":{"line":14,"column":45}},{"start":{"line":14,"column":42},"end":{"line":14,"column":45}}]},"5":{"loc":{"start":{"line":14,"column":33},"end":{"line":14,"column":42}},"type":"binary-expr","locations":[{"start":{"line":14,"column":33},"end":{"line":14,"column":45}},{"start":{"line":14,"column":33},"end":{"line":14,"column":42}}]}},"s":{"0":0,"1":0,"2":0,"3":0,"4":0,"5":0,"6":0,"7":0,"8":0,"9":0,"10":0,"11":0,"12":0,"13":0,"14":0,"15":0,"16":0,"17":0,"18":0,"19":0,"20":0},"f":{"0":0,"1":0,"2":0},"b":{"0":[0],"1":[0],"2":[0],"3":[0],"4":[0,0],"5":[0,0]}}
,"/home/ubuntu/repos/.worktrees/com.lotto.service.sso-player/ratchet-green/src/core/interceptors/transform.interceptor.ts": {"path":"/home/ubuntu/repos/.worktrees/com.lotto.service.sso-player/ratchet-green/src/core/interceptors/transform.interceptor.ts","statementMap":{"0":{"start":{"line":1,"column":0},"end":{"line":1,"column":null}},"1":{"start":{"line":9,"column":0},"end":{"line":9,"column":37}},"2":{"start":{"line":12,"column":33},"end":{"line":72,"column":null}},"3":{"start":{"line":13,"column":19},"end":{"line":13,"column":66}},"4":{"start":{"line":19,"column":21},"end":{"line":19,"column":57}},"5":{"start":{"line":20,"column":20},"end":{"line":20,"column":55}},"6":{"start":{"line":21,"column":19},"end":{"line":21,"column":38}},"7":{"start":{"line":22,"column":26},"end":{"line":22,"column":50}},"8":{"start":{"line":24,"column":4},"end":{"line":70,"column":6}},"9":{"start":{"line":26,"column":8},"end":{"line":28,"column":11}},"10":{"start":{"line":31,"column":10},"end":{"line":33,"column":23}},"11":{"start":{"line":36,"column":58},"end":{"line":49,"column":10}},"12":{"start":{"line":52,"column":8},"end":{"line":62,"column":9}},"13":{"start":{"line":53,"column":10},"end":{"line":61,"column":11}},"14":{"start":{"line":54,"column":12},"end":{"line":54,"column":55}},"15":{"start":{"line":55,"column":17},"end":{"line":61,"column":11}},"16":{"start":{"line":60,"column":12},"end":{"line":60,"column":44}},"17":{"start":{"line":64,"column":8},"end":{"line":67,"column":10}},"18":{"start":{"line":68,"column":8},"end":{"line":68,"column":32}},"19":{"start":{"line":12,"column":13},"end":{"line":12,"column":33}},"20":{"start":{"line":12,"column":13},"end":{"line":72,"column":null}}},"fnMap":{"0":{"name":"(anonymous_1)","decl":{"start":{"line":12,"column":7},"end":{"line":12,"column":13}},"loc":{"start":{"line":12,"column":7},"end":{"line":72,"column":1}}},"1":{"name":"(anonymous_2)","decl":{"start":{"line":15,"column":2},"end":{"line":15,"column":11}},"loc":{"start":{"line":17,"column":21},"end":{"line":71,"column":3}}},"2":{"name":"(anonymous_3)","decl":{"start":{"line":25,"column":10},"end":{"line":25,"column":11}},"loc":{"start":{"line":25,"column":31},"end":{"line":69,"column":7}}}},"branchMap":{"0":{"loc":{"start":{"line":31,"column":10},"end":{"line":33,"column":23}},"type":"cond-expr","locations":[{"start":{"line":32,"column":15},"end":{"line":32,"column":50}},{"start":{"line":33,"column":14},"end":{"line":33,"column":23}}]},"1":{"loc":{"start":{"line":31,"column":10},"end":{"line":31,"column":57}},"type":"binary-expr","locations":[{"start":{"line":31,"column":10},"end":{"line":31,"column":37}},{"start":{"line":31,"column":41},"end":{"line":31,"column":57}}]},"2":{"loc":{"start":{"line":38,"column":12},"end":{"line":40,"column":25}},"type":"cond-expr","locations":[{"start":{"line":39,"column":16},"end":{"line":39,"column":37}},{"start":{"line":40,"column":16},"end":{"line":40,"column":25}}]},"3":{"loc":{"start":{"line":44,"column":16},"end":{"line":47,"column":18}},"type":"cond-expr","locations":[{"start":{"line":46,"column":17},"end":{"line":46,"column":63}},{"start":{"line":47,"column":16},"end":{"line":47,"column":18}}]},"4":{"loc":{"start":{"line":44,"column":16},"end":{"line":45,"column":39}},"type":"binary-expr","locations":[{"start":{"line":44,"column":16},"end":{"line":44,"column":55}},{"start":{"line":45,"column":12},"end":{"line":45,"column":39}}]},"5":{"loc":{"start":{"line":52,"column":8},"end":{"line":62,"column":9}},"type":"if","locations":[{"start":{"line":52,"column":8},"end":{"line":62,"column":9}}]},"6":{"loc":{"start":{"line":52,"column":12},"end":{"line":52,"column":53}},"type":"binary-expr","locations":[{"start":{"line":52,"column":12},"end":{"line":52,"column":33}},{"start":{"line":52,"column":37},"end":{"line":52,"column":53}}]},"7":{"loc":{"start":{"line":53,"column":10},"end":{"line":61,"column":11}},"type":"if","locations":[{"start":{"line":53,"column":10},"end":{"line":61,"column":11}},{"start":{"line":55,"column":17},"end":{"line":61,"column":11}}]},"8":{"loc":{"start":{"line":55,"column":17},"end":{"line":61,"column":11}},"type":"if","locations":[{"start":{"line":55,"column":17},"end":{"line":61,"column":11}}]},"9":{"loc":{"start":{"line":56,"column":12},"end":{"line":58,"column":48}},"type":"binary-expr","locations":[{"start":{"line":56,"column":12},"end":{"line":56,"column":39}},{"start":{"line":57,"column":12},"end":{"line":57,"column":28}},{"start":{"line":58,"column":12},"end":{"line":58,"column":48}}]}},"s":{"0":0,"1":0,"2":0,"3":0,"4":0,"5":0,"6":0,"7":0,"8":0,"9":0,"10":0,"11":0,"12":0,"13":0,"14":0,"15":0,"16":0,"17":0,"18":0,"19":0,"20":0},"f":{"0":0,"1":0,"2":0},"b":{"0":[0,0],"1":[0,0],"2":[0,0],"3":[0,0],"4":[0,0],"5":[0],"6":[0,0],"7":[0,0],"8":[0],"9":[0,0,0]}}
,"/home/ubuntu/repos/.worktrees/com.lotto.service.sso-player/ratchet-green/src/decorators/correlation-id.decorator.ts": {"path":"/home/ubuntu/repos/.worktrees/com.lotto.service.sso-player/ratchet-green/src/decorators/correlation-id.decorator.ts","statementMap":{"0":{"start":{"line":1,"column":0},"end":{"line":1,"column":72}},"1":{"start":{"line":3,"column":13},"end":{"line":8,"column":2}},"2":{"start":{"line":5,"column":20},"end":{"line":5,"column":51}},"3":{"start":{"line":6,"column":4},"end":{"line":6,"column":44}}},"fnMap":{"0":{"name":"(anonymous_0)","decl":{"start":{"line":4,"column":2},"end":{"line":4,"column":3}},"loc":{"start":{"line":4,"column":43},"end":{"line":7,"column":3}}}},"branchMap":{"0":{"loc":{"start":{"line":6,"column":11},"end":{"line":6,"column":43}},"type":"binary-expr","locations":[{"start":{"line":6,"column":11},"end":{"line":6,"column":35}},{"start":{"line":6,"column":39},"end":{"line":6,"column":43}}]}},"s":{"0":1,"1":1,"2":0,"3":0},"f":{"0":0},"b":{"0":[0,0]}}
,"/home/ubuntu/repos/.worktrees/com.lotto.service.sso-player/ratchet-green/src/middleware/correlation-id.middleware.ts": {"path":"/home/ubuntu/repos/.worktrees/com.lotto.service.sso-player/ratchet-green/src/middleware/correlation-id.middleware.ts","statementMap":{"0":{"start":{"line":1,"column":0},"end":{"line":1,"column":60}},"1":{"start":{"line":3,"column":0},"end":{"line":3,"column":36}},"2":{"start":{"line":6,"column":7},"end":{"line":17,"column":null}},"3":{"start":{"line":8,"column":34},"end":{"line":8,"column":65}},"4":{"start":{"line":9,"column":26},"end":{"line":11,"column":41}},"5":{"start":{"line":13,"column":4},"end":{"line":13,"column":41}},"6":{"start":{"line":14,"column":4},"end":{"line":14,"column":53}},"7":{"start":{"line":15,"column":4},"end":{"line":15,"column":11}},"8":{"start":{"line":6,"column":13},"end":{"line":6,"column":36}},"9":{"start":{"line":6,"column":13},"end":{"line":17,"column":null}}},"fnMap":{"0":{"name":"(anonymous_1)","decl":{"start":{"line":7,"column":2},"end":{"line":7,"column":5}},"loc":{"start":{"line":7,"column":53},"end":{"line":16,"column":3}}}},"branchMap":{"0":{"loc":{"start":{"line":9,"column":26},"end":{"line":11,"column":41}},"type":"cond-expr","locations":[{"start":{"line":10,"column":8},"end":{"line":10,"column":32}},{"start":{"line":11,"column":8},"end":{"line":11,"column":41}}]},"1":{"loc":{"start":{"line":11,"column":8},"end":{"line":11,"column":41}},"type":"binary-expr","locations":[{"start":{"line":11,"column":8},"end":{"line":11,"column":29}},{"start":{"line":11,"column":33},"end":{"line":11,"column":41}}]}},"s":{"0":0,"1":0,"2":0,"3":0,"4":0,"5":0,"6":0,"7":0,"8":0,"9":0},"f":{"0":0},"b":{"0":[0,0],"1":[0,0]}}
,"/home/ubuntu/repos/.worktrees/com.lotto.service.sso-player/ratchet-green/src/middleware/cors.middleware.ts": {"path":"/home/ubuntu/repos/.worktrees/com.lotto.service.sso-player/ratchet-green/src/middleware/cors.middleware.ts","statementMap":{"0":{"start":{"line":1,"column":0},"end":{"line":1,"column":60}},"1":{"start":{"line":10,"column":7},"end":{"line":89,"column":null}},"2":{"start":{"line":16,"column":21},"end":{"line":16,"column":54}},"3":{"start":{"line":17,"column":20},"end":{"line":20,"column":42}},"4":{"start":{"line":19,"column":22},"end":{"line":19,"column":34}},"5":{"start":{"line":20,"column":25},"end":{"line":20,"column":41}},"6":{"start":{"line":22,"column":4},"end":{"line":22,"column":48}},"7":{"start":{"line":23,"column":4},"end":{"line":28,"column":10}},"8":{"start":{"line":24,"column":26},"end":{"line":24,"column":40}},"9":{"start":{"line":25,"column":24},"end":{"line":28,"column":8}},"10":{"start":{"line":30,"column":4},"end":{"line":30,"column":65}},"11":{"start":{"line":34,"column":19},"end":{"line":34,"column":59}},"12":{"start":{"line":36,"column":4},"end":{"line":46,"column":5}},"13":{"start":{"line":37,"column":6},"end":{"line":37,"column":56}},"14":{"start":{"line":38,"column":6},"end":{"line":38,"column":61}},"15":{"start":{"line":39,"column":6},"end":{"line":39,"column":35}},"16":{"start":{"line":40,"column":11},"end":{"line":46,"column":5}},"17":{"start":{"line":41,"column":6},"end":{"line":41,"column":53}},"18":{"start":{"line":42,"column":6},"end":{"line":42,"column":62}},"19":{"start":{"line":43,"column":11},"end":{"line":46,"column":5}},"20":{"start":{"line":44,"column":6},"end":{"line":44,"column":69}},"21":{"start":{"line":45,"column":6},"end":{"line":45,"column":62}},"22":{"start":{"line":48,"column":4},"end":{"line":51,"column":6}},"23":{"start":{"line":52,"column":4},"end":{"line":55,"column":6}},"24":{"start":{"line":56,"column":4},"end":{"line":59,"column":6}},"25":{"start":{"line":61,"column":4},"end":{"line":64,"column":5}},"26":{"start":{"line":62,"column":6},"end":{"line":62,"column":26}},"27":{"start":{"line":63,"column":6},"end":{"line":63,"column":13}},"28":{"start":{"line":66,"column":4},"end":{"line":66,"column":11}},"29":{"start":{"line":70,"column":4},"end":{"line":72,"column":5}},"30":{"start":{"line":71,"column":6},"end":{"line":71,"column":18}},"31":{"start":{"line":74,"column":4},"end":{"line":74,"column":77}},"32":{"start":{"line":74,"column":49},"end":{"line":74,"column":75}},"33":{"start":{"line":78,"column":4},"end":{"line":80,"column":5}},"34":{"start":{"line":79,"column":6},"end":{"line":79,"column":79}},"35":{"start":{"line":82,"column":20},"end":{"line":85,"column":17}},"36":{"start":{"line":84,"column":24},"end":{"line":84,"column":71}},"37":{"start":{"line":87,"column":4},"end":{"line":87,"column":38}},"38":{"start":{"line":10,"column":13},"end":{"line":10,"column":27}},"39":{"start":{"line":10,"column":13},"end":{"line":89,"column":null}}},"fnMap":{"0":{"name":"(anonymous_2)","decl":{"start":{"line":15,"column":2},"end":{"line":15,"column":null}},"loc":{"start":{"line":15,"column":2},"end":{"line":31,"column":3}}},"1":{"name":"(anonymous_3)","decl":{"start":{"line":19,"column":11},"end":{"line":19,"column":12}},"loc":{"start":{"line":19,"column":22},"end":{"line":19,"column":34}}},"2":{"name":"(anonymous_4)","decl":{"start":{"line":20,"column":14},"end":{"line":20,"column":15}},"loc":{"start":{"line":20,"column":25},"end":{"line":20,"column":41}}},"3":{"name":"(anonymous_5)","decl":{"start":{"line":24,"column":14},"end":{"line":24,"column":15}},"loc":{"start":{"line":24,"column":26},"end":{"line":24,"column":40}}},"4":{"name":"(anonymous_6)","decl":{"start":{"line":25,"column":11},"end":{"line":25,"column":12}},"loc":{"start":{"line":25,"column":24},"end":{"line":28,"column":8}}},"5":{"name":"(anonymous_7)","decl":{"start":{"line":33,"column":9},"end":{"line":33,"column":12}},"loc":{"start":{"line":33,"column":60},"end":{"line":67,"column":3}}},"6":{"name":"(anonymous_8)","decl":{"start":{"line":69,"column":10},"end":{"line":69,"column":25}},"loc":{"start":{"line":69,"column":40},"end":{"line":75,"column":3}}},"7":{"name":"(anonymous_9)","decl":{"start":{"line":74,"column":36},"end":{"line":74,"column":37}},"loc":{"start":{"line":74,"column":49},"end":{"line":74,"column":75}}},"8":{"name":"(anonymous_10)","decl":{"start":{"line":77,"column":10},"end":{"line":77,"column":26}},"loc":{"start":{"line":77,"column":41},"end":{"line":88,"column":3}}},"9":{"name":"(anonymous_11)","decl":{"start":{"line":84,"column":11},"end":{"line":84,"column":12}},"loc":{"start":{"line":84,"column":24},"end":{"line":84,"column":71}}}},"branchMap":{"0":{"loc":{"start":{"line":16,"column":21},"end":{"line":16,"column":54}},"type":"binary-expr","locations":[{"start":{"line":16,"column":21},"end":{"line":16,"column":48}},{"start":{"line":16,"column":52},"end":{"line":16,"column":54}}]},"1":{"loc":{"start":{"line":30,"column":26},"end":{"line":30,"column":64}},"type":"binary-expr","locations":[{"start":{"line":30,"column":26},"end":{"line":30,"column":58}},{"start":{"line":30,"column":62},"end":{"line":30,"column":64}}]},"2":{"loc":{"start":{"line":36,"column":4},"end":{"line":46,"column":5}},"type":"if","locations":[{"start":{"line":36,"column":4},"end":{"line":46,"column":5}},{"start":{"line":40,"column":11},"end":{"line":46,"column":5}}]},"3":{"loc":{"start":{"line":36,"column":8},"end":{"line":36,"column":46}},"type":"binary-expr","locations":[{"start":{"line":36,"column":8},"end":{"line":36,"column":14}},{"start":{"line":36,"column":18},"end":{"line":36,"column":46}}]},"4":{"loc":{"start":{"line":40,"column":11},"end":{"line":46,"column":5}},"type":"if","locations":[{"start":{"line":40,"column":11},"end":{"line":46,"column":5}},{"start":{"line":43,"column":11},"end":{"line":46,"column":5}}]},"5":{"loc":{"start":{"line":43,"column":11},"end":{"line":46,"column":5}},"type":"if","locations":[{"start":{"line":43,"column":11},"end":{"line":46,"column":5}}]},"6":{"loc":{"start":{"line":61,"column":4},"end":{"line":64,"column":5}},"type":"if","locations":[{"start":{"line":61,"column":4},"end":{"line":64,"column":5}}]},"7":{"loc":{"start":{"line":70,"column":4},"end":{"line":72,"column":5}},"type":"if","locations":[{"start":{"line":70,"column":4},"end":{"line":72,"column":5}}]},"8":{"loc":{"start":{"line":78,"column":4},"end":{"line":80,"column":5}},"type":"if","locations":[{"start":{"line":78,"column":4},"end":{"line":80,"column":5}}]}},"s":{"0":0,"1":0,"2":0,"3":0,"4":0,"5":0,"6":0,"7":0,"8":0,"9":0,"10":0,"11":0,"12":0,"13":0,"14":0,"15":0,"16":0,"17":0,"18":0,"19":0,"20":0,"21":0,"22":0,"23":0,"24":0,"25":0,"26":0,"27":0,"28":0,"29":0,"30":0,"31":0,"32":0,"33":0,"34":0,"35":0,"36":0,"37":0,"38":0,"39":0},"f":{"0":0,"1":0,"2":0,"3":0,"4":0,"5":0,"6":0,"7":0,"8":0,"9":0},"b":{"0":[0,0],"1":[0,0],"2":[0,0],"3":[0,0],"4":[0,0],"5":[0],"6":[0],"7":[0],"8":[0]}}
,"/home/ubuntu/repos/.worktrees/com.lotto.service.sso-player/ratchet-green/src/middleware/logging.middleware.ts": {"path":"/home/ubuntu/repos/.worktrees/com.lotto.service.sso-player/ratchet-green/src/middleware/logging.middleware.ts","statementMap":{"0":{"start":{"line":1,"column":0},"end":{"line":1,"column":56}},"1":{"start":{"line":5,"column":2},"end":{"line":5,"column":34}},"2":{"start":{"line":9,"column":41},"end":{"line":9,"column":44}},"3":{"start":{"line":10,"column":20},"end":{"line":10,"column":40}},"4":{"start":{"line":11,"column":4},"end":{"line":19,"column":7}},"5":{"start":{"line":12,"column":29},"end":{"line":12,"column":32}},"6":{"start":{"line":13,"column":22},"end":{"line":13,"column":42}},"7":{"start":{"line":14,"column":6},"end":{"line":18,"column":7}},"8":{"start":{"line":15,"column":8},"end":{"line":17,"column":10}},"9":{"start":{"line":20,"column":4},"end":{"line":20,"column":11}},"10":{"start":{"line":4,"column":0},"end":{"line":4,"column":13}}},"fnMap":{"0":{"name":"(anonymous_0)","decl":{"start":{"line":6,"column":2},"end":{"line":6,"column":17}},"loc":{"start":{"line":6,"column":2},"end":{"line":6,"column":18}}},"1":{"name":"(anonymous_1)","decl":{"start":{"line":8,"column":2},"end":{"line":8,"column":5}},"loc":{"start":{"line":8,"column":53},"end":{"line":21,"column":3}}},"2":{"name":"(anonymous_2)","decl":{"start":{"line":11,"column":21},"end":{"line":11,"column":24}},"loc":{"start":{"line":11,"column":26},"end":{"line":19,"column":5}}}},"branchMap":{"0":{"loc":{"start":{"line":14,"column":6},"end":{"line":18,"column":7}},"type":"if","locations":[{"start":{"line":14,"column":6},"end":{"line":18,"column":7}}]},"1":{"loc":{"start":{"line":14,"column":10},"end":{"line":14,"column":50}},"type":"binary-expr","locations":[{"start":{"line":14,"column":10},"end":{"line":14,"column":28}},{"start":{"line":14,"column":32},"end":{"line":14,"column":50}}]}},"s":{"0":0,"1":0,"2":0,"3":0,"4":0,"5":0,"6":0,"7":0,"8":0,"9":0,"10":0},"f":{"0":0,"1":0,"2":0},"b":{"0":[0],"1":[0,0]}}
,"/home/ubuntu/repos/.worktrees/com.lotto.service.sso-player/ratchet-green/src/modules/auth/controller/assign-permissions.controller.ts": {"path":"/home/ubuntu/repos/.worktrees/com.lotto.service.sso-player/ratchet-green/src/modules/auth/controller/assign-permissions.controller.ts","statementMap":{"0":{"start":{"line":1,"column":0},"end":{"line":1,"column":null}},"1":{"start":{"line":9,"column":0},"end":{"line":9,"column":80}},"2":{"start":{"line":11,"column":0},"end":{"line":11,"column":77}},"3":{"start":{"line":12,"column":0},"end":{"line":12,"column":81}},"4":{"start":{"line":13,"column":0},"end":{"line":13,"column":69}},"5":{"start":{"line":14,"column":0},"end":{"line":14,"column":56}},"6":{"start":{"line":15,"column":0},"end":{"line":15,"column":61}},"7":{"start":{"line":16,"column":0},"end":{"line":16,"column":55}},"8":{"start":{"line":31,"column":40},"end":{"line":172,"column":null}},"9":{"start":{"line":33,"column":21},"end":{"line":33,"column":34}},"10":{"start":{"line":34,"column":21},"end":{"line":34,"column":29}},"11":{"start":{"line":148,"column":4},"end":{"line":152,"column":7}},"12":{"start":{"line":154,"column":4},"end":{"line":170,"column":5}},"13":{"start":{"line":155,"column":6},"end":{"line":159,"column":8}},"14":{"start":{"line":161,"column":6},"end":{"line":161,"column":71}},"15":{"start":{"line":162,"column":6},"end":{"line":168,"column":7}},"16":{"start":{"line":163,"column":8},"end":{"line":167,"column":11}},"17":{"start":{"line":169,"column":6},"end":{"line":169,"column":18}},"18":{"start":{"line":31,"column":13},"end":{"line":31,"column":40}},"19":{"start":{"line":144,"column":8},"end":{"line":171,"column":null}},"20":{"start":{"line":31,"column":13},"end":{"line":172,"column":null}}},"fnMap":{"0":{"name":"(anonymous_4)","decl":{"start":{"line":32,"column":2},"end":{"line":32,"column":null}},"loc":{"start":{"line":36,"column":5},"end":{"line":37,"column":6}}},"1":{"name":"(anonymous_5)","decl":{"start":{"line":144,"column":2},"end":{"line":144,"column":7}},"loc":{"start":{"line":146,"column":49},"end":{"line":171,"column":3}}}},"branchMap":{"0":{"loc":{"start":{"line":34,"column":21},"end":{"line":35,"column":null}},"type":"default-arg","locations":[{"start":{"line":34,"column":38},"end":{"line":35,"column":null}}]},"1":{"loc":{"start":{"line":162,"column":6},"end":{"line":168,"column":7}},"type":"if","locations":[{"start":{"line":162,"column":6},"end":{"line":168,"column":7}}]},"2":{"loc":{"start":{"line":145,"column":17},"end":{"line":145,"column":null}},"type":"cond-expr","locations":[{"start":{"line":145,"column":37},"end":{"line":145,"column":null}},{"start":{"line":145,"column":37},"end":{"line":145,"column":null}}]},"3":{"loc":{"start":{"line":145,"column":17},"end":{"line":145,"column":37}},"type":"binary-expr","locations":[{"start":{"line":145,"column":17},"end":{"line":145,"column":null}},{"start":{"line":145,"column":17},"end":{"line":145,"column":37}}]},"4":{"loc":{"start":{"line":147,"column":5},"end":{"line":147,"column":null}},"type":"cond-expr","locations":[{"start":{"line":147,"column":12},"end":{"line":147,"column":null}},{"start":{"line":147,"column":12},"end":{"line":147,"column":null}}]},"5":{"loc":{"start":{"line":147,"column":5},"end":{"line":147,"column":12}},"type":"binary-expr","locations":[{"start":{"line":147,"column":5},"end":{"line":147,"column":null}},{"start":{"line":147,"column":5},"end":{"line":147,"column":12}}]},"6":{"loc":{"start":{"line":33,"column":34},"end":{"line":33,"column":null}},"type":"cond-expr","locations":[{"start":{"line":33,"column":45},"end":{"line":33,"column":null}},{"start":{"line":33,"column":45},"end":{"line":33,"column":null}}]},"7":{"loc":{"start":{"line":33,"column":34},"end":{"line":33,"column":45}},"type":"binary-expr","locations":[{"start":{"line":33,"column":34},"end":{"line":33,"column":null}},{"start":{"line":33,"column":34},"end":{"line":33,"column":45}}]},"8":{"loc":{"start":{"line":33,"column":45},"end":{"line":34,"column":38}},"type":"cond-expr","locations":[{"start":{"line":34,"column":35},"end":{"line":34,"column":38}},{"start":{"line":34,"column":35},"end":{"line":34,"column":38}}]},"9":{"loc":{"start":{"line":33,"column":45},"end":{"line":34,"column":35}},"type":"binary-expr","locations":[{"start":{"line":33,"column":45},"end":{"line":34,"column":38}},{"start":{"line":34,"column":29},"end":{"line":34,"column":35}}]}},"s":{"0":0,"1":0,"2":0,"3":0,"4":0,"5":0,"6":0,"7":0,"8":0,"9":0,"10":0,"11":0,"12":0,"13":0,"14":0,"15":0,"16":0,"17":0,"18":0,"19":0,"20":0},"f":{"0":0,"1":0},"b":{"0":[0],"1":[0],"2":[0,0],"3":[0,0],"4":[0,0],"5":[0,0],"6":[0,0],"7":[0,0],"8":[0,0],"9":[0,0]}}
,"/home/ubuntu/repos/.worktrees/com.lotto.service.sso-player/ratchet-green/src/modules/auth/controller/auth.controller.ts": {"path":"/home/ubuntu/repos/.worktrees/com.lotto.service.sso-player/ratchet-green/src/modules/auth/controller/auth.controller.ts","statementMap":{"0":{"start":{"line":1,"column":0},"end":{"line":1,"column":null}},"1":{"start":{"line":13,"column":0},"end":{"line":13,"column":80}},"2":{"start":{"line":14,"column":0},"end":{"line":14,"column":59}},"3":{"start":{"line":15,"column":0},"end":{"line":15,"column":null}},"4":{"start":{"line":19,"column":0},"end":{"line":19,"column":77}},"5":{"start":{"line":20,"column":0},"end":{"line":20,"column":56}},"6":{"start":{"line":21,"column":0},"end":{"line":21,"column":53}},"7":{"start":{"line":22,"column":0},"end":{"line":22,"column":46}},"8":{"start":{"line":23,"column":0},"end":{"line":23,"column":59}},"9":{"start":{"line":24,"column":0},"end":{"line":24,"column":59}},"10":{"start":{"line":25,"column":0},"end":{"line":25,"column":56}},"11":{"start":{"line":26,"column":0},"end":{"line":26,"column":77}},"12":{"start":{"line":34,"column":2},"end":{"line":34,"column":69}},"13":{"start":{"line":38,"column":2},"end":{"line":38,"column":58}},"14":{"start":{"line":53,"column":27},"end":{"line":316,"column":null}},"15":{"start":{"line":55,"column":21},"end":{"line":55,"column":34}},"16":{"start":{"line":56,"column":21},"end":{"line":56,"column":29}},"17":{"start":{"line":78,"column":4},"end":{"line":78,"column":56}},"18":{"start":{"line":80,"column":4},"end":{"line":142,"column":5}},"19":{"start":{"line":81,"column":20},"end":{"line":84,"column":null}},"20":{"start":{"line":87,"column":6},"end":{"line":90,"column":9}},"21":{"start":{"line":94,"column":6},"end":{"line":110,"column":7}},"22":{"start":{"line":98,"column":8},"end":{"line":109,"column":9}},"23":{"start":{"line":99,"column":10},"end":{"line":102,"column":12}},"24":{"start":{"line":105,"column":10},"end":{"line":108,"column":12}},"25":{"start":{"line":116,"column":30},"end":{"line":116,"column":76}},"26":{"start":{"line":118,"column":6},"end":{"line":132,"column":8}},"27":{"start":{"line":134,"column":6},"end":{"line":136,"column":9}},"28":{"start":{"line":137,"column":6},"end":{"line":141,"column":9}},"29":{"start":{"line":163,"column":4},"end":{"line":163,"column":59}},"30":{"start":{"line":165,"column":4},"end":{"line":199,"column":5}},"31":{"start":{"line":166,"column":21},"end":{"line":169,"column":null}},"32":{"start":{"line":172,"column":6},"end":{"line":175,"column":9}},"33":{"start":{"line":177,"column":6},"end":{"line":183,"column":8}},"34":{"start":{"line":185,"column":6},"end":{"line":187,"column":9}},"35":{"start":{"line":191,"column":6},"end":{"line":193,"column":7}},"36":{"start":{"line":192,"column":8},"end":{"line":192,"column":20}},"37":{"start":{"line":194,"column":6},"end":{"line":198,"column":9}},"38":{"start":{"line":212,"column":25},"end":{"line":214,"column":null}},"39":{"start":{"line":216,"column":4},"end":{"line":222,"column":5}},"40":{"start":{"line":217,"column":6},"end":{"line":221,"column":9}},"41":{"start":{"line":224,"column":4},"end":{"line":248,"column":5}},"42":{"start":{"line":225,"column":22},"end":{"line":228,"column":null}},"43":{"start":{"line":231,"column":6},"end":{"line":234,"column":9}},"44":{"start":{"line":236,"column":6},"end":{"line":236,"column":61}},"45":{"start":{"line":238,"column":6},"end":{"line":240,"column":9}},"46":{"start":{"line":241,"column":6},"end":{"line":247,"column":13}},"47":{"start":{"line":261,"column":4},"end":{"line":276,"column":5}},"48":{"start":{"line":262,"column":27},"end":{"line":264,"column":null}},"49":{"start":{"line":266,"column":6},"end":{"line":268,"column":7}},"50":{"start":{"line":267,"column":8},"end":{"line":267,"column":57}},"51":{"start":{"line":270,"column":6},"end":{"line":272,"column":9}},"52":{"start":{"line":273,"column":6},"end":{"line":273,"column":18}},"53":{"start":{"line":275,"column":6},"end":{"line":275,"column":47}},"54":{"start":{"line":283,"column":4},"end":{"line":283,"column":56}},"55":{"start":{"line":290,"column":28},"end":{"line":290,"column":57}},"56":{"start":{"line":291,"column":22},"end":{"line":293,"column":33}},"57":{"start":{"line":295,"column":4},"end":{"line":298,"column":6}},"58":{"start":{"line":305,"column":4},"end":{"line":314,"column":6}},"59":{"start":{"line":53,"column":13},"end":{"line":53,"column":27}},"60":{"start":{"line":71,"column":15},"end":{"line":143,"column":null}},"61":{"start":{"line":157,"column":15},"end":{"line":200,"column":null}},"62":{"start":{"line":206,"column":15},"end":{"line":249,"column":null}},"63":{"start":{"line":254,"column":15},"end":{"line":277,"column":null}},"64":{"start":{"line":53,"column":13},"end":{"line":316,"column":null}}},"fnMap":{"0":{"name":"errorMessage","decl":{"start":{"line":33,"column":9},"end":{"line":33,"column":21}},"loc":{"start":{"line":33,"column":36},"end":{"line":35,"column":1}}},"1":{"name":"errorStack","decl":{"start":{"line":37,"column":9},"end":{"line":37,"column":19}},"loc":{"start":{"line":37,"column":34},"end":{"line":39,"column":1}}},"2":{"name":"(anonymous_6)","decl":{"start":{"line":54,"column":2},"end":{"line":54,"column":null}},"loc":{"start":{"line":56,"column":69},"end":{"line":57,"column":6}}},"3":{"name":"(anonymous_7)","decl":{"start":{"line":71,"column":9},"end":{"line":71,"column":14}},"loc":{"start":{"line":76,"column":52},"end":{"line":143,"column":3}}},"4":{"name":"(anonymous_8)","decl":{"start":{"line":157,"column":9},"end":{"line":157,"column":14}},"loc":{"start":{"line":161,"column":52},"end":{"line":200,"column":3}}},"5":{"name":"(anonymous_9)","decl":{"start":{"line":206,"column":9},"end":{"line":206,"column":14}},"loc":{"start":{"line":210,"column":52},"end":{"line":249,"column":3}}},"6":{"name":"(anonymous_10)","decl":{"start":{"line":254,"column":9},"end":{"line":254,"column":14}},"loc":{"start":{"line":259,"column":52},"end":{"line":277,"column":3}}},"7":{"name":"(anonymous_11)","decl":{"start":{"line":279,"column":10},"end":{"line":279,"column":29}},"loc":{"start":{"line":281,"column":29},"end":{"line":284,"column":3}}},"8":{"name":"(anonymous_12)","decl":{"start":{"line":286,"column":10},"end":{"line":286,"column":29}},"loc":{"start":{"line":286,"column":53},"end":{"line":299,"column":3}}},"9":{"name":"(anonymous_13)","decl":{"start":{"line":301,"column":10},"end":{"line":301,"column":28}},"loc":{"start":{"line":303,"column":32},"end":{"line":315,"column":3}}}},"branchMap":{"0":{"loc":{"start":{"line":34,"column":9},"end":{"line":34,"column":68}},"type":"cond-expr","locations":[{"start":{"line":34,"column":34},"end":{"line":34,"column":47}},{"start":{"line":34,"column":50},"end":{"line":34,"column":68}}]},"1":{"loc":{"start":{"line":38,"column":9},"end":{"line":38,"column":57}},"type":"cond-expr","locations":[{"start":{"line":38,"column":34},"end":{"line":38,"column":45}},{"start":{"line":38,"column":48},"end":{"line":38,"column":57}}]},"2":{"loc":{"start":{"line":56,"column":21},"end":{"line":56,"column":69}},"type":"default-arg","locations":[{"start":{"line":56,"column":38},"end":{"line":56,"column":69}}]},"3":{"loc":{"start":{"line":94,"column":6},"end":{"line":110,"column":7}},"type":"if","locations":[{"start":{"line":94,"column":6},"end":{"line":110,"column":7}}]},"4":{"loc":{"start":{"line":95,"column":8},"end":{"line":96,"column":40}},"type":"binary-expr","locations":[{"start":{"line":95,"column":8},"end":{"line":95,"column":47}},{"start":{"line":96,"column":8},"end":{"line":96,"column":40}}]},"5":{"loc":{"start":{"line":125,"column":12},"end":{"line":131,"column":14}},"type":"cond-expr","locations":[{"start":{"line":126,"column":12},"end":{"line":130,"column":null}},{"start":{"line":131,"column":12},"end":{"line":131,"column":14}}]},"6":{"loc":{"start":{"line":191,"column":6},"end":{"line":193,"column":7}},"type":"if","locations":[{"start":{"line":191,"column":6},"end":{"line":193,"column":7}}]},"7":{"loc":{"start":{"line":216,"column":4},"end":{"line":222,"column":5}},"type":"if","locations":[{"start":{"line":216,"column":4},"end":{"line":222,"column":5}}]},"8":{"loc":{"start":{"line":241,"column":12},"end":{"line":247,"column":12}},"type":"cond-expr","locations":[{"start":{"line":242,"column":10},"end":{"line":242,"column":15}},{"start":{"line":243,"column":10},"end":{"line":247,"column":12}}]},"9":{"loc":{"start":{"line":266,"column":6},"end":{"line":268,"column":7}},"type":"if","locations":[{"start":{"line":266,"column":6},"end":{"line":268,"column":7}}]},"10":{"loc":{"start":{"line":291,"column":22},"end":{"line":293,"column":33}},"type":"cond-expr","locations":[{"start":{"line":292,"column":8},"end":{"line":292,"column":33}},{"start":{"line":293,"column":9},"end":{"line":293,"column":32}}]},"11":{"loc":{"start":{"line":293,"column":9},"end":{"line":293,"column":32}},"type":"binary-expr","locations":[{"start":{"line":293,"column":9},"end":{"line":293,"column":24}},{"start":{"line":293,"column":28},"end":{"line":293,"column":32}}]},"12":{"loc":{"start":{"line":296,"column":10},"end":{"line":296,"column":28}},"type":"binary-expr","locations":[{"start":{"line":296,"column":10},"end":{"line":296,"column":20}},{"start":{"line":296,"column":24},"end":{"line":296,"column":28}}]},"13":{"loc":{"start":{"line":72,"column":26},"end":{"line":72,"column":null}},"type":"cond-expr","locations":[{"start":{"line":72,"column":38},"end":{"line":72,"column":null}},{"start":{"line":72,"column":38},"end":{"line":72,"column":null}}]},"14":{"loc":{"start":{"line":72,"column":26},"end":{"line":72,"column":38}},"type":"binary-expr","locations":[{"start":{"line":72,"column":26},"end":{"line":72,"column":null}},{"start":{"line":72,"column":26},"end":{"line":72,"column":38}}]},"15":{"loc":{"start":{"line":72,"column":38},"end":{"line":75,"column":null}},"type":"cond-expr","locations":[{"start":{"line":75,"column":34},"end":{"line":75,"column":null}},{"start":{"line":75,"column":34},"end":{"line":75,"column":null}}]},"16":{"loc":{"start":{"line":72,"column":38},"end":{"line":75,"column":34}},"type":"binary-expr","locations":[{"start":{"line":72,"column":38},"end":{"line":75,"column":null}},{"start":{"line":75,"column":20},"end":{"line":75,"column":34}}]},"17":{"loc":{"start":{"line":75,"column":34},"end":{"line":76,"column":null}},"type":"cond-expr","locations":[{"start":{"line":76,"column":52},"end":{"line":76,"column":null}},{"start":{"line":76,"column":52},"end":{"line":76,"column":null}}]},"18":{"loc":{"start":{"line":75,"column":34},"end":{"line":76,"column":52}},"type":"binary-expr","locations":[{"start":{"line":75,"column":34},"end":{"line":76,"column":null}},{"start":{"line":76,"column":37},"end":{"line":76,"column":52}}]},"19":{"loc":{"start":{"line":77,"column":5},"end":{"line":77,"column":null}},"type":"cond-expr","locations":[{"start":{"line":77,"column":12},"end":{"line":77,"column":null}},{"start":{"line":77,"column":12},"end":{"line":77,"column":null}}]},"20":{"loc":{"start":{"line":77,"column":5},"end":{"line":77,"column":12}},"type":"binary-expr","locations":[{"start":{"line":77,"column":5},"end":{"line":77,"column":null}},{"start":{"line":77,"column":5},"end":{"line":77,"column":12}}]},"21":{"loc":{"start":{"line":158,"column":29},"end":{"line":158,"column":null}},"type":"cond-expr","locations":[{"start":{"line":158,"column":44},"end":{"line":158,"column":null}},{"start":{"line":158,"column":44},"end":{"line":158,"column":null}}]},"22":{"loc":{"start":{"line":158,"column":29},"end":{"line":158,"column":44}},"type":"binary-expr","locations":[{"start":{"line":158,"column":29},"end":{"line":158,"column":null}},{"start":{"line":158,"column":29},"end":{"line":158,"column":44}}]},"23":{"loc":{"start":{"line":158,"column":44},"end":{"line":160,"column":null}},"type":"cond-expr","locations":[{"start":{"line":160,"column":34},"end":{"line":160,"column":null}},{"start":{"line":160,"column":34},"end":{"line":160,"column":null}}]},"24":{"loc":{"start":{"line":158,"column":44},"end":{"line":160,"column":34}},"type":"binary-expr","locations":[{"start":{"line":158,"column":44},"end":{"line":160,"column":null}},{"start":{"line":160,"column":20},"end":{"line":160,"column":34}}]},"25":{"loc":{"start":{"line":160,"column":34},"end":{"line":161,"column":null}},"type":"cond-expr","locations":[{"start":{"line":161,"column":52},"end":{"line":161,"column":null}},{"start":{"line":161,"column":52},"end":{"line":161,"column":null}}]},"26":{"loc":{"start":{"line":160,"column":34},"end":{"line":161,"column":52}},"type":"binary-expr","locations":[{"start":{"line":160,"column":34},"end":{"line":161,"column":null}},{"start":{"line":161,"column":37},"end":{"line":161,"column":52}}]},"27":{"loc":{"start":{"line":162,"column":5},"end":{"line":162,"column":null}},"type":"cond-expr","locations":[{"start":{"line":162,"column":12},"end":{"line":162,"column":null}},{"start":{"line":162,"column":12},"end":{"line":162,"column":null}}]},"28":{"loc":{"start":{"line":162,"column":5},"end":{"line":162,"column":12}},"type":"binary-expr","locations":[{"start":{"line":162,"column":5},"end":{"line":162,"column":null}},{"start":{"line":162,"column":5},"end":{"line":162,"column":12}}]},"29":{"loc":{"start":{"line":207,"column":17},"end":{"line":207,"column":null}},"type":"cond-expr","locations":[{"start":{"line":207,"column":32},"end":{"line":207,"column":null}},{"start":{"line":207,"column":32},"end":{"line":207,"column":null}}]},"30":{"loc":{"start":{"line":207,"column":17},"end":{"line":207,"column":32}},"type":"binary-expr","locations":[{"start":{"line":207,"column":17},"end":{"line":207,"column":null}},{"start":{"line":207,"column":17},"end":{"line":207,"column":32}}]},"31":{"loc":{"start":{"line":207,"column":32},"end":{"line":209,"column":null}},"type":"cond-expr","locations":[{"start":{"line":209,"column":34},"end":{"line":209,"column":null}},{"start":{"line":209,"column":34},"end":{"line":209,"column":null}}]},"32":{"loc":{"start":{"line":207,"column":32},"end":{"line":209,"column":34}},"type":"binary-expr","locations":[{"start":{"line":207,"column":32},"end":{"line":209,"column":null}},{"start":{"line":209,"column":20},"end":{"line":209,"column":34}}]},"33":{"loc":{"start":{"line":209,"column":34},"end":{"line":210,"column":null}},"type":"cond-expr","locations":[{"start":{"line":210,"column":52},"end":{"line":210,"column":null}},{"start":{"line":210,"column":52},"end":{"line":210,"column":null}}]},"34":{"loc":{"start":{"line":209,"column":34},"end":{"line":210,"column":52}},"type":"binary-expr","locations":[{"start":{"line":209,"column":34},"end":{"line":210,"column":null}},{"start":{"line":210,"column":37},"end":{"line":210,"column":52}}]},"35":{"loc":{"start":{"line":211,"column":5},"end":{"line":211,"column":null}},"type":"cond-expr","locations":[{"start":{"line":211,"column":12},"end":{"line":211,"column":null}},{"start":{"line":211,"column":12},"end":{"line":211,"column":null}}]},"36":{"loc":{"start":{"line":211,"column":5},"end":{"line":211,"column":12}},"type":"binary-expr","locations":[{"start":{"line":211,"column":5},"end":{"line":211,"column":null}},{"start":{"line":211,"column":5},"end":{"line":211,"column":12}}]},"37":{"loc":{"start":{"line":256,"column":18},"end":{"line":256,"column":null}},"type":"cond-expr","locations":[{"start":{"line":256,"column":27},"end":{"line":256,"column":null}},{"start":{"line":256,"column":27},"end":{"line":256,"column":null}}]},"38":{"loc":{"start":{"line":256,"column":18},"end":{"line":256,"column":27}},"type":"binary-expr","locations":[{"start":{"line":256,"column":18},"end":{"line":256,"column":null}},{"start":{"line":256,"column":18},"end":{"line":256,"column":27}}]},"39":{"loc":{"start":{"line":256,"column":27},"end":{"line":258,"column":null}},"type":"cond-expr","locations":[{"start":{"line":258,"column":34},"end":{"line":258,"column":null}},{"start":{"line":258,"column":34},"end":{"line":258,"column":null}}]},"40":{"loc":{"start":{"line":256,"column":27},"end":{"line":258,"column":34}},"type":"binary-expr","locations":[{"start":{"line":256,"column":27},"end":{"line":258,"column":null}},{"start":{"line":258,"column":20},"end":{"line":258,"column":34}}]},"41":{"loc":{"start":{"line":258,"column":34},"end":{"line":259,"column":null}},"type":"cond-expr","locations":[{"start":{"line":259,"column":52},"end":{"line":259,"column":null}},{"start":{"line":259,"column":52},"end":{"line":259,"column":null}}]},"42":{"loc":{"start":{"line":258,"column":34},"end":{"line":259,"column":52}},"type":"binary-expr","locations":[{"start":{"line":258,"column":34},"end":{"line":259,"column":null}},{"start":{"line":259,"column":37},"end":{"line":259,"column":52}}]},"43":{"loc":{"start":{"line":260,"column":5},"end":{"line":260,"column":null}},"type":"cond-expr","locations":[{"start":{"line":260,"column":12},"end":{"line":260,"column":null}},{"start":{"line":260,"column":12},"end":{"line":260,"column":null}}]},"44":{"loc":{"start":{"line":260,"column":5},"end":{"line":260,"column":12}},"type":"binary-expr","locations":[{"start":{"line":260,"column":5},"end":{"line":260,"column":null}},{"start":{"line":260,"column":5},"end":{"line":260,"column":12}}]},"45":{"loc":{"start":{"line":55,"column":34},"end":{"line":55,"column":null}},"type":"cond-expr","locations":[{"start":{"line":55,"column":45},"end":{"line":55,"column":null}},{"start":{"line":55,"column":45},"end":{"line":55,"column":null}}]},"46":{"loc":{"start":{"line":55,"column":34},"end":{"line":55,"column":45}},"type":"binary-expr","locations":[{"start":{"line":55,"column":34},"end":{"line":55,"column":null}},{"start":{"line":55,"column":34},"end":{"line":55,"column":45}}]},"47":{"loc":{"start":{"line":55,"column":45},"end":{"line":56,"column":38}},"type":"cond-expr","locations":[{"start":{"line":56,"column":35},"end":{"line":56,"column":38}},{"start":{"line":56,"column":35},"end":{"line":56,"column":38}}]},"48":{"loc":{"start":{"line":55,"column":45},"end":{"line":56,"column":35}},"type":"binary-expr","locations":[{"start":{"line":55,"column":45},"end":{"line":56,"column":38}},{"start":{"line":56,"column":29},"end":{"line":56,"column":35}}]}},"s":{"0":1,"1":1,"2":1,"3":1,"4":1,"5":1,"6":1,"7":1,"8":1,"9":1,"10":1,"11":1,"12":9,"13":6,"14":1,"15":13,"16":13,"17":4,"18":4,"19":4,"20":3,"21":3,"22":1,"23":1,"24":1,"25":3,"26":3,"27":1,"28":1,"29":4,"30":4,"31":4,"32":1,"33":1,"34":3,"35":3,"36":2,"37":1,"38":3,"39":3,"40":1,"41":2,"42":2,"43":1,"44":1,"45":1,"46":1,"47":2,"48":2,"49":2,"50":2,"51":1,"52":1,"53":2,"54":5,"55":10,"56":10,"57":10,"58":1,"59":1,"60":1,"61":1,"62":1,"63":1,"64":1},"f":{"0":9,"1":6,"2":13,"3":4,"4":4,"5":3,"6":2,"7":5,"8":10,"9":1},"b":{"0":[9,0],"1":[6,0],"2":[0],"3":[1],"4":[3,1],"5":[1,2],"6":[2],"7":[1],"8":[0,1],"9":[2],"10":[0,10],"11":[10,10],"12":[10,10],"13":[1,0],"14":[1,1],"15":[0,1],"16":[1,0],"17":[0,1],"18":[1,0],"19":[1,0],"20":[1,1],"21":[1,0],"22":[1,1],"23":[0,1],"24":[1,0],"25":[0,1],"26":[1,0],"27":[1,0],"28":[1,1],"29":[1,0],"30":[1,1],"31":[0,1],"32":[1,0],"33":[0,1],"34":[1,0],"35":[1,0],"36":[1,1],"37":[1,0],"38":[1,1],"39":[0,1],"40":[1,0],"41":[0,1],"42":[1,0],"43":[1,0],"44":[1,1],"45":[1,0],"46":[1,1],"47":[1,0],"48":[1,1]}}
,"/home/ubuntu/repos/.worktrees/com.lotto.service.sso-player/ratchet-green/src/modules/auth/controller/delete-permissions.controller.ts": {"path":"/home/ubuntu/repos/.worktrees/com.lotto.service.sso-player/ratchet-green/src/modules/auth/controller/delete-permissions.controller.ts","statementMap":{"0":{"start":{"line":1,"column":0},"end":{"line":1,"column":null}},"1":{"start":{"line":10,"column":0},"end":{"line":10,"column":80}},"2":{"start":{"line":12,"column":0},"end":{"line":12,"column":77}},"3":{"start":{"line":13,"column":0},"end":{"line":13,"column":81}},"4":{"start":{"line":14,"column":0},"end":{"line":14,"column":69}},"5":{"start":{"line":15,"column":0},"end":{"line":15,"column":56}},"6":{"start":{"line":16,"column":0},"end":{"line":16,"column":61}},"7":{"start":{"line":17,"column":0},"end":{"line":17,"column":67}},"8":{"start":{"line":32,"column":40},"end":{"line":65,"column":null}},"9":{"start":{"line":34,"column":21},"end":{"line":34,"column":40}},"10":{"start":{"line":35,"column":21},"end":{"line":35,"column":29}},"11":{"start":{"line":60,"column":4},"end":{"line":63,"column":6}},"12":{"start":{"line":32,"column":13},"end":{"line":32,"column":40}},"13":{"start":{"line":56,"column":8},"end":{"line":64,"column":null}},"14":{"start":{"line":32,"column":13},"end":{"line":65,"column":null}}},"fnMap":{"0":{"name":"(anonymous_4)","decl":{"start":{"line":33,"column":2},"end":{"line":33,"column":null}},"loc":{"start":{"line":37,"column":5},"end":{"line":38,"column":6}}},"1":{"name":"(anonymous_5)","decl":{"start":{"line":56,"column":2},"end":{"line":56,"column":7}},"loc":{"start":{"line":58,"column":42},"end":{"line":64,"column":3}}}},"branchMap":{"0":{"loc":{"start":{"line":35,"column":21},"end":{"line":36,"column":null}},"type":"default-arg","locations":[{"start":{"line":35,"column":38},"end":{"line":36,"column":null}}]},"1":{"loc":{"start":{"line":57,"column":17},"end":{"line":57,"column":null}},"type":"cond-expr","locations":[{"start":{"line":57,"column":37},"end":{"line":57,"column":null}},{"start":{"line":57,"column":37},"end":{"line":57,"column":null}}]},"2":{"loc":{"start":{"line":57,"column":17},"end":{"line":57,"column":37}},"type":"binary-expr","locations":[{"start":{"line":57,"column":17},"end":{"line":57,"column":null}},{"start":{"line":57,"column":17},"end":{"line":57,"column":37}}]},"3":{"loc":{"start":{"line":59,"column":5},"end":{"line":59,"column":null}},"type":"cond-expr","locations":[{"start":{"line":59,"column":12},"end":{"line":59,"column":null}},{"start":{"line":59,"column":12},"end":{"line":59,"column":null}}]},"4":{"loc":{"start":{"line":59,"column":5},"end":{"line":59,"column":12}},"type":"binary-expr","locations":[{"start":{"line":59,"column":5},"end":{"line":59,"column":null}},{"start":{"line":59,"column":5},"end":{"line":59,"column":12}}]},"5":{"loc":{"start":{"line":34,"column":40},"end":{"line":34,"column":null}},"type":"cond-expr","locations":[{"start":{"line":34,"column":57},"end":{"line":34,"column":null}},{"start":{"line":34,"column":57},"end":{"line":34,"column":null}}]},"6":{"loc":{"start":{"line":34,"column":40},"end":{"line":34,"column":57}},"type":"binary-expr","locations":[{"start":{"line":34,"column":40},"end":{"line":34,"column":null}},{"start":{"line":34,"column":40},"end":{"line":34,"column":57}}]},"7":{"loc":{"start":{"line":34,"column":57},"end":{"line":35,"column":38}},"type":"cond-expr","locations":[{"start":{"line":35,"column":35},"end":{"line":35,"column":38}},{"start":{"line":35,"column":35},"end":{"line":35,"column":38}}]},"8":{"loc":{"start":{"line":34,"column":57},"end":{"line":35,"column":35}},"type":"binary-expr","locations":[{"start":{"line":34,"column":57},"end":{"line":35,"column":38}},{"start":{"line":35,"column":29},"end":{"line":35,"column":35}}]}},"s":{"0":0,"1":0,"2":0,"3":0,"4":0,"5":0,"6":0,"7":0,"8":0,"9":0,"10":0,"11":0,"12":0,"13":0,"14":0},"f":{"0":0,"1":0},"b":{"0":[0],"1":[0,0],"2":[0,0],"3":[0,0],"4":[0,0],"5":[0,0],"6":[0,0],"7":[0,0],"8":[0,0]}}
,"/home/ubuntu/repos/.worktrees/com.lotto.service.sso-player/ratchet-green/src/modules/auth/controller/delete-role.controller.ts": {"path":"/home/ubuntu/repos/.worktrees/com.lotto.service.sso-player/ratchet-green/src/modules/auth/controller/delete-role.controller.ts","statementMap":{"0":{"start":{"line":1,"column":0},"end":{"line":1,"column":null}},"1":{"start":{"line":11,"column":0},"end":{"line":11,"column":80}},"2":{"start":{"line":13,"column":0},"end":{"line":13,"column":77}},"3":{"start":{"line":14,"column":0},"end":{"line":14,"column":81}},"4":{"start":{"line":15,"column":0},"end":{"line":15,"column":55}},"5":{"start":{"line":16,"column":0},"end":{"line":16,"column":56}},"6":{"start":{"line":17,"column":0},"end":{"line":17,"column":61}},"7":{"start":{"line":18,"column":0},"end":{"line":18,"column":55}},"8":{"start":{"line":33,"column":33},"end":{"line":74,"column":null}},"9":{"start":{"line":35,"column":21},"end":{"line":35,"column":34}},"10":{"start":{"line":36,"column":21},"end":{"line":36,"column":29}},"11":{"start":{"line":60,"column":4},"end":{"line":72,"column":5}},"12":{"start":{"line":61,"column":6},"end":{"line":61,"column":68}},"13":{"start":{"line":63,"column":6},"end":{"line":63,"column":71}},"14":{"start":{"line":64,"column":6},"end":{"line":70,"column":7}},"15":{"start":{"line":65,"column":8},"end":{"line":69,"column":11}},"16":{"start":{"line":71,"column":6},"end":{"line":71,"column":18}},"17":{"start":{"line":33,"column":13},"end":{"line":33,"column":33}},"18":{"start":{"line":56,"column":8},"end":{"line":73,"column":null}},"19":{"start":{"line":33,"column":13},"end":{"line":74,"column":null}}},"fnMap":{"0":{"name":"(anonymous_4)","decl":{"start":{"line":34,"column":2},"end":{"line":34,"column":null}},"loc":{"start":{"line":36,"column":75},"end":{"line":37,"column":6}}},"1":{"name":"(anonymous_5)","decl":{"start":{"line":56,"column":2},"end":{"line":56,"column":7}},"loc":{"start":{"line":58,"column":42},"end":{"line":73,"column":3}}}},"branchMap":{"0":{"loc":{"start":{"line":36,"column":21},"end":{"line":36,"column":75}},"type":"default-arg","locations":[{"start":{"line":36,"column":38},"end":{"line":36,"column":75}}]},"1":{"loc":{"start":{"line":64,"column":6},"end":{"line":70,"column":7}},"type":"if","locations":[{"start":{"line":64,"column":6},"end":{"line":70,"column":7}}]},"2":{"loc":{"start":{"line":57,"column":17},"end":{"line":57,"column":null}},"type":"cond-expr","locations":[{"start":{"line":57,"column":30},"end":{"line":57,"column":null}},{"start":{"line":57,"column":30},"end":{"line":57,"column":null}}]},"3":{"loc":{"start":{"line":57,"column":17},"end":{"line":57,"column":30}},"type":"binary-expr","locations":[{"start":{"line":57,"column":17},"end":{"line":57,"column":null}},{"start":{"line":57,"column":17},"end":{"line":57,"column":30}}]},"4":{"loc":{"start":{"line":59,"column":5},"end":{"line":59,"column":null}},"type":"cond-expr","locations":[{"start":{"line":59,"column":12},"end":{"line":59,"column":null}},{"start":{"line":59,"column":12},"end":{"line":59,"column":null}}]},"5":{"loc":{"start":{"line":59,"column":5},"end":{"line":59,"column":12}},"type":"binary-expr","locations":[{"start":{"line":59,"column":5},"end":{"line":59,"column":null}},{"start":{"line":59,"column":5},"end":{"line":59,"column":12}}]},"6":{"loc":{"start":{"line":35,"column":34},"end":{"line":35,"column":null}},"type":"cond-expr","locations":[{"start":{"line":35,"column":45},"end":{"line":35,"column":null}},{"start":{"line":35,"column":45},"end":{"line":35,"column":null}}]},"7":{"loc":{"start":{"line":35,"column":34},"end":{"line":35,"column":45}},"type":"binary-expr","locations":[{"start":{"line":35,"column":34},"end":{"line":35,"column":null}},{"start":{"line":35,"column":34},"end":{"line":35,"column":45}}]},"8":{"loc":{"start":{"line":35,"column":45},"end":{"line":36,"column":38}},"type":"cond-expr","locations":[{"start":{"line":36,"column":35},"end":{"line":36,"column":38}},{"start":{"line":36,"column":35},"end":{"line":36,"column":38}}]},"9":{"loc":{"start":{"line":35,"column":45},"end":{"line":36,"column":35}},"type":"binary-expr","locations":[{"start":{"line":35,"column":45},"end":{"line":36,"column":38}},{"start":{"line":36,"column":29},"end":{"line":36,"column":35}}]}},"s":{"0":0,"1":0,"2":0,"3":0,"4":0,"5":0,"6":0,"7":0,"8":0,"9":0,"10":0,"11":0,"12":0,"13":0,"14":0,"15":0,"16":0,"17":0,"18":0,"19":0},"f":{"0":0,"1":0},"b":{"0":[0],"1":[0],"2":[0,0],"3":[0,0],"4":[0,0],"5":[0,0],"6":[0,0],"7":[0,0],"8":[0,0],"9":[0,0]}}
,"/home/ubuntu/repos/.worktrees/com.lotto.service.sso-player/ratchet-green/src/modules/auth/controller/permission.controller.ts": {"path":"/home/ubuntu/repos/.worktrees/com.lotto.service.sso-player/ratchet-green/src/modules/auth/controller/permission.controller.ts","statementMap":{"0":{"start":{"line":1,"column":0},"end":{"line":1,"column":null}},"1":{"start":{"line":10,"column":0},"end":{"line":10,"column":80}},"2":{"start":{"line":12,"column":0},"end":{"line":12,"column":77}},"3":{"start":{"line":13,"column":0},"end":{"line":13,"column":81}},"4":{"start":{"line":14,"column":0},"end":{"line":14,"column":67}},"5":{"start":{"line":15,"column":0},"end":{"line":15,"column":56}},"6":{"start":{"line":16,"column":0},"end":{"line":16,"column":61}},"7":{"start":{"line":17,"column":0},"end":{"line":17,"column":67}},"8":{"start":{"line":32,"column":33},"end":{"line":131,"column":null}},"9":{"start":{"line":34,"column":21},"end":{"line":34,"column":40}},"10":{"start":{"line":35,"column":21},"end":{"line":35,"column":29}},"11":{"start":{"line":67,"column":4},"end":{"line":67,"column":66}},"12":{"start":{"line":69,"column":4},"end":{"line":78,"column":5}},"13":{"start":{"line":70,"column":6},"end":{"line":70,"column":79}},"14":{"start":{"line":72,"column":6},"end":{"line":72,"column":71}},"15":{"start":{"line":73,"column":6},"end":{"line":77,"column":9}},"16":{"start":{"line":118,"column":4},"end":{"line":118,"column":66}},"17":{"start":{"line":120,"column":4},"end":{"line":129,"column":5}},"18":{"start":{"line":121,"column":6},"end":{"line":121,"column":75}},"19":{"start":{"line":123,"column":6},"end":{"line":123,"column":71}},"20":{"start":{"line":124,"column":6},"end":{"line":128,"column":9}},"21":{"start":{"line":32,"column":13},"end":{"line":32,"column":33}},"22":{"start":{"line":63,"column":8},"end":{"line":79,"column":null}},"23":{"start":{"line":115,"column":8},"end":{"line":130,"column":null}},"24":{"start":{"line":32,"column":13},"end":{"line":131,"column":null}}},"fnMap":{"0":{"name":"(anonymous_4)","decl":{"start":{"line":33,"column":2},"end":{"line":33,"column":null}},"loc":{"start":{"line":35,"column":75},"end":{"line":36,"column":6}}},"1":{"name":"(anonymous_5)","decl":{"start":{"line":63,"column":2},"end":{"line":63,"column":7}},"loc":{"start":{"line":65,"column":49},"end":{"line":79,"column":3}}},"2":{"name":"(anonymous_6)","decl":{"start":{"line":115,"column":2},"end":{"line":115,"column":7}},"loc":{"start":{"line":116,"column":49},"end":{"line":130,"column":3}}}},"branchMap":{"0":{"loc":{"start":{"line":35,"column":21},"end":{"line":35,"column":75}},"type":"default-arg","locations":[{"start":{"line":35,"column":38},"end":{"line":35,"column":75}}]},"1":{"loc":{"start":{"line":64,"column":17},"end":{"line":64,"column":null}},"type":"cond-expr","locations":[{"start":{"line":64,"column":36},"end":{"line":64,"column":null}},{"start":{"line":64,"column":36},"end":{"line":64,"column":null}}]},"2":{"loc":{"start":{"line":64,"column":17},"end":{"line":64,"column":36}},"type":"binary-expr","locations":[{"start":{"line":64,"column":17},"end":{"line":64,"column":null}},{"start":{"line":64,"column":17},"end":{"line":64,"column":36}}]},"3":{"loc":{"start":{"line":66,"column":5},"end":{"line":66,"column":null}},"type":"cond-expr","locations":[{"start":{"line":66,"column":12},"end":{"line":66,"column":null}},{"start":{"line":66,"column":12},"end":{"line":66,"column":null}}]},"4":{"loc":{"start":{"line":66,"column":5},"end":{"line":66,"column":12}},"type":"binary-expr","locations":[{"start":{"line":66,"column":5},"end":{"line":66,"column":null}},{"start":{"line":66,"column":5},"end":{"line":66,"column":12}}]},"5":{"loc":{"start":{"line":117,"column":5},"end":{"line":117,"column":null}},"type":"cond-expr","locations":[{"start":{"line":117,"column":12},"end":{"line":117,"column":null}},{"start":{"line":117,"column":12},"end":{"line":117,"column":null}}]},"6":{"loc":{"start":{"line":117,"column":5},"end":{"line":117,"column":12}},"type":"binary-expr","locations":[{"start":{"line":117,"column":5},"end":{"line":117,"column":null}},{"start":{"line":117,"column":5},"end":{"line":117,"column":12}}]},"7":{"loc":{"start":{"line":34,"column":40},"end":{"line":34,"column":null}},"type":"cond-expr","locations":[{"start":{"line":34,"column":57},"end":{"line":34,"column":null}},{"start":{"line":34,"column":57},"end":{"line":34,"column":null}}]},"8":{"loc":{"start":{"line":34,"column":40},"end":{"line":34,"column":57}},"type":"binary-expr","locations":[{"start":{"line":34,"column":40},"end":{"line":34,"column":null}},{"start":{"line":34,"column":40},"end":{"line":34,"column":57}}]},"9":{"loc":{"start":{"line":34,"column":57},"end":{"line":35,"column":38}},"type":"cond-expr","locations":[{"start":{"line":35,"column":35},"end":{"line":35,"column":38}},{"start":{"line":35,"column":35},"end":{"line":35,"column":38}}]},"10":{"loc":{"start":{"line":34,"column":57},"end":{"line":35,"column":35}},"type":"binary-expr","locations":[{"start":{"line":34,"column":57},"end":{"line":35,"column":38}},{"start":{"line":35,"column":29},"end":{"line":35,"column":35}}]}},"s":{"0":0,"1":0,"2":0,"3":0,"4":0,"5":0,"6":0,"7":0,"8":0,"9":0,"10":0,"11":0,"12":0,"13":0,"14":0,"15":0,"16":0,"17":0,"18":0,"19":0,"20":0,"21":0,"22":0,"23":0,"24":0},"f":{"0":0,"1":0,"2":0},"b":{"0":[0],"1":[0,0],"2":[0,0],"3":[0,0],"4":[0,0],"5":[0,0],"6":[0,0],"7":[0,0],"8":[0,0],"9":[0,0],"10":[0,0]}}
,"/home/ubuntu/repos/.worktrees/com.lotto.service.sso-player/ratchet-green/src/modules/auth/controller/remove-permissions.controller.ts": {"path":"/home/ubuntu/repos/.worktrees/com.lotto.service.sso-player/ratchet-green/src/modules/auth/controller/remove-permissions.controller.ts","statementMap":{"0":{"start":{"line":1,"column":0},"end":{"line":1,"column":null}},"1":{"start":{"line":10,"column":0},"end":{"line":10,"column":80}},"2":{"start":{"line":12,"column":0},"end":{"line":12,"column":77}},"3":{"start":{"line":13,"column":0},"end":{"line":13,"column":81}},"4":{"start":{"line":14,"column":0},"end":{"line":14,"column":69}},"5":{"start":{"line":15,"column":0},"end":{"line":15,"column":56}},"6":{"start":{"line":16,"column":0},"end":{"line":16,"column":61}},"7":{"start":{"line":17,"column":0},"end":{"line":17,"column":55}},"8":{"start":{"line":32,"column":40},"end":{"line":138,"column":null}},"9":{"start":{"line":34,"column":21},"end":{"line":34,"column":34}},"10":{"start":{"line":35,"column":21},"end":{"line":35,"column":29}},"11":{"start":{"line":115,"column":4},"end":{"line":118,"column":7}},"12":{"start":{"line":120,"column":4},"end":{"line":136,"column":5}},"13":{"start":{"line":121,"column":6},"end":{"line":125,"column":8}},"14":{"start":{"line":127,"column":6},"end":{"line":127,"column":71}},"15":{"start":{"line":128,"column":6},"end":{"line":134,"column":7}},"16":{"start":{"line":129,"column":8},"end":{"line":133,"column":11}},"17":{"start":{"line":135,"column":6},"end":{"line":135,"column":18}},"18":{"start":{"line":32,"column":13},"end":{"line":32,"column":40}},"19":{"start":{"line":110,"column":8},"end":{"line":137,"column":null}},"20":{"start":{"line":32,"column":13},"end":{"line":138,"column":null}}},"fnMap":{"0":{"name":"(anonymous_4)","decl":{"start":{"line":33,"column":2},"end":{"line":33,"column":null}},"loc":{"start":{"line":37,"column":5},"end":{"line":38,"column":6}}},"1":{"name":"(anonymous_5)","decl":{"start":{"line":110,"column":2},"end":{"line":110,"column":7}},"loc":{"start":{"line":113,"column":49},"end":{"line":137,"column":3}}}},"branchMap":{"0":{"loc":{"start":{"line":35,"column":21},"end":{"line":36,"column":null}},"type":"default-arg","locations":[{"start":{"line":35,"column":38},"end":{"line":36,"column":null}}]},"1":{"loc":{"start":{"line":128,"column":6},"end":{"line":134,"column":7}},"type":"if","locations":[{"start":{"line":128,"column":6},"end":{"line":134,"column":7}}]},"2":{"loc":{"start":{"line":111,"column":20},"end":{"line":111,"column":null}},"type":"cond-expr","locations":[{"start":{"line":111,"column":27},"end":{"line":111,"column":null}},{"start":{"line":111,"column":27},"end":{"line":111,"column":null}}]},"3":{"loc":{"start":{"line":111,"column":20},"end":{"line":111,"column":27}},"type":"binary-expr","locations":[{"start":{"line":111,"column":20},"end":{"line":111,"column":null}},{"start":{"line":111,"column":20},"end":{"line":111,"column":27}}]},"4":{"loc":{"start":{"line":111,"column":27},"end":{"line":112,"column":null}},"type":"cond-expr","locations":[{"start":{"line":112,"column":37},"end":{"line":112,"column":null}},{"start":{"line":112,"column":37},"end":{"line":112,"column":null}}]},"5":{"loc":{"start":{"line":111,"column":27},"end":{"line":112,"column":37}},"type":"binary-expr","locations":[{"start":{"line":111,"column":27},"end":{"line":112,"column":null}},{"start":{"line":112,"column":17},"end":{"line":112,"column":37}}]},"6":{"loc":{"start":{"line":114,"column":5},"end":{"line":114,"column":null}},"type":"cond-expr","locations":[{"start":{"line":114,"column":12},"end":{"line":114,"column":null}},{"start":{"line":114,"column":12},"end":{"line":114,"column":null}}]},"7":{"loc":{"start":{"line":114,"column":5},"end":{"line":114,"column":12}},"type":"binary-expr","locations":[{"start":{"line":114,"column":5},"end":{"line":114,"column":null}},{"start":{"line":114,"column":5},"end":{"line":114,"column":12}}]},"8":{"loc":{"start":{"line":34,"column":34},"end":{"line":34,"column":null}},"type":"cond-expr","locations":[{"start":{"line":34,"column":45},"end":{"line":34,"column":null}},{"start":{"line":34,"column":45},"end":{"line":34,"column":null}}]},"9":{"loc":{"start":{"line":34,"column":34},"end":{"line":34,"column":45}},"type":"binary-expr","locations":[{"start":{"line":34,"column":34},"end":{"line":34,"column":null}},{"start":{"line":34,"column":34},"end":{"line":34,"column":45}}]},"10":{"loc":{"start":{"line":34,"column":45},"end":{"line":35,"column":38}},"type":"cond-expr","locations":[{"start":{"line":35,"column":35},"end":{"line":35,"column":38}},{"start":{"line":35,"column":35},"end":{"line":35,"column":38}}]},"11":{"loc":{"start":{"line":34,"column":45},"end":{"line":35,"column":35}},"type":"binary-expr","locations":[{"start":{"line":34,"column":45},"end":{"line":35,"column":38}},{"start":{"line":35,"column":29},"end":{"line":35,"column":35}}]}},"s":{"0":0,"1":0,"2":0,"3":0,"4":0,"5":0,"6":0,"7":0,"8":0,"9":0,"10":0,"11":0,"12":0,"13":0,"14":0,"15":0,"16":0,"17":0,"18":0,"19":0,"20":0},"f":{"0":0,"1":0},"b":{"0":[0],"1":[0],"2":[0,0],"3":[0,0],"4":[0,0],"5":[0,0],"6":[0,0],"7":[0,0],"8":[0,0],"9":[0,0],"10":[0,0],"11":[0,0]}}
[...]
,"/home/ubuntu/repos/.worktrees/com.lotto.service.sso-player/ratchet-green/src/scripts/create-test-user.ts": {"path":"/home/ubuntu/repos/.worktrees/com.lotto.service.sso-player/ratchet-green/src/scripts/create-test-user.ts","statementMap":{"0":{"start":{"line":1,"column":0},"end":{"line":1,"column":40}},"1":{"start":{"line":2,"column":0},"end":{"line":2,"column":43}},"2":{"start":{"line":3,"column":0},"end":{"line":3,"column":33}},"3":{"start":{"line":5,"column":0},"end":{"line":5,"column":46}},"4":{"start":{"line":6,"column":0},"end":{"line":6,"column":65}},"5":{"start":{"line":8,"column":15},"end":{"line":8,"column":43}},"6":{"start":{"line":11,"column":2},"end":{"line":249,"column":3}},"7":{"start":{"line":13,"column":16},"end":{"line":13,"column":69}},"8":{"start":{"line":14,"column":19},"end":{"line":14,"column":41}},"9":{"start":{"line":17,"column":21},"end":{"line":17,"column":31}},"10":{"start":{"line":18,"column":21},"end":{"line":18,"column":32}},"11":{"start":{"line":21,"column":25},"end":{"line":23,"column":6}},"12":{"start":{"line":25,"column":4},"end":{"line":57,"column":5}},"13":{"start":{"line":26,"column":6},"end":{"line":26,"column":77}},"14":{"start":{"line":29,"column":29},"end":{"line":29,"column":60}},"15":{"start":{"line":32,"column":6},"end":{"line":38,"column":9}},"16":{"start":{"line":40,"column":6},"end":{"line":40,"column":55}},"17":{"start":{"line":42,"column":6},"end":{"line":42,"column":46}},"18":{"start":{"line":45,"column":29},"end":{"line":45,"column":60}},"19":{"start":{"line":48,"column":19},"end":{"line":54,"column":8}},"20":{"start":{"line":56,"column":6},"end":{"line":56,"column":53}},"21":{"start":{"line":60,"column":17},"end":{"line":62,"column":6}},"22":{"start":{"line":64,"column":4},"end":{"line":68,"column":5}},"23":{"start":{"line":65,"column":6},"end":{"line":65,"column":50}},"24":{"start":{"line":66,"column":6},"end":{"line":66,"column":24}},"25":{"start":{"line":67,"column":6},"end":{"line":67,"column":22}},"26":{"start":{"line":71,"column":20},"end":{"line":73,"column":6}},"27":{"start":{"line":75,"column":4},"end":{"line":84,"column":5}},"28":{"start":{"line":76,"column":6},"end":{"line":76,"column":57}},"29":{"start":{"line":77,"column":6},"end":{"line":82,"column":9}},"30":{"start":{"line":83,"column":6},"end":{"line":83,"column":64}},"31":{"start":{"line":87,"column":29},"end":{"line":92,"column":6}},"32":{"start":{"line":94,"column":4},"end":{"line":104,"column":5}},"33":{"start":{"line":95,"column":6},"end":{"line":100,"column":9}},"34":{"start":{"line":101,"column":6},"end":{"line":101,"column":48}},"35":{"start":{"line":103,"column":6},"end":{"line":103,"column":48}},"36":{"start":{"line":107,"column":24},"end":{"line":160,"column":6}},"37":{"start":{"line":162,"column":4},"end":{"line":162,"column":42}},"38":{"start":{"line":163,"column":4},"end":{"line":203,"column":5}},"39":{"start":{"line":164,"column":23},"end":{"line":166,"column":8}},"40":{"start":{"line":168,"column":6},"end":{"line":202,"column":7}},"41":{"start":{"line":169,"column":24},"end":{"line":171,"column":10}},"42":{"start":{"line":172,"column":8},"end":{"line":172,"column":55}},"43":{"start":{"line":175,"column":8},"end":{"line":180,"column":11}},"44":{"start":{"line":181,"column":8},"end":{"line":181,"column":70}},"45":{"start":{"line":184,"column":31},"end":{"line":189,"column":10}},"46":{"start":{"line":191,"column":8},"end":{"line":201,"column":9}},"47":{"start":{"line":192,"column":10},"end":{"line":197,"column":13}},"48":{"start":{"line":198,"column":10},"end":{"line":200,"column":12}},"49":{"start":{"line":206,"column":22},"end":{"line":223,"column":6}},"50":{"start":{"line":225,"column":4},"end":{"line":225,"column":70}},"51":{"start":{"line":226,"column":4},"end":{"line":226,"column":68}},"52":{"start":{"line":227,"column":4},"end":{"line":227,"column":70}},"53":{"start":{"line":228,"column":4},"end":{"line":228,"column":38}},"54":{"start":{"line":229,"column":4},"end":{"line":229,"column":39}},"55":{"start":{"line":230,"column":4},"end":{"line":230,"column":20}},"56":{"start":{"line":231,"column":4},"end":{"line":231,"column":26}},"57":{"start":{"line":232,"column":4},"end":{"line":234,"column":7}},"58":{"start":{"line":233,"column":6},"end":{"line":233,"column":41}},"59":{"start":{"line":235,"column":4},"end":{"line":235,"column":20}},"60":{"start":{"line":236,"column":4},"end":{"line":236,"column":32}},"61":{"start":{"line":237,"column":4},"end":{"line":241,"column":7}},"62":{"start":{"line":238,"column":6},"end":{"line":240,"column":9}},"63":{"start":{"line":239,"column":8},"end":{"line":239,"column":49}},"64":{"start":{"line":242,"column":4},"end":{"line":242,"column":70}},"65":{"start":{"line":244,"column":4},"end":{"line":244,"column":22}},"66":{"start":{"line":245,"column":4},"end":{"line":245,"column":20}},"67":{"start":{"line":247,"column":4},"end":{"line":247,"column":53}},"68":{"start":{"line":248,"column":4},"end":{"line":248,"column":20}},"69":{"start":{"line":252,"column":0},"end":{"line":252,"column":17}}},"fnMap":{"0":{"name":"createTestUser","decl":{"start":{"line":10,"column":15},"end":{"line":10,"column":29}},"loc":{"start":{"line":10,"column":29},"end":{"line":250,"column":1}}},"1":{"name":"(anonymous_10)","decl":{"start":{"line":232,"column":29},"end":{"line":232,"column":30}},"loc":{"start":{"line":232,"column":36},"end":{"line":234,"column":5}}},"2":{"name":"(anonymous_11)","decl":{"start":{"line":237,"column":29},"end":{"line":237,"column":30}},"loc":{"start":{"line":237,"column":36},"end":{"line":241,"column":5}}},"3":{"name":"(anonymous_12)","decl":{"start":{"line":238,"column":34},"end":{"line":238,"column":35}},"loc":{"start":{"line":238,"column":41},"end":{"line":240,"column":7}}}},"branchMap":{"0":{"loc":{"start":{"line":25,"column":4},"end":{"line":57,"column":5}},"type":"if","locations":[{"start":{"line":25,"column":4},"end":{"line":57,"column":5}},{"start":{"line":41,"column":11},"end":{"line":57,"column":5}}]},"1":{"loc":{"start":{"line":64,"column":4},"end":{"line":68,"column":5}},"type":"if","locations":[{"start":{"line":64,"column":4},"end":{"line":68,"column":5}}]},"2":{"loc":{"start":{"line":75,"column":4},"end":{"line":84,"column":5}},"type":"if","locations":[{"start":{"line":75,"column":4},"end":{"line":84,"column":5}}]},"3":{"loc":{"start":{"line":94,"column":4},"end":{"line":104,"column":5}},"type":"if","locations":[{"start":{"line":94,"column":4},"end":{"line":104,"column":5}},{"start":{"line":102,"column":11},"end":{"line":104,"column":5}}]},"4":{"loc":{"start":{"line":168,"column":6},"end":{"line":202,"column":7}},"type":"if","locations":[{"start":{"line":168,"column":6},"end":{"line":202,"column":7}},{"start":{"line":182,"column":13},"end":{"line":202,"column":7}}]},"5":{"loc":{"start":{"line":191,"column":8},"end":{"line":201,"column":9}},"type":"if","locations":[{"start":{"line":191,"column":8},"end":{"line":201,"column":9}}]}},"s":{"0":0,"1":0,"2":0,"3":0,"4":0,"5":0,"6":0,"7":0,"8":0,"9":0,"10":0,"11":0,"12":0,"13":0,"14":0,"15":0,"16":0,"17":0,"18":0,"19":0,"20":0,"21":0,"22":0,"23":0,"24":0,"25":0,"26":0,"27":0,"28":0,"29":0,"30":0,"31":0,"32":0,"33":0,"34":0,"35":0,"36":0,"37":0,"38":0,"39":0,"40":0,"41":0,"42":0,"43":0,"44":0,"45":0,"46":0,"47":0,"48":0,"49":0,"50":0,"51":0,"52":0,"53":0,"54":0,"55":0,"56":0,"57":0,"58":0,"59":0,"60":0,"61":0,"62":0,"63":0,"64":0,"65":0,"66":0,"67":0,"68":0,"69":0},"f":{"0":0,"1":0,"2":0,"3":0},"b":{"0":[0,0],"1":[0],"2":[0],"3":[0,0],"4":[0,0],"5":[0]}}
,"/home/ubuntu/repos/.worktrees/com.lotto.service.sso-player/ratchet-green/src/scripts/reset-admin-password.ts": {"path":"/home/ubuntu/repos/.worktrees/com.lotto.service.sso-player/ratchet-green/src/scripts/reset-admin-password.ts","statementMap":{"0":{"start":{"line":1,"column":0},"end":{"line":1,"column":33}},"1":{"start":{"line":3,"column":0},"end":{"line":3,"column":40}},"2":{"start":{"line":4,"column":0},"end":{"line":4,"column":43}},"3":{"start":{"line":5,"column":0},"end":{"line":5,"column":33}},"4":{"start":{"line":7,"column":0},"end":{"line":7,"column":46}},"5":{"start":{"line":8,"column":0},"end":{"line":8,"column":65}},"6":{"start":{"line":10,"column":15},"end":{"line":10,"column":47}},"7":{"start":{"line":13,"column":17},"end":{"line":13,"column":19}},"8":{"start":{"line":14,"column":25},"end":{"line":14,"column":53}},"9":{"start":{"line":15,"column":25},"end":{"line":15,"column":53}},"10":{"start":{"line":16,"column":22},"end":{"line":16,"column":34}},"11":{"start":{"line":17,"column":23},"end":{"line":17,"column":51}},"12":{"start":{"line":20,"column":17},"end":{"line":20,"column":19}},"13":{"start":{"line":21,"column":2},"end":{"line":21,"column":70}},"14":{"start":{"line":22,"column":2},"end":{"line":22,"column":70}},"15":{"start":{"line":23,"column":2},"end":{"line":23,"column":64}},"16":{"start":{"line":24,"column":2},"end":{"line":24,"column":66}},"17":{"start":{"line":27,"column":19},"end":{"line":27,"column":79}},"18":{"start":{"line":28,"column":2},"end":{"line":30,"column":3}},"19":{"start":{"line":28,"column":15},"end":{"line":28,"column":30}},"20":{"start":{"line":29,"column":4},"end":{"line":29,"column":60}},"21":{"start":{"line":33,"column":2},"end":{"line":36,"column":14}},"22":{"start":{"line":35,"column":16},"end":{"line":35,"column":39}},"23":{"start":{"line":40,"column":2},"end":{"line":78,"column":3}},"24":{"start":{"line":42,"column":16},"end":{"line":42,"column":69}},"25":{"start":{"line":43,"column":19},"end":{"line":43,"column":41}},"26":{"start":{"line":46,"column":22},"end":{"line":48,"column":6}},"27":{"start":{"line":50,"column":4},"end":{"line":54,"column":5}},"28":{"start":{"line":51,"column":6},"end":{"line":51,"column":43}},"29":{"start":{"line":52,"column":6},"end":{"line":52,"column":24}},"30":{"start":{"line":53,"column":6},"end":{"line":53,"column":22}},"31":{"start":{"line":57,"column":24},"end":{"line":57,"column":48}},"32":{"start":{"line":58,"column":27},"end":{"line":58,"column":61}},"33":{"start":{"line":61,"column":4},"end":{"line":64,"column":7}},"34":{"start":{"line":66,"column":4},"end":{"line":66,"column":70}},"35":{"start":{"line":67,"column":4},"end":{"line":67,"column":60}},"36":{"start":{"line":68,"column":4},"end":{"line":68,"column":49}},"37":{"start":{"line":69,"column":4},"end":{"line":69,"column":35}},"38":{"start":{"line":70,"column":4},"end":{"line":70,"column":44}},"39":{"start":{"line":71,"column":4},"end":{"line":71,"column":70}},"40":{"start":{"line":73,"column":4},"end":{"line":73,"column":22}},"41":{"start":{"line":74,"column":4},"end":{"line":74,"column":20}},"42":{"start":{"line":76,"column":4},"end":{"line":76,"column":59}},"43":{"start":{"line":77,"column":4},"end":{"line":77,"column":20}},"44":{"start":{"line":81,"column":0},"end":{"line":81,"column":21}}},"fnMap":{"0":{"name":"generateSecurePassword","decl":{"start":{"line":12,"column":9},"end":{"line":12,"column":31}},"loc":{"start":{"line":12,"column":31},"end":{"line":37,"column":1}}},"1":{"name":"(anonymous_10)","decl":{"start":{"line":35,"column":10},"end":{"line":35,"column":13}},"loc":{"start":{"line":35,"column":16},"end":{"line":35,"column":39}}},"2":{"name":"resetAdminPassword","decl":{"start":{"line":39,"column":15},"end":{"line":39,"column":33}},"loc":{"start":{"line":39,"column":33},"end":{"line":79,"column":1}}}},"branchMap":{"0":{"loc":{"start":{"line":50,"column":4},"end":{"line":54,"column":5}},"type":"if","locations":[{"start":{"line":50,"column":4},"end":{"line":54,"column":5}}]}},"s":{"0":0,"1":0,"2":0,"3":0,"4":0,"5":0,"6":0,"7":0,"8":0,"9":0,"10":0,"11":0,"12":0,"13":0,"14":0,"15":0,"16":0,"17":0,"18":0,"19":0,"20":0,"21":0,"22":0,"23":0,"24":0,"25":0,"26":0,"27":0,"28":0,"29":0,"30":0,"31":0,"32":0,"33":0,"34":0,"35":0,"36":0,"37":0,"38":0,"39":0,"40":0,"41":0,"42":0,"43":0,"44":0},"f":{"0":0,"1":0,"2":0},"b":{"0":[0]}}
,"/home/ubuntu/repos/.worktrees/com.lotto.service.sso-player/ratchet-green/src/utils/case-converter.ts": {"path":"/home/ubuntu/repos/.worktrees/com.lotto.service.sso-player/ratchet-green/src/utils/case-converter.ts","statementMap":{"0":{"start":{"line":1,"column":0},"end":{"line":1,"column":16}},"1":{"start":{"line":5,"column":0},"end":{"line":5,"column":16}},"2":{"start":{"line":2,"column":2},"end":{"line":2,"column":71}},"3":{"start":{"line":2,"column":43},"end":{"line":2,"column":69}},"4":{"start":{"line":6,"column":2},"end":{"line":6,"column":71}},"5":{"start":{"line":6,"column":49},"end":{"line":6,"column":69}}},"fnMap":{"0":{"name":"camelToSnakeCase","decl":{"start":{"line":1,"column":16},"end":{"line":1,"column":32}},"loc":{"start":{"line":1,"column":44},"end":{"line":3,"column":1}}},"1":{"name":"(anonymous_1)","decl":{"start":{"line":2,"column":31},"end":{"line":2,"column":32}},"loc":{"start":{"line":2,"column":43},"end":{"line":2,"column":69}}},"2":{"name":"snakeToCamelCase","decl":{"start":{"line":5,"column":16},"end":{"line":5,"column":32}},"loc":{"start":{"line":5,"column":44},"end":{"line":7,"column":1}}},"3":{"name":"(anonymous_3)","decl":{"start":{"line":6,"column":34},"end":{"line":6,"column":35}},"loc":{"start":{"line":6,"column":49},"end":{"line":6,"column":69}}}},"branchMap":{},"s":{"0":0,"1":0,"2":0,"3":0,"4":0,"5":0},"f":{"0":0,"1":0,"2":0,"3":0},"b":{}}
,"/home/ubuntu/repos/.worktrees/com.lotto.service.sso-player/ratchet-green/src/utils/phone.ts": {"path":"/home/ubuntu/repos/.worktrees/com.lotto.service.sso-player/ratchet-green/src/utils/phone.ts","statementMap":{"0":{"start":{"line":26,"column":0},"end":{"line":26,"column":16}},"1":{"start":{"line":58,"column":0},"end":{"line":58,"column":16}},"2":{"start":{"line":76,"column":0},"end":{"line":76,"column":16}},"3":{"start":{"line":15,"column":24},"end":{"line":15,"column":68}},"4":{"start":{"line":18,"column":25},"end":{"line":18,"column":27}},"5":{"start":{"line":27,"column":2},"end":{"line":29,"column":3}},"6":{"start":{"line":28,"column":4},"end":{"line":28,"column":16}},"7":{"start":{"line":31,"column":15},"end":{"line":31,"column":37}},"8":{"start":{"line":32,"column":2},"end":{"line":34,"column":3}},"9":{"start":{"line":33,"column":4},"end":{"line":33,"column":16}},"10":{"start":{"line":37,"column":2},"end":{"line":41,"column":3}},"11":{"start":{"line":38,"column":4},"end":{"line":38,"column":29}},"12":{"start":{"line":39,"column":9},"end":{"line":41,"column":3}},"13":{"start":{"line":40,"column":4},"end":{"line":40,"column":29}},"14":{"start":{"line":44,"column":19},"end":{"line":44,"column":68}},"15":{"start":{"line":45,"column":2},"end":{"line":47,"column":3}},"16":{"start":{"line":46,"column":4},"end":{"line":46,"column":16}},"17":{"start":{"line":48,"column":2},"end":{"line":50,"column":3}},"18":{"start":{"line":48,"column":35},"end":{"line":48,"column":57}},"19":{"start":{"line":49,"column":4},"end":{"line":49,"column":16}},"20":{"start":{"line":52,"column":2},"end":{"line":52,"column":24}},"21":{"start":{"line":59,"column":2},"end":{"line":61,"column":3}},"22":{"start":{"line":60,"column":4},"end":{"line":60,"column":17}},"23":{"start":{"line":62,"column":2},"end":{"line":62,"column":80}},"24":{"start":{"line":77,"column":2},"end":{"line":77,"column":31}}},"fnMap":{"0":{"name":"normalizeVePhone","decl":{"start":{"line":26,"column":16},"end":{"line":26,"column":32}},"loc":{"start":{"line":26,"column":63},"end":{"line":53,"column":1}}},"1":{"name":"(anonymous_1)","decl":{"start":{"line":48,"column":28},"end":{"line":48,"column":29}},"loc":{"start":{"line":48,"column":35},"end":{"line":48,"column":57}}},"2":{"name":"isCanonicalVePhone","decl":{"start":{"line":58,"column":16},"end":{"line":58,"column":34}},"loc":{"start":{"line":58,"column":67},"end":{"line":63,"column":1}}},"3":{"name":"phoneLookupKey","decl":{"start":{"line":76,"column":16},"end":{"line":76,"column":30}},"loc":{"start":{"line":76,"column":61},"end":{"line":78,"column":1}}}},"branchMap":{"0":{"loc":{"start":{"line":27,"column":2},"end":{"line":29,"column":3}},"type":"if","locations":[{"start":{"line":27,"column":2},"end":{"line":29,"column":3}}]},"1":{"loc":{"start":{"line":27,"column":6},"end":{"line":27,"column":53}},"type":"binary-expr","locations":[{"start":{"line":27,"column":6},"end":{"line":27,"column":18}},{"start":{"line":27,"column":22},"end":{"line":27,"column":39}},{"start":{"line":27,"column":43},"end":{"line":27,"column":53}}]},"2":{"loc":{"start":{"line":32,"column":2},"end":{"line":34,"column":3}},"type":"if","locations":[{"start":{"line":32,"column":2},"end":{"line":34,"column":3}}]},"3":{"loc":{"start":{"line":37,"column":2},"end":{"line":41,"column":3}},"type":"if","locations":[{"start":{"line":37,"column":2},"end":{"line":41,"column":3}},{"start":{"line":39,"column":9},"end":{"line":41,"column":3}}]},"4":{"loc":{"start":{"line":39,"column":9},"end":{"line":41,"column":3}},"type":"if","locations":[{"start":{"line":39,"column":9},"end":{"line":41,"column":3}}]},"5":{"loc":{"start":{"line":39,"column":13},"end":{"line":39,"column":58}},"type":"binary-expr","locations":[{"start":{"line":39,"column":13},"end":{"line":39,"column":36}},{"start":{"line":39,"column":40},"end":{"line":39,"column":58}}]},"6":{"loc":{"start":{"line":44,"column":19},"end":{"line":44,"column":68}},"type":"cond-expr","locations":[{"start":{"line":44,"column":44},"end":{"line":44,"column":59}},{"start":{"line":44,"column":62},"end":{"line":44,"column":68}}]},"7":{"loc":{"start":{"line":45,"column":2},"end":{"line":47,"column":3}},"type":"if","locations":[{"start":{"line":45,"column":2},"end":{"line":47,"column":3}}]},"8":{"loc":{"start":{"line":48,"column":2},"end":{"line":50,"column":3}},"type":"if","locations":[{"start":{"line":48,"column":2},"end":{"line":50,"column":3}}]},"9":{"loc":{"start":{"line":59,"column":2},"end":{"line":61,"column":3}},"type":"if","locations":[{"start":{"line":59,"column":2},"end":{"line":61,"column":3}}]},"10":{"loc":{"start":{"line":59,"column":6},"end":{"line":59,"column":59}},"type":"binary-expr","locations":[{"start":{"line":59,"column":6},"end":{"line":59,"column":20}},{"start":{"line":59,"column":24},"end":{"line":59,"column":43}},{"start":{"line":59,"column":47},"end":{"line":59,"column":59}}]},"11":{"loc":{"start":{"line":62,"column":9},"end":{"line":62,"column":79}},"type":"binary-expr","locations":[{"start":{"line":62,"column":9},"end":{"line":62,"column":42}},{"start":{"line":62,"column":46},"end":{"line":62,"column":79}}]}},"s":{"0":6,"1":6,"2":6,"3":6,"4":6,"5":32,"6":4,"7":28,"8":28,"9":3,"10":25,"11":1,"12":24,"13":4,"14":25,"15":25,"16":5,"17":20,"18":36,"19":1,"20":19,"21":7,"22":3,"23":4,"24":8},"f":{"0":32,"1":36,"2":7,"3":8},"b":{"0":[4],"1":[32,31,30],"2":[3],"3":[1,24],"4":[4],"5":[24,4],"6":[8,17],"7":[5],"8":[1],"9":[3],"10":[7,6,5],"11":[4,1]}}
}
